Initialized native services in: C:\Users\Sosuk\.gradle\native
Initialized jansi services in: C:\Users\Sosuk\.gradle\native
The client will now receive all logging from the daemon (pid: 16436). The daemon log file: C:\Users\Sosuk\.gradle\daemon\9.0.0\daemon-16436.out.log
Starting 2nd build in daemon [uptime: 1 mins 38.442 secs, performance: 100%, GC rate: 0.00/s, heap usage: 0% of 2 GiB, non-heap usage: 33% of 512 MiB]
Using 20 worker leases.
Now considering [D:\MyProjectsUAI\weejobs\android, D:\MyProjectsUAI\weejobs\node_modules\expo-modules-core\expo-module-gradle-plugin, D:\MyProjectsUAI\weejobs\node_modules\expo-modules-autolinking\android\expo-gradle-plugin, D:\MyProjectsUAI\weejobs\node_modules\@react-native\gradle-plugin] as hierarchies to watch
Watching the file system is configured to be enabled if available
File system watching is active
Starting Build
Starting process 'command 'node''. Working directory: D:\MyProjectsUAI\weejobs\android Command: node --print require.resolve('@react-native/gradle-plugin/package.json', { paths: [require.resolve('react-native/package.json')] })
Successfully started process 'command 'node''
Starting process 'command 'node''. Working directory: D:\MyProjectsUAI\weejobs\android Command: node --print require.resolve('expo-modules-autolinking/package.json', { paths: [require.resolve('expo/package.json')] })
Successfully started process 'command 'node''
Now considering [D:\MyProjectsUAI\weejobs\node_modules\@react-native\gradle-plugin, D:\MyProjectsUAI\weejobs\android, D:\MyProjectsUAI\weejobs\node_modules\expo-modules-core\expo-module-gradle-plugin, D:\MyProjectsUAI\weejobs\node_modules\expo-modules-autolinking\android\expo-gradle-plugin] as hierarchies to watch
Now considering [D:\MyProjectsUAI\weejobs\node_modules\expo-modules-autolinking\android\expo-gradle-plugin, D:\MyProjectsUAI\weejobs\node_modules\@react-native\gradle-plugin, D:\MyProjectsUAI\weejobs\android, D:\MyProjectsUAI\weejobs\node_modules\expo-modules-core\expo-module-gradle-plugin] as hierarchies to watch

> Configure project :gradle-plugin
Evaluating project ':gradle-plugin' using build file 'D:\MyProjectsUAI\weejobs\node_modules\@react-native\gradle-plugin\build.gradle.kts'.
Resolved plugin [id: 'org.jetbrains.kotlin.jvm', version: '2.1.20', apply: false]
Resolved plugin [id: 'com.ncorti.ktfmt.gradle', version: '0.22.0']

> Configure project :gradle-plugin:react-native-gradle-plugin
Evaluating project ':gradle-plugin:react-native-gradle-plugin' using build file 'D:\MyProjectsUAI\weejobs\node_modules\@react-native\gradle-plugin\react-native-gradle-plugin\build.gradle.kts'.
Resolved plugin [id: 'org.jetbrains.kotlin.jvm', version: '2.1.20']
Resolved plugin [id: 'com.ncorti.ktfmt.gradle', version: '0.22.0']
Resolved plugin [id: 'java-gradle-plugin']
Build cf9670c1-e88a-4716-82d9-6e7fc6c69c42 is started
Using Kotlin Gradle Plugin gradle85 variant
kotlin scripting plugin: created the scripting discovery configuration: kotlinScriptDef
kotlin scripting plugin: created the scripting discovery configuration: testKotlinScriptDef

> Configure project :gradle-plugin:settings-plugin
Evaluating project ':gradle-plugin:settings-plugin' using build file 'D:\MyProjectsUAI\weejobs\node_modules\@react-native\gradle-plugin\settings-plugin\build.gradle.kts'.
Resolved plugin [id: 'org.jetbrains.kotlin.jvm', version: '2.1.20']
Resolved plugin [id: 'com.ncorti.ktfmt.gradle', version: '0.22.0']
Resolved plugin [id: 'java-gradle-plugin']
Using Kotlin Gradle Plugin gradle85 variant
kotlin scripting plugin: created the scripting discovery configuration: kotlinScriptDef
kotlin scripting plugin: created the scripting discovery configuration: testKotlinScriptDef

> Configure project :gradle-plugin:shared
Evaluating project ':gradle-plugin:shared' using build file 'D:\MyProjectsUAI\weejobs\node_modules\@react-native\gradle-plugin\shared\build.gradle.kts'.
Resolved plugin [id: 'org.jetbrains.kotlin.jvm', version: '2.1.20']
Resolved plugin [id: 'com.ncorti.ktfmt.gradle', version: '0.22.0']
Using Kotlin Gradle Plugin gradle85 variant
kotlin scripting plugin: created the scripting discovery configuration: kotlinScriptDef
kotlin scripting plugin: created the scripting discovery configuration: testKotlinScriptDef

> Configure project :gradle-plugin:shared-testutil
Evaluating project ':gradle-plugin:shared-testutil' using build file 'D:\MyProjectsUAI\weejobs\node_modules\@react-native\gradle-plugin\shared-testutil\build.gradle.kts'.
Resolved plugin [id: 'org.jetbrains.kotlin.jvm', version: '2.1.20']
Resolved plugin [id: 'com.ncorti.ktfmt.gradle', version: '0.22.0']
Using Kotlin Gradle Plugin gradle85 variant
kotlin scripting plugin: created the scripting discovery configuration: kotlinScriptDef
kotlin scripting plugin: created the scripting discovery configuration: testKotlinScriptDef
Resolved plugin [id: 'com.facebook.react.settings']

> Configure project :expo-gradle-plugin
Evaluating project ':expo-gradle-plugin' using build file 'D:\MyProjectsUAI\weejobs\node_modules\expo-modules-autolinking\android\expo-gradle-plugin\build.gradle.kts'.
Resolved plugin [id: 'org.jetbrains.kotlin.jvm', version: '2.1.20', apply: false]
Resolved plugin [id: 'java-gradle-plugin']

> Configure project :expo-gradle-plugin:expo-autolinking-plugin
Evaluating project ':expo-gradle-plugin:expo-autolinking-plugin' using build file 'D:\MyProjectsUAI\weejobs\node_modules\expo-modules-autolinking\android\expo-gradle-plugin\expo-autolinking-plugin\build.gradle.kts'.
Resolved plugin [id: 'org.jetbrains.kotlin.jvm']
Resolved plugin [id: 'java-gradle-plugin']
Build 692d6cbe-3638-452f-b5d0-ac7b650a2e9f is started
Using Kotlin Gradle Plugin gradle85 variant
kotlin scripting plugin: created the scripting discovery configuration: kotlinScriptDef
kotlin scripting plugin: created the scripting discovery configuration: testKotlinScriptDef

> Configure project :expo-gradle-plugin:expo-autolinking-plugin-shared
Evaluating project ':expo-gradle-plugin:expo-autolinking-plugin-shared' using build file 'D:\MyProjectsUAI\weejobs\node_modules\expo-modules-autolinking\android\expo-gradle-plugin\expo-autolinking-plugin-shared\build.gradle.kts'.
Resolved plugin [id: 'org.jetbrains.kotlin.jvm']
Resolved plugin [id: 'org.jetbrains.kotlin.plugin.serialization', version: '1.9.24']
Using Kotlin Gradle Plugin gradle85 variant
kotlin scripting plugin: created the scripting discovery configuration: kotlinScriptDef
kotlin scripting plugin: created the scripting discovery configuration: testKotlinScriptDef

> Configure project :expo-gradle-plugin:expo-autolinking-settings-plugin
Evaluating project ':expo-gradle-plugin:expo-autolinking-settings-plugin' using build file 'D:\MyProjectsUAI\weejobs\node_modules\expo-modules-autolinking\android\expo-gradle-plugin\expo-autolinking-settings-plugin\build.gradle.kts'.
Resolved plugin [id: 'org.jetbrains.kotlin.jvm']
Resolved plugin [id: 'java-gradle-plugin']
Using Kotlin Gradle Plugin gradle85 variant
kotlin scripting plugin: created the scripting discovery configuration: kotlinScriptDef
kotlin scripting plugin: created the scripting discovery configuration: testKotlinScriptDef

> Configure project :expo-gradle-plugin:expo-max-sdk-override-plugin
Evaluating project ':expo-gradle-plugin:expo-max-sdk-override-plugin' using build file 'D:\MyProjectsUAI\weejobs\node_modules\expo-modules-autolinking\android\expo-gradle-plugin\expo-max-sdk-override-plugin\build.gradle.kts'.
Resolved plugin [id: 'org.jetbrains.kotlin.jvm']
Resolved plugin [id: 'java-gradle-plugin']
Using Kotlin Gradle Plugin gradle85 variant
kotlin scripting plugin: created the scripting discovery configuration: kotlinScriptDef
kotlin scripting plugin: created the scripting discovery configuration: testKotlinScriptDef
Resolved plugin [id: 'expo-autolinking-settings']
Resolved plugin [id: 'org.gradle.toolchains.foojay-resolver-convention', version: '1.0.0']
Resolve mutations for :gradle-plugin:settings-plugin:checkKotlinGradlePluginConfigurationErrors (Thread[included builds Thread 2,5,main]) started.
Resolve mutations for :gradle-plugin:shared:checkKotlinGradlePluginConfigurationErrors (Thread[Execution worker,5,main]) started.
Resolve mutations for :expo-gradle-plugin:expo-autolinking-plugin-shared:checkKotlinGradlePluginConfigurationErrors (Thread[Execution worker Thread 3,5,main]) started.
Resolve mutations for :expo-gradle-plugin:expo-autolinking-settings-plugin:checkKotlinGradlePluginConfigurationErrors (Thread[Execution worker Thread 7,5,main]) started.
:gradle-plugin:shared:checkKotlinGradlePluginConfigurationErrors (Thread[Execution worker,5,main]) started.
:gradle-plugin:settings-plugin:checkKotlinGradlePluginConfigurationErrors (Thread[included builds Thread 2,5,main]) started.
:expo-gradle-plugin:expo-autolinking-settings-plugin:checkKotlinGradlePluginConfigurationErrors (Thread[Execution worker Thread 7,5,main]) started.
:expo-gradle-plugin:expo-autolinking-plugin-shared:checkKotlinGradlePluginConfigurationErrors (Thread[Execution worker Thread 3,5,main]) started.

> Task :expo-gradle-plugin:expo-autolinking-plugin-shared:checkKotlinGradlePluginConfigurationErrors SKIPPED
Skipping task ':expo-gradle-plugin:expo-autolinking-plugin-shared:checkKotlinGradlePluginConfigurationErrors' as task onlyIf 'errorDiagnostics are present' is false.

> Task :expo-gradle-plugin:expo-autolinking-settings-plugin:checkKotlinGradlePluginConfigurationErrors SKIPPED
Skipping task ':expo-gradle-plugin:expo-autolinking-settings-plugin:checkKotlinGradlePluginConfigurationErrors' as task onlyIf 'errorDiagnostics are present' is false.
Resolve mutations for :expo-gradle-plugin:expo-autolinking-settings-plugin:pluginDescriptors (Thread[Execution worker Thread 7,5,main]) started.
Resolve mutations for :expo-gradle-plugin:expo-autolinking-plugin-shared:compileKotlin (Thread[Execution worker Thread 3,5,main]) started.

> Task :gradle-plugin:settings-plugin:checkKotlinGradlePluginConfigurationErrors SKIPPED
Skipping task ':gradle-plugin:settings-plugin:checkKotlinGradlePluginConfigurationErrors' as task onlyIf 'errorDiagnostics are present' is false.
:expo-gradle-plugin:expo-autolinking-settings-plugin:pluginDescriptors (Thread[Execution worker Thread 7,5,main]) started.
Resolve mutations for :gradle-plugin:settings-plugin:pluginDescriptors (Thread[included builds Thread 2,5,main]) started.

> Task :gradle-plugin:shared:checkKotlinGradlePluginConfigurationErrors SKIPPED
Skipping task ':gradle-plugin:shared:checkKotlinGradlePluginConfigurationErrors' as task onlyIf 'errorDiagnostics are present' is false.
:expo-gradle-plugin:expo-autolinking-plugin-shared:compileKotlin (Thread[Execution worker Thread 3,5,main]) started.
:gradle-plugin:settings-plugin:pluginDescriptors (Thread[included builds Thread 2,5,main]) started.
Resolve mutations for :gradle-plugin:shared:compileKotlin (Thread[Execution worker Thread 9,5,main]) started.

> Task :expo-gradle-plugin:expo-autolinking-settings-plugin:pluginDescriptors UP-TO-DATE
Caching disabled for task ':expo-gradle-plugin:expo-autolinking-settings-plugin:pluginDescriptors' because:
  Build cache is disabled
  Not worth caching
Skipping task ':expo-gradle-plugin:expo-autolinking-settings-plugin:pluginDescriptors' as it is up-to-date.
:gradle-plugin:shared:compileKotlin (Thread[Execution worker Thread 9,5,main]) started.
Resolve mutations for :expo-gradle-plugin:expo-autolinking-settings-plugin:processResources (Thread[Execution worker Thread 11,5,main]) started.
:expo-gradle-plugin:expo-autolinking-settings-plugin:processResources (Thread[Execution worker Thread 11,5,main]) started.

> Task :gradle-plugin:settings-plugin:pluginDescriptors UP-TO-DATE
Caching disabled for task ':gradle-plugin:settings-plugin:pluginDescriptors' because:
  Build cache is disabled
  Not worth caching
Skipping task ':gradle-plugin:settings-plugin:pluginDescriptors' as it is up-to-date.
Resolve mutations for :gradle-plugin:settings-plugin:processResources (Thread[included builds Thread 2,5,main]) started.
:gradle-plugin:settings-plugin:processResources (Thread[included builds Thread 2,5,main]) started.

> Task :expo-gradle-plugin:expo-autolinking-settings-plugin:processResources UP-TO-DATE
Caching disabled for task ':expo-gradle-plugin:expo-autolinking-settings-plugin:processResources' because:
  Build cache is disabled
  Not worth caching
Skipping task ':expo-gradle-plugin:expo-autolinking-settings-plugin:processResources' as it is up-to-date.

> Task :gradle-plugin:settings-plugin:processResources UP-TO-DATE
Caching disabled for task ':gradle-plugin:settings-plugin:processResources' because:
  Build cache is disabled
  Not worth caching
Skipping task ':gradle-plugin:settings-plugin:processResources' as it is up-to-date.

> Task :expo-gradle-plugin:expo-autolinking-plugin-shared:compileKotlin UP-TO-DATE
Caching disabled for task ':expo-gradle-plugin:expo-autolinking-plugin-shared:compileKotlin' because:
  Build cache is disabled
Skipping task ':expo-gradle-plugin:expo-autolinking-plugin-shared:compileKotlin' as it is up-to-date.
Resolve mutations for :expo-gradle-plugin:expo-autolinking-plugin-shared:compileJava (Thread[Execution worker Thread 3,5,main]) started.

> Task :gradle-plugin:shared:compileKotlin UP-TO-DATE
Caching disabled for task ':gradle-plugin:shared:compileKotlin' because:
  Build cache is disabled
Skipping task ':gradle-plugin:shared:compileKotlin' as it is up-to-date.
Resolve mutations for :gradle-plugin:shared:compileJava (Thread[Execution worker Thread 16,5,main]) started.
:gradle-plugin:shared:compileJava (Thread[Execution worker Thread 3,5,main]) started.
:expo-gradle-plugin:expo-autolinking-plugin-shared:compileJava (Thread[Execution worker Thread 9,5,main]) started.

> Task :gradle-plugin:shared:compileJava NO-SOURCE
Skipping task ':gradle-plugin:shared:compileJava' as it has no source files and no previous output files.

> Task :expo-gradle-plugin:expo-autolinking-plugin-shared:compileJava NO-SOURCE
Skipping task ':expo-gradle-plugin:expo-autolinking-plugin-shared:compileJava' as it has no source files and no previous output files.
Resolve mutations for :gradle-plugin:shared:processResources (Thread[Execution worker Thread 9,5,main]) started.
Resolve mutations for :expo-gradle-plugin:expo-autolinking-plugin-shared:processResources (Thread[Execution worker Thread 16,5,main]) started.
:gradle-plugin:shared:processResources (Thread[Execution worker Thread 9,5,main]) started.
:expo-gradle-plugin:expo-autolinking-plugin-shared:processResources (Thread[Execution worker Thread 16,5,main]) started.

> Task :gradle-plugin:shared:processResources NO-SOURCE
Skipping task ':gradle-plugin:shared:processResources' as it has no source files and no previous output files.
Resolve mutations for :gradle-plugin:shared:classes (Thread[Execution worker Thread 9,5,main]) started.

> Task :expo-gradle-plugin:expo-autolinking-plugin-shared:processResources NO-SOURCE
Skipping task ':expo-gradle-plugin:expo-autolinking-plugin-shared:processResources' as it has no source files and no previous output files.
Resolve mutations for :expo-gradle-plugin:expo-autolinking-plugin-shared:classes (Thread[Execution worker Thread 16,5,main]) started.
:gradle-plugin:shared:classes (Thread[Execution worker Thread 8,5,main]) started.

> Task :gradle-plugin:shared:classes UP-TO-DATE
Skipping task ':gradle-plugin:shared:classes' as it has no actions.
Resolve mutations for :gradle-plugin:shared:jar (Thread[Execution worker Thread 8,5,main]) started.
:expo-gradle-plugin:expo-autolinking-plugin-shared:classes (Thread[Execution worker Thread 9,5,main]) started.
:gradle-plugin:shared:jar (Thread[Execution worker Thread 8,5,main]) started.

> Task :expo-gradle-plugin:expo-autolinking-plugin-shared:classes UP-TO-DATE
Skipping task ':expo-gradle-plugin:expo-autolinking-plugin-shared:classes' as it has no actions.
Resolve mutations for :expo-gradle-plugin:expo-autolinking-plugin-shared:jar (Thread[Execution worker Thread 11,5,main]) started.
:expo-gradle-plugin:expo-autolinking-plugin-shared:jar (Thread[Execution worker Thread 5,5,main]) started.

> Task :gradle-plugin:shared:jar UP-TO-DATE
Caching disabled for task ':gradle-plugin:shared:jar' because:
  Build cache is disabled
  Not worth caching
Skipping task ':gradle-plugin:shared:jar' as it is up-to-date.

> Task :expo-gradle-plugin:expo-autolinking-plugin-shared:jar UP-TO-DATE
Caching disabled for task ':expo-gradle-plugin:expo-autolinking-plugin-shared:jar' because:
  Build cache is disabled
  Not worth caching
Skipping task ':expo-gradle-plugin:expo-autolinking-plugin-shared:jar' as it is up-to-date.
work action resolve expo-autolinking-plugin-shared-1.0.jar (project :expo-gradle-plugin:expo-autolinking-plugin-shared) (Thread[Execution worker Thread 5,5,main]) started.
work action resolve shared.jar (project :gradle-plugin:shared) (Thread[Execution worker Thread 11,5,main]) started.
Resolve mutations for :gradle-plugin:settings-plugin:compileKotlin (Thread[Execution worker Thread 11,5,main]) started.
Resolve mutations for :expo-gradle-plugin:expo-autolinking-settings-plugin:compileKotlin (Thread[Execution worker Thread 5,5,main]) started.
:gradle-plugin:settings-plugin:compileKotlin (Thread[Execution worker Thread 7,5,main]) started.
:expo-gradle-plugin:expo-autolinking-settings-plugin:compileKotlin (Thread[Execution worker Thread 5,5,main]) started.

> Task :gradle-plugin:settings-plugin:compileKotlin UP-TO-DATE
Caching disabled for task ':gradle-plugin:settings-plugin:compileKotlin' because:
  Build cache is disabled
Skipping task ':gradle-plugin:settings-plugin:compileKotlin' as it is up-to-date.

> Task :expo-gradle-plugin:expo-autolinking-settings-plugin:compileKotlin UP-TO-DATE
Caching disabled for task ':expo-gradle-plugin:expo-autolinking-settings-plugin:compileKotlin' because:
  Build cache is disabled
Skipping task ':expo-gradle-plugin:expo-autolinking-settings-plugin:compileKotlin' as it is up-to-date.
Resolve mutations for :gradle-plugin:settings-plugin:compileJava (Thread[Execution worker Thread 11,5,main]) started.
Resolve mutations for :expo-gradle-plugin:expo-autolinking-settings-plugin:compileJava (Thread[Execution worker Thread 5,5,main]) started.
:gradle-plugin:settings-plugin:compileJava (Thread[Execution worker Thread 11,5,main]) started.

> Task :gradle-plugin:settings-plugin:compileJava NO-SOURCE
Skipping task ':gradle-plugin:settings-plugin:compileJava' as it has no source files and no previous output files.
Resolve mutations for :gradle-plugin:settings-plugin:classes (Thread[Execution worker Thread 11,5,main]) started.
:gradle-plugin:settings-plugin:classes (Thread[Execution worker Thread 11,5,main]) started.

> Task :gradle-plugin:settings-plugin:classes UP-TO-DATE
Skipping task ':gradle-plugin:settings-plugin:classes' as it has no actions.
Resolve mutations for :gradle-plugin:settings-plugin:jar (Thread[Execution worker Thread 11,5,main]) started.
:gradle-plugin:settings-plugin:jar (Thread[Execution worker Thread 11,5,main]) started.
:expo-gradle-plugin:expo-autolinking-settings-plugin:compileJava (Thread[Execution worker,5,main]) started.

> Task :expo-gradle-plugin:expo-autolinking-settings-plugin:compileJava NO-SOURCE
Skipping task ':expo-gradle-plugin:expo-autolinking-settings-plugin:compileJava' as it has no source files and no previous output files.
Resolve mutations for :expo-gradle-plugin:expo-autolinking-settings-plugin:classes (Thread[Execution worker,5,main]) started.
:expo-gradle-plugin:expo-autolinking-settings-plugin:classes (Thread[Execution worker,5,main]) started.

> Task :expo-gradle-plugin:expo-autolinking-settings-plugin:classes UP-TO-DATE
Skipping task ':expo-gradle-plugin:expo-autolinking-settings-plugin:classes' as it has no actions.

> Task :gradle-plugin:settings-plugin:jar UP-TO-DATE
Caching disabled for task ':gradle-plugin:settings-plugin:jar' because:
  Build cache is disabled
  Not worth caching
Skipping task ':gradle-plugin:settings-plugin:jar' as it is up-to-date.
Resolve mutations for :expo-gradle-plugin:expo-autolinking-settings-plugin:jar (Thread[Execution worker,5,main]) started.
:expo-gradle-plugin:expo-autolinking-settings-plugin:jar (Thread[Execution worker,5,main]) started.

> Task :expo-gradle-plugin:expo-autolinking-settings-plugin:jar UP-TO-DATE
Caching disabled for task ':expo-gradle-plugin:expo-autolinking-settings-plugin:jar' because:
  Build cache is disabled
  Not worth caching
Skipping task ':expo-gradle-plugin:expo-autolinking-settings-plugin:jar' as it is up-to-date.
Starting process 'command 'node''. Working directory: D:\MyProjectsUAI\weejobs\android Command: node --print require.resolve('expo-modules-autolinking/package.json', { paths: [require.resolve('expo/package.json')] })
Successfully started process 'command 'node''
Starting process 'command 'cmd''. Working directory: D:\MyProjectsUAI\weejobs\android Command: cmd /c node --no-warnings --eval require('expo/bin/autolinking') expo-modules-autolinking resolve --platform android --json
Successfully started process 'command 'cmd''
Starting process 'command 'node''. Working directory: D:\MyProjectsUAI\weejobs\android Command: node --print require.resolve('react-native/package.json')
Successfully started process 'command 'node''
Starting process 'command 'node''. Working directory: D:\MyProjectsUAI\weejobs\android Command: node --print require.resolve('@react-native/gradle-plugin/package.json', { paths: [require.resolve('react-native/package.json')] })
Successfully started process 'command 'node''
Settings evaluated using settings file 'D:\MyProjectsUAI\weejobs\android\settings.gradle'.
Now considering [D:\MyProjectsUAI\weejobs\node_modules\expo-modules-core\expo-module-gradle-plugin, D:\MyProjectsUAI\weejobs\node_modules\expo-modules-autolinking\android\expo-gradle-plugin, D:\MyProjectsUAI\weejobs\node_modules\@react-native\gradle-plugin, D:\MyProjectsUAI\weejobs\android] as hierarchies to watch
Projects loaded. Root project using build file 'D:\MyProjectsUAI\weejobs\android\build.gradle'.
Included projects: [root project 'WeeJobs', project ':app', project ':expo', project ':expo-constants', project ':expo-log-box', project ':expo-modules-core', project ':react-native-async-storage_async-storage', project ':react-native-worklets']
Registering project ':expo-gradle-plugin' in composite build. Will substitute for module ':expo-gradle-plugin'.
Registering project ':expo-gradle-plugin:expo-autolinking-plugin' in composite build. Will substitute for module 'expo.modules:expo-autolinking-plugin'.
Registering project ':expo-gradle-plugin:expo-autolinking-plugin-shared' in composite build. Will substitute for module 'expo.modules:expo-autolinking-plugin-shared'.
Registering project ':expo-gradle-plugin:expo-autolinking-settings-plugin' in composite build. Will substitute for module 'expo.modules:expo-autolinking-settings-plugin'.
Registering project ':expo-gradle-plugin:expo-max-sdk-override-plugin' in composite build. Will substitute for module 'expo.modules:expo-max-sdk-override-plugin'.

> Configure project :expo-module-gradle-plugin
Evaluating project ':expo-module-gradle-plugin' using build file 'D:\MyProjectsUAI\weejobs\node_modules\expo-modules-core\expo-module-gradle-plugin\build.gradle.kts'.
Resolved plugin [id: 'org.jetbrains.kotlin.jvm', version: '2.1.20']
Resolved plugin [id: 'java-gradle-plugin']
Build 50f19944-d69b-4bfa-929a-11926618121e is started
Using Kotlin Gradle Plugin gradle85 variant
kotlin scripting plugin: created the scripting discovery configuration: kotlinScriptDef
kotlin scripting plugin: created the scripting discovery configuration: testKotlinScriptDef
Registering project ':expo-module-gradle-plugin' in composite build. Will substitute for module 'expo.modules:expo-module-gradle-plugin'.
Registering project ':gradle-plugin' in composite build. Will substitute for module ':gradle-plugin-root'.
Registering project ':gradle-plugin:react-native-gradle-plugin' in composite build. Will substitute for module 'com.facebook.react:react-native-gradle-plugin'.
Registering project ':gradle-plugin:settings-plugin' in composite build. Will substitute for module 'com.facebook.react:settings-plugin'.
Registering project ':gradle-plugin:shared' in composite build. Will substitute for module 'com.facebook.react:shared'.
Registering project ':gradle-plugin:shared-testutil' in composite build. Will substitute for module 'com.facebook.react:shared-testutil'.
Resolve mutations for :expo-gradle-plugin:expo-autolinking-plugin:checkKotlinGradlePluginConfigurationErrors (Thread[Execution worker Thread 11,5,main]) started.
:expo-gradle-plugin:expo-autolinking-plugin:checkKotlinGradlePluginConfigurationErrors (Thread[Execution worker Thread 11,5,main]) started.
destroyer locations for task group 0 (Thread[Execution worker Thread 12,5,main]) started.
work action resolve expo-autolinking-plugin-shared-1.0.jar (project :expo-gradle-plugin:expo-autolinking-plugin-shared) (Thread[Execution worker Thread 18,5,main]) started.
Resolve mutations for :gradle-plugin:react-native-gradle-plugin:checkKotlinGradlePluginConfigurationErrors (Thread[Execution worker,5,main]) started.
:gradle-plugin:react-native-gradle-plugin:checkKotlinGradlePluginConfigurationErrors (Thread[Execution worker,5,main]) started.

> Task :expo-gradle-plugin:expo-autolinking-plugin:checkKotlinGradlePluginConfigurationErrors SKIPPED
Skipping task ':expo-gradle-plugin:expo-autolinking-plugin:checkKotlinGradlePluginConfigurationErrors' as task onlyIf 'errorDiagnostics are present' is false.

> Task :expo-gradle-plugin:expo-max-sdk-override-plugin:checkKotlinGradlePluginConfigurationErrors SKIPPED
Skipping task ':expo-gradle-plugin:expo-max-sdk-override-plugin:checkKotlinGradlePluginConfigurationErrors' as task onlyIf 'errorDiagnostics are present' is false.

> Task :gradle-plugin:react-native-gradle-plugin:checkKotlinGradlePluginConfigurationErrors SKIPPED
Skipping task ':gradle-plugin:react-native-gradle-plugin:checkKotlinGradlePluginConfigurationErrors' as task onlyIf 'errorDiagnostics are present' is false.
Resolve mutations for :expo-gradle-plugin:expo-autolinking-plugin:compileKotlin (Thread[Execution worker Thread 11,5,main]) started.
Resolve mutations for :gradle-plugin:react-native-gradle-plugin:compileKotlin (Thread[Execution worker,5,main]) started.
:gradle-plugin:react-native-gradle-plugin:compileKotlin (Thread[Execution worker Thread 18,5,main]) started.
:expo-gradle-plugin:expo-autolinking-plugin:compileKotlin (Thread[Execution worker Thread 11,5,main]) started.

> Task :expo-module-gradle-plugin:checkKotlinGradlePluginConfigurationErrors SKIPPED
Skipping task ':expo-module-gradle-plugin:checkKotlinGradlePluginConfigurationErrors' as task onlyIf 'errorDiagnostics are present' is false.

> Task :expo-module-gradle-plugin:pluginDescriptors UP-TO-DATE
Caching disabled for task ':expo-module-gradle-plugin:pluginDescriptors' because:
  Build cache is disabled
  Not worth caching
Skipping task ':expo-module-gradle-plugin:pluginDescriptors' as it is up-to-date.

> Task :expo-module-gradle-plugin:processResources UP-TO-DATE
Caching disabled for task ':expo-module-gradle-plugin:processResources' because:
  Build cache is disabled
  Not worth caching
Skipping task ':expo-module-gradle-plugin:processResources' as it is up-to-date.

> Task :expo-gradle-plugin:expo-max-sdk-override-plugin:compileKotlin UP-TO-DATE
Caching disabled for task ':expo-gradle-plugin:expo-max-sdk-override-plugin:compileKotlin' because:
  Build cache is disabled
Skipping task ':expo-gradle-plugin:expo-max-sdk-override-plugin:compileKotlin' as it is up-to-date.

> Task :expo-gradle-plugin:expo-autolinking-plugin:compileKotlin UP-TO-DATE
Caching disabled for task ':expo-gradle-plugin:expo-autolinking-plugin:compileKotlin' because:
  Build cache is disabled
Skipping task ':expo-gradle-plugin:expo-autolinking-plugin:compileKotlin' as it is up-to-date.
Resolve mutations for :expo-gradle-plugin:expo-autolinking-plugin:compileJava (Thread[Execution worker Thread 13,5,main]) started.
:expo-gradle-plugin:expo-autolinking-plugin:compileJava (Thread[Execution worker Thread 13,5,main]) started.

> Task :expo-gradle-plugin:expo-autolinking-plugin:compileJava NO-SOURCE
Skipping task ':expo-gradle-plugin:expo-autolinking-plugin:compileJava' as it has no source files and no previous output files.

> Task :expo-gradle-plugin:expo-max-sdk-override-plugin:compileJava NO-SOURCE
Skipping task ':expo-gradle-plugin:expo-max-sdk-override-plugin:compileJava' as it has no source files and no previous output files.
Resolve mutations for :expo-gradle-plugin:expo-autolinking-plugin:pluginDescriptors (Thread[Execution worker Thread 13,5,main]) started.
:expo-gradle-plugin:expo-autolinking-plugin:pluginDescriptors (Thread[Execution worker Thread 13,5,main]) started.

> Task :expo-gradle-plugin:expo-autolinking-plugin:pluginDescriptors UP-TO-DATE
Caching disabled for task ':expo-gradle-plugin:expo-autolinking-plugin:pluginDescriptors' because:
  Build cache is disabled
  Not worth caching
Skipping task ':expo-gradle-plugin:expo-autolinking-plugin:pluginDescriptors' as it is up-to-date.
Resolve mutations for :expo-gradle-plugin:expo-autolinking-plugin:processResources (Thread[Execution worker Thread 13,5,main]) started.
:expo-gradle-plugin:expo-autolinking-plugin:processResources (Thread[Execution worker Thread 13,5,main]) started.

> Task :expo-gradle-plugin:expo-max-sdk-override-plugin:pluginDescriptors UP-TO-DATE
Caching disabled for task ':expo-gradle-plugin:expo-max-sdk-override-plugin:pluginDescriptors' because:
  Build cache is disabled
  Not worth caching
Skipping task ':expo-gradle-plugin:expo-max-sdk-override-plugin:pluginDescriptors' as it is up-to-date.

> Task :expo-gradle-plugin:expo-autolinking-plugin:processResources UP-TO-DATE
Caching disabled for task ':expo-gradle-plugin:expo-autolinking-plugin:processResources' because:
  Build cache is disabled
  Not worth caching
Skipping task ':expo-gradle-plugin:expo-autolinking-plugin:processResources' as it is up-to-date.

> Task :expo-gradle-plugin:expo-max-sdk-override-plugin:processResources UP-TO-DATE
Caching disabled for task ':expo-gradle-plugin:expo-max-sdk-override-plugin:processResources' because:
  Build cache is disabled
  Not worth caching
Skipping task ':expo-gradle-plugin:expo-max-sdk-override-plugin:processResources' as it is up-to-date.

> Task :expo-gradle-plugin:expo-max-sdk-override-plugin:classes UP-TO-DATE
Skipping task ':expo-gradle-plugin:expo-max-sdk-override-plugin:classes' as it has no actions.
Resolve mutations for :expo-gradle-plugin:expo-autolinking-plugin:classes (Thread[Execution worker Thread 13,5,main]) started.
:expo-gradle-plugin:expo-autolinking-plugin:classes (Thread[Execution worker Thread 13,5,main]) started.

> Task :expo-gradle-plugin:expo-autolinking-plugin:classes UP-TO-DATE
Skipping task ':expo-gradle-plugin:expo-autolinking-plugin:classes' as it has no actions.
Resolve mutations for :expo-gradle-plugin:expo-autolinking-plugin:jar (Thread[Execution worker Thread 13,5,main]) started.
:expo-gradle-plugin:expo-autolinking-plugin:jar (Thread[Execution worker Thread 13,5,main]) started.
:expo-gradle-plugin:expo-max-sdk-override-plugin:jar (Thread[Execution worker Thread 10,5,main]) started.

> Task :expo-gradle-plugin:expo-autolinking-plugin:jar UP-TO-DATE
Caching disabled for task ':expo-gradle-plugin:expo-autolinking-plugin:jar' because:
  Build cache is disabled
  Not worth caching
Skipping task ':expo-gradle-plugin:expo-autolinking-plugin:jar' as it is up-to-date.

> Task :expo-gradle-plugin:expo-max-sdk-override-plugin:jar UP-TO-DATE
Caching disabled for task ':expo-gradle-plugin:expo-max-sdk-override-plugin:jar' because:
  Build cache is disabled
  Not worth caching
Skipping task ':expo-gradle-plugin:expo-max-sdk-override-plugin:jar' as it is up-to-date.
Resolve mutations for :gradle-plugin:react-native-gradle-plugin:pluginDescriptors (Thread[Execution worker Thread 9,5,main]) started.
:gradle-plugin:react-native-gradle-plugin:pluginDescriptors (Thread[Execution worker Thread 9,5,main]) started.

> Task :gradle-plugin:react-native-gradle-plugin:pluginDescriptors UP-TO-DATE
Caching disabled for task ':gradle-plugin:react-native-gradle-plugin:pluginDescriptors' because:
  Build cache is disabled
  Not worth caching
Skipping task ':gradle-plugin:react-native-gradle-plugin:pluginDescriptors' as it is up-to-date.
Resolve mutations for :gradle-plugin:react-native-gradle-plugin:processResources (Thread[Execution worker Thread 9,5,main]) started.
:gradle-plugin:react-native-gradle-plugin:processResources (Thread[Execution worker Thread 9,5,main]) started.

> Task :gradle-plugin:react-native-gradle-plugin:processResources UP-TO-DATE
Caching disabled for task ':gradle-plugin:react-native-gradle-plugin:processResources' because:
  Build cache is disabled
  Not worth caching
Skipping task ':gradle-plugin:react-native-gradle-plugin:processResources' as it is up-to-date.

> Configure project :
Evaluating root project 'WeeJobs' using build file 'D:\MyProjectsUAI\weejobs\android\build.gradle'.
Found project 'project :expo-gradle-plugin:expo-autolinking-plugin' as substitute for module 'expo.modules:expo-autolinking-plugin'.
Found project 'project :expo-gradle-plugin:expo-max-sdk-override-plugin' as substitute for module 'expo.modules:expo-max-sdk-override-plugin'.
Found project 'project :expo-module-gradle-plugin' as substitute for module 'expo.modules:expo-module-gradle-plugin'.
Found project 'project :gradle-plugin:react-native-gradle-plugin' as substitute for module 'com.facebook.react:react-native-gradle-plugin'.
Found project 'project :expo-gradle-plugin:expo-autolinking-plugin-shared' as substitute for module 'expo.modules:expo-autolinking-plugin-shared'.
Found project 'project :gradle-plugin:react-native-gradle-plugin' as substitute for module 'com.facebook.react:react-native-gradle-plugin'.
Found project 'project :expo-gradle-plugin:expo-autolinking-plugin-shared' as substitute for module 'expo.modules:expo-autolinking-plugin-shared'.
Ignoring listeners of task graph ready event, as this build (:expo-gradle-plugin) has already executed work.
Ignoring listeners of task graph ready event, as this build (:gradle-plugin) has already executed work.
Resolve mutations for :expo-module-gradle-plugin:checkKotlinGradlePluginConfigurationErrors (Thread[included builds Thread 2,5,main]) started.
Resolve mutations for :expo-gradle-plugin:expo-max-sdk-override-plugin:checkKotlinGradlePluginConfigurationErrors (Thread[included builds,5,main]) started.
:expo-module-gradle-plugin:checkKotlinGradlePluginConfigurationErrors (Thread[included builds Thread 2,5,main]) started.
:expo-gradle-plugin:expo-max-sdk-override-plugin:checkKotlinGradlePluginConfigurationErrors (Thread[included builds,5,main]) started.
Resolve mutations for :expo-gradle-plugin:expo-max-sdk-override-plugin:compileKotlin (Thread[included builds,5,main]) started.
:expo-gradle-plugin:expo-max-sdk-override-plugin:compileKotlin (Thread[included builds,5,main]) started.
Resolve mutations for :expo-module-gradle-plugin:pluginDescriptors (Thread[included builds Thread 2,5,main]) started.
:expo-module-gradle-plugin:pluginDescriptors (Thread[included builds Thread 2,5,main]) started.
Resolve mutations for :expo-module-gradle-plugin:processResources (Thread[included builds Thread 2,5,main]) started.
:expo-module-gradle-plugin:processResources (Thread[included builds Thread 2,5,main]) started.
Resolve mutations for :expo-gradle-plugin:expo-max-sdk-override-plugin:compileJava (Thread[included builds,5,main]) started.
:expo-gradle-plugin:expo-max-sdk-override-plugin:compileJava (Thread[included builds,5,main]) started.
Resolve mutations for :expo-gradle-plugin:expo-max-sdk-override-plugin:pluginDescriptors (Thread[included builds,5,main]) started.
:expo-gradle-plugin:expo-max-sdk-override-plugin:pluginDescriptors (Thread[included builds,5,main]) started.
Resolve mutations for :expo-gradle-plugin:expo-max-sdk-override-plugin:processResources (Thread[included builds,5,main]) started.
:expo-gradle-plugin:expo-max-sdk-override-plugin:processResources (Thread[included builds,5,main]) started.
Resolve mutations for :expo-gradle-plugin:expo-max-sdk-override-plugin:classes (Thread[included builds,5,main]) started.
:expo-gradle-plugin:expo-max-sdk-override-plugin:classes (Thread[included builds,5,main]) started.
Resolve mutations for :expo-gradle-plugin:expo-max-sdk-override-plugin:jar (Thread[included builds,5,main]) started.

> Task :gradle-plugin:react-native-gradle-plugin:compileKotlin
Caching disabled for task ':gradle-plugin:react-native-gradle-plugin:compileKotlin' because:
  Build cache is disabled
  Gradle does not know how file 'build\kotlin\compileKotlin\cacheable\last-build.bin' was created (output property 'taskBuildCacheableOutputDirectory$kotlin_gradle_plugin_common'). Task output caching requires exclusive access to output paths to guarantee correctness (i.e. multiple tasks are not allowed to produce output in the same location).
Task ':gradle-plugin:react-native-gradle-plugin:compileKotlin' is not up-to-date because:
  Class path of task ':gradle-plugin:react-native-gradle-plugin:compileKotlin' has changed from 938f7c6531972e6521e0cb08cfc6c365 to acf3d34036d8b50d3f617086b1f605e6.
The input changes require a full rebuild for incremental task ':gradle-plugin:react-native-gradle-plugin:compileKotlin'.
file or directory 'D:\MyProjectsUAI\weejobs\node_modules\@react-native\gradle-plugin\react-native-gradle-plugin\src\main\java', not found
file or directory 'D:\MyProjectsUAI\weejobs\node_modules\@react-native\gradle-plugin\react-native-gradle-plugin\src\main\java', not found
file or directory 'D:\MyProjectsUAI\weejobs\node_modules\@react-native\gradle-plugin\react-native-gradle-plugin\src\main\java', not found
file or directory 'D:\MyProjectsUAI\weejobs\node_modules\@react-native\gradle-plugin\react-native-gradle-plugin\src\main\java', not found
Kotlin source files: D:\MyProjectsUAI\weejobs\node_modules\@react-native\gradle-plugin\react-native-gradle-plugin\src\main\kotlin\com\facebook\react\internal\PrivateReactExtension.kt, D:\MyProjectsUAI\weejobs\node_modules\@react-native\gradle-plugin\react-native-gradle-plugin\src\main\kotlin\com\facebook\react\ReactExtension.kt, D:\MyProjectsUAI\weejobs\node_modules\@react-native\gradle-plugin\react-native-gradle-plugin\src\main\kotlin\com\facebook\react\ReactPlugin.kt, D:\MyProjectsUAI\weejobs\node_modules\@react-native\gradle-plugin\react-native-gradle-plugin\src\main\kotlin\com\facebook\react\ReactRootProjectPlugin.kt, D:\MyProjectsUAI\weejobs\node_modules\@react-native\gradle-plugin\react-native-gradle-plugin\src\main\kotlin\com\facebook\react\TaskConfiguration.kt, D:\MyProjectsUAI\weejobs\node_modules\@react-native\gradle-plugin\react-native-gradle-plugin\src\main\kotlin\com\facebook\react\tasks\BundleHermesCTask.kt, D:\MyProjectsUAI\weejobs\node_modules\@react-native\gradle-plugin\react-native-gradle-plugin\src\main\kotlin\com\facebook\react\tasks\GenerateAutolinkingNewArchitecturesFileTask.kt, D:\MyProjectsUAI\weejobs\node_modules\@react-native\gradle-plugin\react-native-gradle-plugin\src\main\kotlin\com\facebook\react\tasks\GenerateCodegenArtifactsTask.kt, D:\MyProjectsUAI\weejobs\node_modules\@react-native\gradle-plugin\react-native-gradle-plugin\src\main\kotlin\com\facebook\react\tasks\GenerateCodegenSchemaTask.kt, D:\MyProjectsUAI\weejobs\node_modules\@react-native\gradle-plugin\react-native-gradle-plugin\src\main\kotlin\com\facebook\react\tasks\GenerateEntryPointTask.kt, D:\MyProjectsUAI\weejobs\node_modules\@react-native\gradle-plugin\react-native-gradle-plugin\src\main\kotlin\com\facebook\react\tasks\GeneratePackageListTask.kt, D:\MyProjectsUAI\weejobs\node_modules\@react-native\gradle-plugin\react-native-gradle-plugin\src\main\kotlin\com\facebook\react\tasks\internal\BuildCodegenCLITask.kt, D:\MyProjectsUAI\weejobs\node_modules\@react-native\gradle-plugin\react-native-gradle-plugin\src\main\kotlin\com\facebook\react\tasks\internal\CustomExecTask.kt, D:\MyProjectsUAI\weejobs\node_modules\@react-native\gradle-plugin\react-native-gradle-plugin\src\main\kotlin\com\facebook\react\tasks\internal\PrepareBoostTask.kt, D:\MyProjectsUAI\weejobs\node_modules\@react-native\gradle-plugin\react-native-gradle-plugin\src\main\kotlin\com\facebook\react\tasks\internal\PrepareGflagsTask.kt, D:\MyProjectsUAI\weejobs\node_modules\@react-native\gradle-plugin\react-native-gradle-plugin\src\main\kotlin\com\facebook\react\tasks\internal\PrepareGlogTask.kt, D:\MyProjectsUAI\weejobs\node_modules\@react-native\gradle-plugin\react-native-gradle-plugin\src\main\kotlin\com\facebook\react\tasks\internal\PreparePrefabHeadersTask.kt, D:\MyProjectsUAI\weejobs\node_modules\@react-native\gradle-plugin\react-native-gradle-plugin\src\main\kotlin\com\facebook\react\tasks\internal\utils\PrefabPreprocessingEntry.kt, D:\MyProjectsUAI\weejobs\node_modules\@react-native\gradle-plugin\react-native-gradle-plugin\src\main\kotlin\com\facebook\react\utils\AgpConfiguratorUtils.kt, D:\MyProjectsUAI\weejobs\node_modules\@react-native\gradle-plugin\react-native-gradle-plugin\src\main\kotlin\com\facebook\react\utils\BackwardCompatUtils.kt, D:\MyProjectsUAI\weejobs\node_modules\@react-native\gradle-plugin\react-native-gradle-plugin\src\main\kotlin\com\facebook\react\utils\DependencyUtils.kt, D:\MyProjectsUAI\weejobs\node_modules\@react-native\gradle-plugin\react-native-gradle-plugin\src\main\kotlin\com\facebook\react\utils\FileUtils.kt, D:\MyProjectsUAI\weejobs\node_modules\@react-native\gradle-plugin\react-native-gradle-plugin\src\main\kotlin\com\facebook\react\utils\JdkConfiguratorUtils.kt, D:\MyProjectsUAI\weejobs\node_modules\@react-native\gradle-plugin\react-native-gradle-plugin\src\main\kotlin\com\facebook\react\utils\NdkConfiguratorUtils.kt, D:\MyProjectsUAI\weejobs\node_modules\@react-native\gradle-plugin\react-native-gradle-plugin\src\main\kotlin\com\facebook\react\utils\PathUtils.kt, D:\MyProjectsUAI\weejobs\node_modules\@react-native\gradle-plugin\react-native-gradle-plugin\src\main\kotlin\com\facebook\react\utils\ProjectUtils.kt, D:\MyProjectsUAI\weejobs\node_modules\@react-native\gradle-plugin\react-native-gradle-plugin\src\main\kotlin\com\facebook\react\utils\PropertyUtils.kt
Java source files: 
Script source files: 
Script file extensions: 
Using Kotlin/JVM incremental compilation
[KOTLIN] Kotlin compilation 'jdkHome' argument: C:\Program Files\Eclipse Adoptium\jdk-17.0.18.8-hotspot
Options for KOTLIN DAEMON: IncrementalCompilationOptions(super=CompilationOptions(compilerMode=INCREMENTAL_COMPILER, targetPlatform=JVM, reportCategories=[0, 3], reportSeverity=2, requestedCompilationResults=[0], kotlinScriptExtensions=[]), sourceChanges=org.jetbrains.kotlin.buildtools.api.SourcesChanges$Unknown@4d2d7dcb, classpathChanges=NotAvailableForNonIncrementalRun, workingDir=D:\MyProjectsUAI\weejobs\node_modules\@react-native\gradle-plugin\react-native-gradle-plugin\build\kotlin\compileKotlin\cacheable, multiModuleICSettings=MultiModuleICSettings(buildHistoryFile=D:\MyProjectsUAI\weejobs\node_modules\@react-native\gradle-plugin\react-native-gradle-plugin\build\kotlin\compileKotlin\local-state\build-history.bin, useModuleDetection=false), usePreciseJavaTracking=true, icFeatures=IncrementalCompilationFeatures(withAbiSnapshot=false, preciseCompilationResultsBackup=true, keepIncrementalCompilationCachesInMemory=true, enableUnsafeIncrementalCompilationForMultiplatform=false, enableMonotonousIncrementalCompileSetExpansion=true), outputFiles=[D:\MyProjectsUAI\weejobs\node_modules\@react-native\gradle-plugin\react-native-gradle-plugin\build\classes\kotlin\main, D:\MyProjectsUAI\weejobs\node_modules\@react-native\gradle-plugin\react-native-gradle-plugin\build\kotlin\compileKotlin\cacheable, D:\MyProjectsUAI\weejobs\node_modules\@react-native\gradle-plugin\react-native-gradle-plugin\build\kotlin\compileKotlin\local-state])
Finished executing kotlin compiler using DAEMON strategy
Resolve mutations for :gradle-plugin:react-native-gradle-plugin:compileJava (Thread[Execution worker Thread 18,5,main]) started.
other build task :gradle-plugin:react-native-gradle-plugin:compileKotlin (Thread[Execution worker Thread 9,5,main]) started.
:gradle-plugin:react-native-gradle-plugin:compileJava (Thread[Execution worker Thread 18,5,main]) started.

> Task :gradle-plugin:react-native-gradle-plugin:compileJava NO-SOURCE
Skipping task ':gradle-plugin:react-native-gradle-plugin:compileJava' as it has no source files and no previous output files.
Resolve mutations for :gradle-plugin:react-native-gradle-plugin:classes (Thread[Execution worker Thread 18,5,main]) started.
other build task :gradle-plugin:react-native-gradle-plugin:compileJava (Thread[Execution worker Thread 14,5,main]) started.
:gradle-plugin:react-native-gradle-plugin:classes (Thread[Execution worker Thread 18,5,main]) started.

> Task :gradle-plugin:react-native-gradle-plugin:classes UP-TO-DATE
Skipping task ':gradle-plugin:react-native-gradle-plugin:classes' as it has no actions.
Resolve mutations for :gradle-plugin:react-native-gradle-plugin:jar (Thread[Execution worker Thread 4,5,main]) started.
:gradle-plugin:react-native-gradle-plugin:jar (Thread[Execution worker Thread 4,5,main]) started.

> Task :gradle-plugin:react-native-gradle-plugin:jar UP-TO-DATE
Caching disabled for task ':gradle-plugin:react-native-gradle-plugin:jar' because:
  Build cache is disabled
  Not worth caching
Skipping task ':gradle-plugin:react-native-gradle-plugin:jar' as it is up-to-date.
work action resolve main (project :gradle-plugin:react-native-gradle-plugin) (Thread[Execution worker Thread 4,5,main]) started.
work action resolve main (project :gradle-plugin:react-native-gradle-plugin) (Thread[Execution worker Thread 4,5,main]) started.
Resolve mutations for :expo-module-gradle-plugin:compileKotlin (Thread[Execution worker Thread 4,5,main]) started.
:expo-module-gradle-plugin:compileKotlin (Thread[Execution worker Thread 4,5,main]) started.

> Task :expo-module-gradle-plugin:compileKotlin UP-TO-DATE
Caching disabled for task ':expo-module-gradle-plugin:compileKotlin' because:
  Build cache is disabled
Skipping task ':expo-module-gradle-plugin:compileKotlin' as it is up-to-date.
Resolve mutations for :expo-module-gradle-plugin:compileJava (Thread[Execution worker Thread 8,5,main]) started.
:expo-module-gradle-plugin:compileJava (Thread[Execution worker Thread 8,5,main]) started.

> Task :expo-module-gradle-plugin:compileJava NO-SOURCE
Skipping task ':expo-module-gradle-plugin:compileJava' as it has no source files and no previous output files.
Resolve mutations for :expo-module-gradle-plugin:classes (Thread[Execution worker Thread 4,5,main]) started.
:expo-module-gradle-plugin:classes (Thread[Execution worker Thread 4,5,main]) started.

> Task :expo-module-gradle-plugin:classes UP-TO-DATE
Skipping task ':expo-module-gradle-plugin:classes' as it has no actions.
Resolve mutations for :expo-module-gradle-plugin:jar (Thread[Execution worker Thread 4,5,main]) started.
:expo-module-gradle-plugin:jar (Thread[Execution worker Thread 4,5,main]) started.

> Task :expo-module-gradle-plugin:jar UP-TO-DATE
Caching disabled for task ':expo-module-gradle-plugin:jar' because:
  Build cache is disabled
  Not worth caching
Skipping task ':expo-module-gradle-plugin:jar' as it is up-to-date.

> Configure project :
[32m[ExpoRootProject][0m Using the following versions:
  - buildTools:  [32m36.0.0[0m
  - minSdk:      [32m24[0m
  - compileSdk:  [32m36[0m
  - targetSdk:   [32m36[0m
  - ndk:         [32m27.1.12297006[0m
  - kotlin:      [32m2.1.20[0m
  - ksp:         [32m2.1.20-2.0.1[0m

> Configure project :app
Evaluating project ':app' using build file 'D:\MyProjectsUAI\weejobs\android\app\build.gradle'.
Using default execution profile
 Γä╣∩╕Å  [33mApplying gradle plugin[0m '[32mexpo-max-sdk-override-plugin[0m'
  [expo-max-sdk-override-plugin] This plugin will find all permissions declared with `android:maxSdkVersion`. If there exists a declaration with the `android:maxSdkVersion` annotation and another one without, the plugin will remove the annotation from the final merged manifest. In order to see a log with the changes run a clean build of the app.
Build e9f1b805-a224-450e-9c99-18fa873c1055 is started
Using Kotlin Gradle Plugin gradle85 variant
C/C++: android.ndkVersion from module build.gradle is [27.1.12297006]
C/C++: android.ndkPath from module build.gradle is not set
C/C++: ndk.dir in local.properties is not set
C/C++: Not considering ANDROID_NDK_HOME because support was removed after deprecation period.
C/C++: sdkFolder is C:\Users\Sosuk\AppData\Local\Android\Sdk
C/C++: android.ndkVersion from module build.gradle is [27.1.12297006]
C/C++: android.ndkPath from module build.gradle is not set
C/C++: ndk.dir in local.properties is not set
C/C++: Not considering ANDROID_NDK_HOME because support was removed after deprecation period.
C/C++: sdkFolder is C:\Users\Sosuk\AppData\Local\Android\Sdk
C/C++: android.ndkVersion from module build.gradle is [27.1.12297006]
C/C++: android.ndkPath from module build.gradle is not set
C/C++: ndk.dir in local.properties is not set
C/C++: Not considering ANDROID_NDK_HOME because support was removed after deprecation period.
C/C++: sdkFolder is C:\Users\Sosuk\AppData\Local\Android\Sdk
C/C++: android.ndkVersion from module build.gradle is [27.1.12297006]
C/C++: android.ndkPath from module build.gradle is not set
C/C++: ndk.dir in local.properties is not set
C/C++: Not considering ANDROID_NDK_HOME because support was removed after deprecation period.
C/C++: sdkFolder is C:\Users\Sosuk\AppData\Local\Android\Sdk
C/C++: android.ndkVersion from module build.gradle is [27.1.12297006]
C/C++: android.ndkPath from module build.gradle is not set
C/C++: ndk.dir in local.properties is not set
C/C++: Not considering ANDROID_NDK_HOME because support was removed after deprecation period.
C/C++: sdkFolder is C:\Users\Sosuk\AppData\Local\Android\Sdk
C/C++: android.ndkVersion from module build.gradle is [27.1.12297006]
C/C++: android.ndkPath from module build.gradle is not set
C/C++: ndk.dir in local.properties is not set
C/C++: Not considering ANDROID_NDK_HOME because support was removed after deprecation period.
C/C++: sdkFolder is C:\Users\Sosuk\AppData\Local\Android\Sdk
C/C++: android.ndkVersion from module build.gradle is [27.1.12297006]
C/C++: android.ndkPath from module build.gradle is not set
C/C++: ndk.dir in local.properties is not set
C/C++: Not considering ANDROID_NDK_HOME because support was removed after deprecation period.
C/C++: sdkFolder is C:\Users\Sosuk\AppData\Local\Android\Sdk
C/C++: android.ndkVersion from module build.gradle is [27.1.12297006]
C/C++: android.ndkPath from module build.gradle is not set
C/C++: ndk.dir in local.properties is not set
C/C++: Not considering ANDROID_NDK_HOME because support was removed after deprecation period.
C/C++: sdkFolder is C:\Users\Sosuk\AppData\Local\Android\Sdk
C/C++: android.ndkVersion from module build.gradle is [27.1.12297006]
C/C++: android.ndkPath from module build.gradle is not set
C/C++: ndk.dir in local.properties is not set
C/C++: Not considering ANDROID_NDK_HOME because support was removed after deprecation period.
C/C++: sdkFolder is C:\Users\Sosuk\AppData\Local\Android\Sdk
C/C++: android.ndkVersion from module build.gradle is [27.1.12297006]
C/C++: android.ndkPath from module build.gradle is not set
C/C++: ndk.dir in local.properties is not set
C/C++: Not considering ANDROID_NDK_HOME because support was removed after deprecation period.
C/C++: sdkFolder is C:\Users\Sosuk\AppData\Local\Android\Sdk
C/C++: android.ndkVersion from module build.gradle is [27.1.12297006]
C/C++: android.ndkPath from module build.gradle is not set
C/C++: ndk.dir in local.properties is not set
C/C++: Not considering ANDROID_NDK_HOME because support was removed after deprecation period.
C/C++: sdkFolder is C:\Users\Sosuk\AppData\Local\Android\Sdk
C/C++: android.ndkVersion from module build.gradle is [27.1.12297006]
C/C++: android.ndkPath from module build.gradle is not set
C/C++: ndk.dir in local.properties is not set
C/C++: Not considering ANDROID_NDK_HOME because support was removed after deprecation period.
C/C++: sdkFolder is C:\Users\Sosuk\AppData\Local\Android\Sdk
C/C++: android.ndkVersion from module build.gradle is [27.1.12297006]
C/C++: android.ndkPath from module build.gradle is not set
C/C++: ndk.dir in local.properties is not set
C/C++: Not considering ANDROID_NDK_HOME because support was removed after deprecation period.
C/C++: sdkFolder is C:\Users\Sosuk\AppData\Local\Android\Sdk
C/C++: android.ndkVersion from module build.gradle is [27.1.12297006]
C/C++: android.ndkPath from module build.gradle is not set
C/C++: ndk.dir in local.properties is not set
C/C++: Not considering ANDROID_NDK_HOME because support was removed after deprecation period.
C/C++: sdkFolder is C:\Users\Sosuk\AppData\Local\Android\Sdk
C/C++: android.ndkVersion from module build.gradle is [27.1.12297006]
C/C++: android.ndkPath from module build.gradle is not set
C/C++: ndk.dir in local.properties is not set
C/C++: Not considering ANDROID_NDK_HOME because support was removed after deprecation period.
C/C++: sdkFolder is C:\Users\Sosuk\AppData\Local\Android\Sdk
C/C++: android.ndkVersion from module build.gradle is [27.1.12297006]
C/C++: android.ndkPath from module build.gradle is not set
C/C++: ndk.dir in local.properties is not set
C/C++: Not considering ANDROID_NDK_HOME because support was removed after deprecation period.
C/C++: sdkFolder is C:\Users\Sosuk\AppData\Local\Android\Sdk
C/C++: android.ndkVersion from module build.gradle is [27.1.12297006]
C/C++: android.ndkPath from module build.gradle is not set
C/C++: ndk.dir in local.properties is not set
C/C++: Not considering ANDROID_NDK_HOME because support was removed after deprecation period.
C/C++: sdkFolder is C:\Users\Sosuk\AppData\Local\Android\Sdk
C/C++: android.ndkVersion from module build.gradle is [27.1.12297006]
C/C++: android.ndkPath from module build.gradle is not set
C/C++: ndk.dir in local.properties is not set
C/C++: Not considering ANDROID_NDK_HOME because support was removed after deprecation period.
C/C++: sdkFolder is C:\Users\Sosuk\AppData\Local\Android\Sdk
C/C++: android.ndkVersion from module build.gradle is [27.1.12297006]
C/C++: android.ndkPath from module build.gradle is not set
C/C++: ndk.dir in local.properties is not set
C/C++: Not considering ANDROID_NDK_HOME because support was removed after deprecation period.
C/C++: sdkFolder is C:\Users\Sosuk\AppData\Local\Android\Sdk

> Configure project :expo-log-box
Evaluating project ':expo-log-box' using build file 'D:\MyProjectsUAI\weejobs\node_modules\@expo\log-box\android\build.gradle'.
Resolved plugin [id: 'com.android.library']
Resolved plugin [id: 'expo-module-gradle-plugin']
Using default execution profile
Using Kotlin Gradle Plugin gradle85 variant

> Configure project :expo-constants
Evaluating project ':expo-constants' using build file 'D:\MyProjectsUAI\weejobs\node_modules\expo-constants\android\build.gradle'.
Resolved plugin [id: 'com.android.library']
Resolved plugin [id: 'expo-module-gradle-plugin']
Using default execution profile
Using Kotlin Gradle Plugin gradle85 variant
Starting process 'command 'node''. Working directory: D:\MyProjectsUAI\weejobs\node_modules\expo-constants\android Command: node -e console.log(require('path').dirname(require.resolve('expo-constants/package.json')));
Successfully started process 'command 'node''

> Configure project :expo
Evaluating project ':expo' using build file 'D:\MyProjectsUAI\weejobs\node_modules\expo\android\build.gradle'.
Using default execution profile
Using Kotlin Gradle Plugin gradle85 variant

Using expo modules
  - [32mexpo-log-box[0m (55.0.8)
  - [32mexpo-constants[0m (55.0.9)

> Configure project :react-native-worklets
Evaluating project ':react-native-worklets' using build file 'D:\MyProjectsUAI\weejobs\node_modules\react-native-worklets\android\build.gradle'.
Starting process 'command 'node''. Working directory: D:\MyProjectsUAI\weejobs\android Command: node --print require.resolve('react-native/package.json')
Successfully started process 'command 'node''
Starting process 'command 'node''. Working directory: D:\MyProjectsUAI\weejobs\android Command: node --print require.resolve('react-native/package.json')
Successfully started process 'command 'node''
Starting process 'command 'node''. Working directory: D:\MyProjectsUAI\weejobs\android Command: node --print require.resolve('react-native/package.json')
Successfully started process 'command 'node''
Starting process 'command 'node''. Working directory: D:\MyProjectsUAI\weejobs\android Command: node --print require.resolve('react-native/package.json')
Successfully started process 'command 'node''
Starting process 'command 'node''. Working directory: D:\MyProjectsUAI\weejobs\android Command: node --print require.resolve('react-native/package.json')
Successfully started process 'command 'node''
Starting process 'command 'node''. Working directory: D:\MyProjectsUAI\weejobs\android Command: node --print require.resolve('react-native/package.json')
Successfully started process 'command 'node''
Using default execution profile
Using Kotlin Gradle Plugin gradle85 variant
C/C++: android.ndkVersion from module build.gradle is [27.1.12297006]
C/C++: android.ndkPath from module build.gradle is not set
C/C++: ndk.dir in local.properties is not set
C/C++: Not considering ANDROID_NDK_HOME because support was removed after deprecation period.
C/C++: sdkFolder is C:\Users\Sosuk\AppData\Local\Android\Sdk
C/C++: android.ndkVersion from module build.gradle is [27.1.12297006]
C/C++: android.ndkPath from module build.gradle is not set
C/C++: ndk.dir in local.properties is not set
C/C++: Not considering ANDROID_NDK_HOME because support was removed after deprecation period.
C/C++: sdkFolder is C:\Users\Sosuk\AppData\Local\Android\Sdk
C/C++: android.ndkVersion from module build.gradle is [27.1.12297006]
C/C++: android.ndkPath from module build.gradle is not set
C/C++: ndk.dir in local.properties is not set
C/C++: Not considering ANDROID_NDK_HOME because support was removed after deprecation period.
C/C++: sdkFolder is C:\Users\Sosuk\AppData\Local\Android\Sdk
C/C++: android.ndkVersion from module build.gradle is [27.1.12297006]
C/C++: android.ndkPath from module build.gradle is not set
C/C++: ndk.dir in local.properties is not set
C/C++: Not considering ANDROID_NDK_HOME because support was removed after deprecation period.
C/C++: sdkFolder is C:\Users\Sosuk\AppData\Local\Android\Sdk
C/C++: android.ndkVersion from module build.gradle is [27.1.12297006]
C/C++: android.ndkPath from module build.gradle is not set
C/C++: ndk.dir in local.properties is not set
C/C++: Not considering ANDROID_NDK_HOME because support was removed after deprecation period.
C/C++: sdkFolder is C:\Users\Sosuk\AppData\Local\Android\Sdk
C/C++: android.ndkVersion from module build.gradle is [27.1.12297006]
C/C++: android.ndkPath from module build.gradle is not set
C/C++: ndk.dir in local.properties is not set
C/C++: Not considering ANDROID_NDK_HOME because support was removed after deprecation period.
C/C++: sdkFolder is C:\Users\Sosuk\AppData\Local\Android\Sdk
C/C++: android.ndkVersion from module build.gradle is [27.1.12297006]
C/C++: android.ndkPath from module build.gradle is not set
C/C++: ndk.dir in local.properties is not set
C/C++: Not considering ANDROID_NDK_HOME because support was removed after deprecation period.
C/C++: sdkFolder is C:\Users\Sosuk\AppData\Local\Android\Sdk
C/C++: android.ndkVersion from module build.gradle is [27.1.12297006]
C/C++: android.ndkPath from module build.gradle is not set
C/C++: ndk.dir in local.properties is not set
C/C++: Not considering ANDROID_NDK_HOME because support was removed after deprecation period.
C/C++: sdkFolder is C:\Users\Sosuk\AppData\Local\Android\Sdk
C/C++: android.ndkVersion from module build.gradle is [27.1.12297006]
C/C++: android.ndkPath from module build.gradle is not set
C/C++: ndk.dir in local.properties is not set
C/C++: Not considering ANDROID_NDK_HOME because support was removed after deprecation period.
C/C++: sdkFolder is C:\Users\Sosuk\AppData\Local\Android\Sdk
C/C++: android.ndkVersion from module build.gradle is [27.1.12297006]
C/C++: android.ndkPath from module build.gradle is not set
C/C++: ndk.dir in local.properties is not set
C/C++: Not considering ANDROID_NDK_HOME because support was removed after deprecation period.
C/C++: sdkFolder is C:\Users\Sosuk\AppData\Local\Android\Sdk
C/C++: android.ndkVersion from module build.gradle is [27.1.12297006]
C/C++: android.ndkPath from module build.gradle is not set
C/C++: ndk.dir in local.properties is not set
C/C++: Not considering ANDROID_NDK_HOME because support was removed after deprecation period.
C/C++: sdkFolder is C:\Users\Sosuk\AppData\Local\Android\Sdk
C/C++: android.ndkVersion from module build.gradle is [27.1.12297006]
C/C++: android.ndkPath from module build.gradle is not set
C/C++: ndk.dir in local.properties is not set
C/C++: Not considering ANDROID_NDK_HOME because support was removed after deprecation period.
C/C++: sdkFolder is C:\Users\Sosuk\AppData\Local\Android\Sdk
C/C++: android.ndkVersion from module build.gradle is [27.1.12297006]
C/C++: android.ndkPath from module build.gradle is not set
C/C++: ndk.dir in local.properties is not set
C/C++: Not considering ANDROID_NDK_HOME because support was removed after deprecation period.
C/C++: sdkFolder is C:\Users\Sosuk\AppData\Local\Android\Sdk

> Configure project :expo-modules-core
Evaluating project ':expo-modules-core' using build file 'D:\MyProjectsUAI\weejobs\node_modules\expo-modules-core\android\build.gradle'.
Using default execution profile
Using Kotlin Gradle Plugin gradle85 variant
Starting process 'command 'node''. Working directory: D:\MyProjectsUAI\weejobs\android Command: node --print require.resolve('react-native/package.json')
Successfully started process 'command 'node''
C/C++: android.ndkVersion from module build.gradle is [27.1.12297006]
C/C++: android.ndkPath from module build.gradle is not set
C/C++: ndk.dir in local.properties is not set
C/C++: Not considering ANDROID_NDK_HOME because support was removed after deprecation period.
C/C++: sdkFolder is C:\Users\Sosuk\AppData\Local\Android\Sdk
C/C++: android.ndkVersion from module build.gradle is [27.1.12297006]
C/C++: android.ndkPath from module build.gradle is not set
C/C++: ndk.dir in local.properties is not set
C/C++: Not considering ANDROID_NDK_HOME because support was removed after deprecation period.
C/C++: sdkFolder is C:\Users\Sosuk\AppData\Local\Android\Sdk
C/C++: android.ndkVersion from module build.gradle is [27.1.12297006]
C/C++: android.ndkPath from module build.gradle is not set
C/C++: ndk.dir in local.properties is not set
C/C++: Not considering ANDROID_NDK_HOME because support was removed after deprecation period.
C/C++: sdkFolder is C:\Users\Sosuk\AppData\Local\Android\Sdk
C/C++: android.ndkVersion from module build.gradle is [27.1.12297006]
C/C++: android.ndkPath from module build.gradle is not set
C/C++: ndk.dir in local.properties is not set
C/C++: Not considering ANDROID_NDK_HOME because support was removed after deprecation period.
C/C++: sdkFolder is C:\Users\Sosuk\AppData\Local\Android\Sdk
C/C++: android.ndkVersion from module build.gradle is [27.1.12297006]
C/C++: android.ndkPath from module build.gradle is not set
C/C++: ndk.dir in local.properties is not set
C/C++: Not considering ANDROID_NDK_HOME because support was removed after deprecation period.
C/C++: sdkFolder is C:\Users\Sosuk\AppData\Local\Android\Sdk
C/C++: android.ndkVersion from module build.gradle is [27.1.12297006]
C/C++: android.ndkPath from module build.gradle is not set
C/C++: ndk.dir in local.properties is not set
C/C++: Not considering ANDROID_NDK_HOME because support was removed after deprecation period.
C/C++: sdkFolder is C:\Users\Sosuk\AppData\Local\Android\Sdk
C/C++: android.ndkVersion from module build.gradle is [27.1.12297006]
C/C++: android.ndkPath from module build.gradle is not set
C/C++: ndk.dir in local.properties is not set
C/C++: Not considering ANDROID_NDK_HOME because support was removed after deprecation period.
C/C++: sdkFolder is C:\Users\Sosuk\AppData\Local\Android\Sdk
C/C++: android.ndkVersion from module build.gradle is [27.1.12297006]
C/C++: android.ndkPath from module build.gradle is not set
C/C++: ndk.dir in local.properties is not set
C/C++: Not considering ANDROID_NDK_HOME because support was removed after deprecation period.
C/C++: sdkFolder is C:\Users\Sosuk\AppData\Local\Android\Sdk
C/C++: android.ndkVersion from module build.gradle is [27.1.12297006]
C/C++: android.ndkPath from module build.gradle is not set
C/C++: ndk.dir in local.properties is not set
C/C++: Not considering ANDROID_NDK_HOME because support was removed after deprecation period.
C/C++: sdkFolder is C:\Users\Sosuk\AppData\Local\Android\Sdk
C/C++: android.ndkVersion from module build.gradle is [27.1.12297006]
C/C++: android.ndkPath from module build.gradle is not set
C/C++: ndk.dir in local.properties is not set
C/C++: Not considering ANDROID_NDK_HOME because support was removed after deprecation period.
C/C++: sdkFolder is C:\Users\Sosuk\AppData\Local\Android\Sdk
C/C++: android.ndkVersion from module build.gradle is [27.1.12297006]
C/C++: android.ndkPath from module build.gradle is not set
C/C++: ndk.dir in local.properties is not set
C/C++: Not considering ANDROID_NDK_HOME because support was removed after deprecation period.
C/C++: sdkFolder is C:\Users\Sosuk\AppData\Local\Android\Sdk
C/C++: android.ndkVersion from module build.gradle is [27.1.12297006]
C/C++: android.ndkPath from module build.gradle is not set
C/C++: ndk.dir in local.properties is not set
C/C++: Not considering ANDROID_NDK_HOME because support was removed after deprecation period.
C/C++: sdkFolder is C:\Users\Sosuk\AppData\Local\Android\Sdk
C/C++: android.ndkVersion from module build.gradle is [27.1.12297006]
C/C++: android.ndkPath from module build.gradle is not set
C/C++: ndk.dir in local.properties is not set
C/C++: Not considering ANDROID_NDK_HOME because support was removed after deprecation period.
C/C++: sdkFolder is C:\Users\Sosuk\AppData\Local\Android\Sdk
Linking react-native-worklets native libs into expo-modules-core build tasks
task ':react-native-worklets:mergeDebugNativeLibs'
task ':react-native-worklets:mergeReleaseNativeLibs'

> Configure project :expo
  - [32mexpo-modules-core[0m (55.0.18)
  - [33m[≡ƒôª][0m [32mexpo-dom-webview[0m (55.0.3)
  - [33m[≡ƒôª][0m [32mexpo-asset[0m (55.0.10)
  - [33m[≡ƒôª][0m [32mexpo-file-system[0m (55.0.12)
  - [33m[≡ƒôª][0m [32mexpo-font[0m (55.0.4)
  - [33m[≡ƒôª][0m [32mexpo-image[0m (55.0.7-canary-20260327-0789fbc)
  - [33m[≡ƒôª][0m [32mexpo-image-loader[0m (55.0.1-canary-20260327-0789fbc)
  - [33m[≡ƒôª][0m [32mexpo-image-picker[0m (55.0.15-canary-20260327-0789fbc)
  - [33m[≡ƒôª][0m [32mexpo-keep-awake[0m (55.0.4)
  - [33m[≡ƒôª][0m [32mexpo-router[0m (55.0.9-canary-20260327-0789fbc)
  - [33m[≡ƒôª][0m [32mexpo-splash-screen[0m (55.0.14-canary-20260327-0789fbc)


> Configure project :react-native-async-storage_async-storage
Evaluating project ':react-native-async-storage_async-storage' using build file 'D:\MyProjectsUAI\weejobs\node_modules\@react-native-async-storage\async-storage\android\build.gradle'.
[AsyncStorage] Using kotlin version: 2.1.20
[AsyncStorage] Overriden ksp version: 2.1.20-2.0.1
[AsyncStorage] Using kotlin version: 2.1.20
[AsyncStorage] Overriden ksp version: 2.1.20-2.0.1
Using default execution profile
Using Kotlin Gradle Plugin gradle85 variant
All projects evaluated.
Task name matched 'projects'
Selected primary task 'projects' from project :
Tasks to be executed: [task ':projects']
Tasks that were excluded: []
Resolve mutations for :projects (Thread[Execution worker Thread 3,5,main]) started.
:projects (Thread[Execution worker Thread 3,5,main]) started.

> Task :projects
Caching disabled for task ':projects' because:
  Build cache is disabled
Task ':projects' is not up-to-date because:
  Task is untracked because: Uses the whole project state as an input

Projects:

------------------------------------------------------------
Root project 'WeeJobs'
------------------------------------------------------------

Root project 'WeeJobs'
+--- Project ':app'
+--- Project ':expo'
+--- Project ':expo-constants'
+--- Project ':expo-log-box'
+--- Project ':expo-modules-core'
+--- Project ':react-native-async-storage_async-storage'
\--- Project ':react-native-worklets'

Included builds:

+--- Included build ':gradle-plugin'
+--- Included build ':expo-gradle-plugin'
\--- Included build ':expo-module-gradle-plugin'

To see a list of the tasks of a project, run gradlew <project-path>:tasks
For example, try running gradlew :app:tasks
Build 692d6cbe-3638-452f-b5d0-ac7b650a2e9f is closed
Build 50f19944-d69b-4bfa-929a-11926618121e is closed
Build cf9670c1-e88a-4716-82d9-6e7fc6c69c42 is closed
Build e9f1b805-a224-450e-9c99-18fa873c1055 is closed

[Incubating] Problems report is available at: file:///D:/MyProjectsUAI/weejobs/android/build/reports/problems/problems-report.html

Deprecated Gradle features were used in this build, making it incompatible with Gradle 10.

You can use '--warning-mode all' to show the individual deprecation warnings and determine if they come from your own scripts or plugins.

For more on this, please refer to https://docs.gradle.org/9.0.0/userguide/command_line_interface.html#sec:command_line_warnings in the Gradle documentation.

BUILD SUCCESSFUL in 19s
29 actionable tasks: 2 executed, 27 up-to-date
Watched directory hierarchies: [D:\MyProjectsUAI\weejobs\node_modules\expo-modules-core\expo-module-gradle-plugin, D:\MyProjectsUAI\weejobs\node_modules\expo-modules-autolinking\android\expo-gradle-plugin, D:\MyProjectsUAI\weejobs\node_modules\@react-native\gradle-plugin]
