Initialized native services in: C:\Users\Sosuk\.gradle\native
Initialized jansi services in: C:\Users\Sosuk\.gradle\native
To honour the JVM settings for this build a single-use Daemon process will be forked. For more on this, please refer to https://docs.gradle.org/9.0.0/userguide/gradle_daemon.html#sec:disabling_the_daemon in the Gradle documentation.
Daemon JVM discovery is an incubating feature.
Received JVM installation metadata from 'C:\Users\Sosuk\.gradle\jdks\eclipse_adoptium-17-amd64-windows.2': {JAVA_HOME=C:\Users\Sosuk\.gradle\jdks\eclipse_adoptium-17-amd64-windows.2, JAVA_VERSION=17.0.17, JAVA_VENDOR=Eclipse Adoptium, RUNTIME_NAME=OpenJDK Runtime Environment, RUNTIME_VERSION=17.0.17+10, VM_NAME=OpenJDK 64-Bit Server VM, VM_VERSION=17.0.17+10, VM_VENDOR=Eclipse Adoptium, OS_ARCH=amd64}
Starting process 'command 'C:\Program Files\Eclipse Adoptium\jdk-17.0.18.8-hotspot\bin\java.exe''. Working directory: C:\Users\Sosuk\.gradle\.tmp\tmp-jvm14946449025795185348probe Command: C:\Program Files\Eclipse Adoptium\jdk-17.0.18.8-hotspot\bin\java.exe -Xmx32m -Xms32m -cp . JavaProbe
Successfully started process 'command 'C:\Program Files\Eclipse Adoptium\jdk-17.0.18.8-hotspot\bin\java.exe''
Received JVM installation metadata from 'C:\Program Files\Eclipse Adoptium\jdk-17.0.18.8-hotspot': {JAVA_HOME=C:\Program Files\Eclipse Adoptium\jdk-17.0.18.8-hotspot, JAVA_VERSION=17.0.18, JAVA_VENDOR=Eclipse Adoptium, RUNTIME_NAME=OpenJDK Runtime Environment, RUNTIME_VERSION=17.0.18+8, VM_NAME=OpenJDK 64-Bit Server VM, VM_VERSION=17.0.18+8, VM_VENDOR=Eclipse Adoptium, OS_ARCH=amd64}
Starting process 'Gradle build daemon'. Working directory: C:\Users\Sosuk\.gradle\daemon\9.0.0 Command: C:\Users\Sosuk\.gradle\jdks\eclipse_adoptium-17-amd64-windows.2\bin\java.exe --add-opens=java.base/java.lang=ALL-UNNAMED --add-opens=java.base/java.lang.invoke=ALL-UNNAMED --add-opens=java.base/java.util=ALL-UNNAMED --add-opens=java.prefs/java.util.prefs=ALL-UNNAMED --add-exports=jdk.compiler/com.sun.tools.javac.api=ALL-UNNAMED --add-exports=jdk.compiler/com.sun.tools.javac.util=ALL-UNNAMED --add-opens=java.base/java.util=ALL-UNNAMED --add-opens=java.prefs/java.util.prefs=ALL-UNNAMED --add-opens=java.base/java.nio.charset=ALL-UNNAMED --add-opens=java.base/java.net=ALL-UNNAMED --add-opens=java.base/java.util.concurrent=ALL-UNNAMED --add-opens=java.base/java.util.concurrent.atomic=ALL-UNNAMED --add-opens=java.xml/javax.xml.namespace=ALL-UNNAMED -XX:MaxMetaspaceSize=512m -Xmx2048m -Dfile.encoding=windows-1252 -Duser.country=CA -Duser.language=en -Duser.variant -cp C:\Users\Sosuk\.gradle\wrapper\dists\gradle-9.0.0-bin\d6wjpkvcgsg3oed0qlfss3wgl\gradle-9.0.0\lib\gradle-daemon-main-9.0.0.jar -javaagent:C:\Users\Sosuk\.gradle\wrapper\dists\gradle-9.0.0-bin\d6wjpkvcgsg3oed0qlfss3wgl\gradle-9.0.0\lib\agents\gradle-instrumentation-agent-9.0.0.jar org.gradle.launcher.daemon.bootstrap.GradleDaemon 9.0.0
Successfully started process 'Gradle build daemon'
An attempt to start the daemon took 3.441 secs.
The client will now receive all logging from the daemon (pid: 46104). The daemon log file: C:\Users\Sosuk\.gradle\daemon\9.0.0\daemon-46104.out.log
Daemon will be stopped at the end of the build 
Using 20 worker leases.
Received JVM installation metadata from 'C:\Users\Sosuk\.gradle\jdks\eclipse_adoptium-17-amd64-windows.2': {JAVA_HOME=C:\Users\Sosuk\.gradle\jdks\eclipse_adoptium-17-amd64-windows.2, JAVA_VERSION=17.0.17, JAVA_VENDOR=Eclipse Adoptium, RUNTIME_NAME=OpenJDK Runtime Environment, RUNTIME_VERSION=17.0.17+10, VM_NAME=OpenJDK 64-Bit Server VM, VM_VERSION=17.0.17+10, VM_VENDOR=Eclipse Adoptium, OS_ARCH=amd64}
Watching the file system is configured to be enabled if available
Now considering [D:\MyProjectsUAI\weejobs\android] as hierarchies to watch
File system watching is active
Starting Build
Starting process 'command 'node''. Working directory: D:\MyProjectsUAI\weejobs\android Command: node --print require.resolve('@react-native/gradle-plugin/package.json', { paths: [require.resolve('react-native/package.json')] })
Successfully started process 'command 'node''
Starting process 'command 'node''. Working directory: D:\MyProjectsUAI\weejobs\android Command: node --print require.resolve('expo-modules-autolinking/package.json', { paths: [require.resolve('expo/package.json')] })
Successfully started process 'command 'node''
Now considering [D:\MyProjectsUAI\weejobs\node_modules\@react-native\gradle-plugin, D:\MyProjectsUAI\weejobs\android] as hierarchies to watch
Now considering [D:\MyProjectsUAI\weejobs\node_modules\expo-modules-autolinking\android\expo-gradle-plugin, D:\MyProjectsUAI\weejobs\node_modules\@react-native\gradle-plugin, D:\MyProjectsUAI\weejobs\android] as hierarchies to watch

> Configure project :gradle-plugin
Evaluating project ':gradle-plugin' using build file 'D:\MyProjectsUAI\weejobs\node_modules\@react-native\gradle-plugin\build.gradle.kts'.
Resolved plugin [id: 'org.jetbrains.kotlin.jvm', version: '2.1.20', apply: false]
Resolved plugin [id: 'com.ncorti.ktfmt.gradle', version: '0.22.0']

> Configure project :gradle-plugin:react-native-gradle-plugin
Evaluating project ':gradle-plugin:react-native-gradle-plugin' using build file 'D:\MyProjectsUAI\weejobs\node_modules\@react-native\gradle-plugin\react-native-gradle-plugin\build.gradle.kts'.
Resolved plugin [id: 'org.jetbrains.kotlin.jvm', version: '2.1.20']
Resolved plugin [id: 'com.ncorti.ktfmt.gradle', version: '0.22.0']
Resolved plugin [id: 'java-gradle-plugin']
Build e4b666e9-3d9b-4e33-ab74-b3aa876490bb is started
Using Kotlin Gradle Plugin gradle85 variant
kotlin scripting plugin: created the scripting discovery configuration: kotlinScriptDef
kotlin scripting plugin: created the scripting discovery configuration: testKotlinScriptDef

> Configure project :gradle-plugin:settings-plugin
Evaluating project ':gradle-plugin:settings-plugin' using build file 'D:\MyProjectsUAI\weejobs\node_modules\@react-native\gradle-plugin\settings-plugin\build.gradle.kts'.
Resolved plugin [id: 'org.jetbrains.kotlin.jvm', version: '2.1.20']
Resolved plugin [id: 'com.ncorti.ktfmt.gradle', version: '0.22.0']
Resolved plugin [id: 'java-gradle-plugin']
Using Kotlin Gradle Plugin gradle85 variant
kotlin scripting plugin: created the scripting discovery configuration: kotlinScriptDef
kotlin scripting plugin: created the scripting discovery configuration: testKotlinScriptDef

> Configure project :gradle-plugin:shared
Evaluating project ':gradle-plugin:shared' using build file 'D:\MyProjectsUAI\weejobs\node_modules\@react-native\gradle-plugin\shared\build.gradle.kts'.
Resolved plugin [id: 'org.jetbrains.kotlin.jvm', version: '2.1.20']
Resolved plugin [id: 'com.ncorti.ktfmt.gradle', version: '0.22.0']
Using Kotlin Gradle Plugin gradle85 variant
kotlin scripting plugin: created the scripting discovery configuration: kotlinScriptDef
kotlin scripting plugin: created the scripting discovery configuration: testKotlinScriptDef

> Configure project :gradle-plugin:shared-testutil
Evaluating project ':gradle-plugin:shared-testutil' using build file 'D:\MyProjectsUAI\weejobs\node_modules\@react-native\gradle-plugin\shared-testutil\build.gradle.kts'.
Resolved plugin [id: 'org.jetbrains.kotlin.jvm', version: '2.1.20']
Resolved plugin [id: 'com.ncorti.ktfmt.gradle', version: '0.22.0']
Using Kotlin Gradle Plugin gradle85 variant
kotlin scripting plugin: created the scripting discovery configuration: kotlinScriptDef
kotlin scripting plugin: created the scripting discovery configuration: testKotlinScriptDef
Resolved plugin [id: 'com.facebook.react.settings']

> Configure project :expo-gradle-plugin
Evaluating project ':expo-gradle-plugin' using build file 'D:\MyProjectsUAI\weejobs\node_modules\expo-modules-autolinking\android\expo-gradle-plugin\build.gradle.kts'.
Resolved plugin [id: 'org.jetbrains.kotlin.jvm', version: '2.1.20', apply: false]
Resolved plugin [id: 'java-gradle-plugin']

> Configure project :expo-gradle-plugin:expo-autolinking-plugin
Evaluating project ':expo-gradle-plugin:expo-autolinking-plugin' using build file 'D:\MyProjectsUAI\weejobs\node_modules\expo-modules-autolinking\android\expo-gradle-plugin\expo-autolinking-plugin\build.gradle.kts'.
Resolved plugin [id: 'org.jetbrains.kotlin.jvm']
Resolved plugin [id: 'java-gradle-plugin']
Build bb4f0e2b-5fe9-4644-a945-e36615896c80 is started
Using Kotlin Gradle Plugin gradle85 variant
kotlin scripting plugin: created the scripting discovery configuration: kotlinScriptDef
kotlin scripting plugin: created the scripting discovery configuration: testKotlinScriptDef

> Configure project :expo-gradle-plugin:expo-autolinking-plugin-shared
Evaluating project ':expo-gradle-plugin:expo-autolinking-plugin-shared' using build file 'D:\MyProjectsUAI\weejobs\node_modules\expo-modules-autolinking\android\expo-gradle-plugin\expo-autolinking-plugin-shared\build.gradle.kts'.
Resolved plugin [id: 'org.jetbrains.kotlin.jvm']
Resolved plugin [id: 'org.jetbrains.kotlin.plugin.serialization', version: '1.9.24']
Using Kotlin Gradle Plugin gradle85 variant
kotlin scripting plugin: created the scripting discovery configuration: kotlinScriptDef
kotlin scripting plugin: created the scripting discovery configuration: testKotlinScriptDef

> Configure project :expo-gradle-plugin:expo-autolinking-settings-plugin
Evaluating project ':expo-gradle-plugin:expo-autolinking-settings-plugin' using build file 'D:\MyProjectsUAI\weejobs\node_modules\expo-modules-autolinking\android\expo-gradle-plugin\expo-autolinking-settings-plugin\build.gradle.kts'.
Resolved plugin [id: 'org.jetbrains.kotlin.jvm']
Resolved plugin [id: 'java-gradle-plugin']
Using Kotlin Gradle Plugin gradle85 variant
kotlin scripting plugin: created the scripting discovery configuration: kotlinScriptDef
kotlin scripting plugin: created the scripting discovery configuration: testKotlinScriptDef

> Configure project :expo-gradle-plugin:expo-max-sdk-override-plugin
Evaluating project ':expo-gradle-plugin:expo-max-sdk-override-plugin' using build file 'D:\MyProjectsUAI\weejobs\node_modules\expo-modules-autolinking\android\expo-gradle-plugin\expo-max-sdk-override-plugin\build.gradle.kts'.
Resolved plugin [id: 'org.jetbrains.kotlin.jvm']
Resolved plugin [id: 'java-gradle-plugin']
Using Kotlin Gradle Plugin gradle85 variant
kotlin scripting plugin: created the scripting discovery configuration: kotlinScriptDef
kotlin scripting plugin: created the scripting discovery configuration: testKotlinScriptDef
Resolved plugin [id: 'expo-autolinking-settings']
Resolved plugin [id: 'org.gradle.toolchains.foojay-resolver-convention', version: '1.0.0']
Starting process 'command 'C:\Program Files\Eclipse Adoptium\jdk-17.0.18.8-hotspot\bin\java.exe''. Working directory: C:\Users\Sosuk\.gradle\.tmp\tmp-jvm2794836753920012773probe Command: C:\Program Files\Eclipse Adoptium\jdk-17.0.18.8-hotspot\bin\java.exe -Xmx32m -Xms32m -cp . JavaProbe
Successfully started process 'command 'C:\Program Files\Eclipse Adoptium\jdk-17.0.18.8-hotspot\bin\java.exe''
Received JVM installation metadata from 'C:\Program Files\Eclipse Adoptium\jdk-17.0.18.8-hotspot': {JAVA_HOME=C:\Program Files\Eclipse Adoptium\jdk-17.0.18.8-hotspot, JAVA_VERSION=17.0.18, JAVA_VENDOR=Eclipse Adoptium, RUNTIME_NAME=OpenJDK Runtime Environment, RUNTIME_VERSION=17.0.18+8, VM_NAME=OpenJDK 64-Bit Server VM, VM_VERSION=17.0.18+8, VM_VENDOR=Eclipse Adoptium, OS_ARCH=amd64}
Starting process 'command 'C:\Users\Sosuk\.gradle\jdks\jetbrains_s_r_o_-21-amd64-windows.2\bin\java.exe''. Working directory: C:\Users\Sosuk\.gradle\.tmp\tmp-jvm3651569972974116936probe Command: C:\Users\Sosuk\.gradle\jdks\jetbrains_s_r_o_-21-amd64-windows.2\bin\java.exe -Xmx32m -Xms32m -cp . JavaProbe
Successfully started process 'command 'C:\Users\Sosuk\.gradle\jdks\jetbrains_s_r_o_-21-amd64-windows.2\bin\java.exe''
Received JVM installation metadata from 'C:\Users\Sosuk\.gradle\jdks\jetbrains_s_r_o_-21-amd64-windows.2': {JAVA_HOME=C:\Users\Sosuk\.gradle\jdks\jetbrains_s_r_o_-21-amd64-windows.2, JAVA_VERSION=21.0.10, JAVA_VENDOR=JetBrains s.r.o., RUNTIME_NAME=OpenJDK Runtime Environment, RUNTIME_VERSION=21.0.10+1-b1163.108, VM_NAME=OpenJDK 64-Bit Server VM, VM_VERSION=21.0.10+1-b1163.108, VM_VENDOR=JetBrains s.r.o., OS_ARCH=amd64}
Starting process 'command 'C:\Users\Sosuk\.gradle\jdks\jetbrains_jbr-17-amd64-windows.1\bin\java.exe''. Working directory: C:\Users\Sosuk\.gradle\.tmp\tmp-jvm590719294432154549probe Command: C:\Users\Sosuk\.gradle\jdks\jetbrains_jbr-17-amd64-windows.1\bin\java.exe -Xmx32m -Xms32m -cp . JavaProbe
Successfully started process 'command 'C:\Users\Sosuk\.gradle\jdks\jetbrains_jbr-17-amd64-windows.1\bin\java.exe''
Received JVM installation metadata from 'C:\Users\Sosuk\.gradle\jdks\jetbrains_jbr-17-amd64-windows.1': {JAVA_HOME=C:\Users\Sosuk\.gradle\jdks\jetbrains_jbr-17-amd64-windows.1, JAVA_VERSION=17.0.17, JAVA_VENDOR=Eclipse Adoptium, RUNTIME_NAME=OpenJDK Runtime Environment, RUNTIME_VERSION=17.0.17+10, VM_NAME=OpenJDK 64-Bit Server VM, VM_VERSION=17.0.17+10, VM_VENDOR=Eclipse Adoptium, OS_ARCH=amd64}
Resolve mutations for :expo-gradle-plugin:expo-autolinking-plugin-shared:checkKotlinGradlePluginConfigurationErrors (Thread[included builds,5,main]) started.
Resolve mutations for :expo-gradle-plugin:expo-autolinking-settings-plugin:checkKotlinGradlePluginConfigurationErrors (Thread[Execution worker Thread 19,5,main]) started.
Resolve mutations for :gradle-plugin:settings-plugin:checkKotlinGradlePluginConfigurationErrors (Thread[included builds Thread 2,5,main]) started.
Resolve mutations for :gradle-plugin:shared:checkKotlinGradlePluginConfigurationErrors (Thread[Execution worker Thread 18,5,main]) started.
:expo-gradle-plugin:expo-autolinking-settings-plugin:checkKotlinGradlePluginConfigurationErrors (Thread[Execution worker Thread 19,5,main]) started.
:expo-gradle-plugin:expo-autolinking-plugin-shared:checkKotlinGradlePluginConfigurationErrors (Thread[Execution worker Thread 18,5,main]) started.
:gradle-plugin:settings-plugin:checkKotlinGradlePluginConfigurationErrors (Thread[included builds Thread 2,5,main]) started.
:gradle-plugin:shared:checkKotlinGradlePluginConfigurationErrors (Thread[Execution worker Thread 16,5,main]) started.

> Task :gradle-plugin:settings-plugin:checkKotlinGradlePluginConfigurationErrors SKIPPED
Skipping task ':gradle-plugin:settings-plugin:checkKotlinGradlePluginConfigurationErrors' as task onlyIf 'errorDiagnostics are present' is false.

> Task :gradle-plugin:shared:checkKotlinGradlePluginConfigurationErrors SKIPPED
Skipping task ':gradle-plugin:shared:checkKotlinGradlePluginConfigurationErrors' as task onlyIf 'errorDiagnostics are present' is false.

> Task :expo-gradle-plugin:expo-autolinking-plugin-shared:checkKotlinGradlePluginConfigurationErrors SKIPPED
Skipping task ':expo-gradle-plugin:expo-autolinking-plugin-shared:checkKotlinGradlePluginConfigurationErrors' as task onlyIf 'errorDiagnostics are present' is false.

> Task :expo-gradle-plugin:expo-autolinking-settings-plugin:checkKotlinGradlePluginConfigurationErrors SKIPPED
Skipping task ':expo-gradle-plugin:expo-autolinking-settings-plugin:checkKotlinGradlePluginConfigurationErrors' as task onlyIf 'errorDiagnostics are present' is false.
Resolve mutations for :gradle-plugin:settings-plugin:pluginDescriptors (Thread[included builds Thread 2,5,main]) started.
Resolve mutations for :expo-gradle-plugin:expo-autolinking-plugin-shared:compileKotlin (Thread[Execution worker Thread 18,5,main]) started.
Resolve mutations for :expo-gradle-plugin:expo-autolinking-settings-plugin:pluginDescriptors (Thread[Execution worker Thread 16,5,main]) started.
Resolve mutations for :gradle-plugin:shared:compileKotlin (Thread[Execution worker Thread 19,5,main]) started.
:expo-gradle-plugin:expo-autolinking-settings-plugin:pluginDescriptors (Thread[Execution worker Thread 16,5,main]) started.
:expo-gradle-plugin:expo-autolinking-plugin-shared:compileKotlin (Thread[Execution worker Thread 18,5,main]) started.
:gradle-plugin:shared:compileKotlin (Thread[Execution worker Thread 19,5,main]) started.
:gradle-plugin:settings-plugin:pluginDescriptors (Thread[included builds Thread 2,5,main]) started.

> Task :gradle-plugin:settings-plugin:pluginDescriptors UP-TO-DATE
Caching disabled for task ':gradle-plugin:settings-plugin:pluginDescriptors' because:
  Build cache is disabled
  Not worth caching
Skipping task ':gradle-plugin:settings-plugin:pluginDescriptors' as it is up-to-date.

> Task :expo-gradle-plugin:expo-autolinking-settings-plugin:pluginDescriptors UP-TO-DATE
Caching disabled for task ':expo-gradle-plugin:expo-autolinking-settings-plugin:pluginDescriptors' because:
  Build cache is disabled
  Not worth caching
Skipping task ':expo-gradle-plugin:expo-autolinking-settings-plugin:pluginDescriptors' as it is up-to-date.
Resolve mutations for :gradle-plugin:settings-plugin:processResources (Thread[included builds Thread 2,5,main]) started.
Resolve mutations for :expo-gradle-plugin:expo-autolinking-settings-plugin:processResources (Thread[Execution worker Thread 16,5,main]) started.
:gradle-plugin:settings-plugin:processResources (Thread[included builds Thread 2,5,main]) started.
:expo-gradle-plugin:expo-autolinking-settings-plugin:processResources (Thread[Execution worker Thread 16,5,main]) started.

> Task :expo-gradle-plugin:expo-autolinking-settings-plugin:processResources UP-TO-DATE
Caching disabled for task ':expo-gradle-plugin:expo-autolinking-settings-plugin:processResources' because:
  Build cache is disabled
  Not worth caching
Skipping task ':expo-gradle-plugin:expo-autolinking-settings-plugin:processResources' as it is up-to-date.

> Task :gradle-plugin:settings-plugin:processResources UP-TO-DATE
Caching disabled for task ':gradle-plugin:settings-plugin:processResources' because:
  Build cache is disabled
  Not worth caching
Skipping task ':gradle-plugin:settings-plugin:processResources' as it is up-to-date.

> Task :expo-gradle-plugin:expo-autolinking-plugin-shared:compileKotlin UP-TO-DATE
Caching disabled for task ':expo-gradle-plugin:expo-autolinking-plugin-shared:compileKotlin' because:
  Build cache is disabled
Skipping task ':expo-gradle-plugin:expo-autolinking-plugin-shared:compileKotlin' as it is up-to-date.

> Task :gradle-plugin:shared:compileKotlin UP-TO-DATE
Caching disabled for task ':gradle-plugin:shared:compileKotlin' because:
  Build cache is disabled
Skipping task ':gradle-plugin:shared:compileKotlin' as it is up-to-date.
Resolve mutations for :expo-gradle-plugin:expo-autolinking-plugin-shared:compileJava (Thread[Execution worker Thread 18,5,main]) started.
Resolve mutations for :gradle-plugin:shared:compileJava (Thread[Execution worker Thread 19,5,main]) started.
:expo-gradle-plugin:expo-autolinking-plugin-shared:compileJava (Thread[Execution worker Thread 18,5,main]) started.
:gradle-plugin:shared:compileJava (Thread[Execution worker Thread 19,5,main]) started.

> Task :expo-gradle-plugin:expo-autolinking-plugin-shared:compileJava NO-SOURCE
Skipping task ':expo-gradle-plugin:expo-autolinking-plugin-shared:compileJava' as it has no source files and no previous output files.

> Task :gradle-plugin:shared:compileJava NO-SOURCE
Skipping task ':gradle-plugin:shared:compileJava' as it has no source files and no previous output files.
Resolve mutations for :expo-gradle-plugin:expo-autolinking-plugin-shared:processResources (Thread[Execution worker Thread 18,5,main]) started.
Resolve mutations for :gradle-plugin:shared:processResources (Thread[Execution worker Thread 19,5,main]) started.
:expo-gradle-plugin:expo-autolinking-plugin-shared:processResources (Thread[Execution worker,5,main]) started.
:gradle-plugin:shared:processResources (Thread[Execution worker Thread 19,5,main]) started.

> Task :gradle-plugin:shared:processResources NO-SOURCE
Skipping task ':gradle-plugin:shared:processResources' as it has no source files and no previous output files.

> Task :expo-gradle-plugin:expo-autolinking-plugin-shared:processResources NO-SOURCE
Skipping task ':expo-gradle-plugin:expo-autolinking-plugin-shared:processResources' as it has no source files and no previous output files.
Resolve mutations for :gradle-plugin:shared:classes (Thread[Execution worker Thread 19,5,main]) started.
Resolve mutations for :expo-gradle-plugin:expo-autolinking-plugin-shared:classes (Thread[Execution worker,5,main]) started.
:expo-gradle-plugin:expo-autolinking-plugin-shared:classes (Thread[Execution worker,5,main]) started.
:gradle-plugin:shared:classes (Thread[Execution worker Thread 19,5,main]) started.

> Task :expo-gradle-plugin:expo-autolinking-plugin-shared:classes UP-TO-DATE
Skipping task ':expo-gradle-plugin:expo-autolinking-plugin-shared:classes' as it has no actions.
Resolve mutations for :expo-gradle-plugin:expo-autolinking-plugin-shared:jar (Thread[Execution worker,5,main]) started.

> Task :gradle-plugin:shared:classes UP-TO-DATE
Skipping task ':gradle-plugin:shared:classes' as it has no actions.
Resolve mutations for :gradle-plugin:shared:jar (Thread[Execution worker Thread 19,5,main]) started.
:expo-gradle-plugin:expo-autolinking-plugin-shared:jar (Thread[Execution worker,5,main]) started.
:gradle-plugin:shared:jar (Thread[Execution worker Thread 13,5,main]) started.

> Task :gradle-plugin:shared:jar UP-TO-DATE
Caching disabled for task ':gradle-plugin:shared:jar' because:
  Build cache is disabled
  Not worth caching
Skipping task ':gradle-plugin:shared:jar' as it is up-to-date.
work action resolve shared.jar (project :gradle-plugin:shared) (Thread[Execution worker Thread 13,5,main]) started.
Resolve mutations for :gradle-plugin:settings-plugin:compileKotlin (Thread[Execution worker Thread 13,5,main]) started.
:gradle-plugin:settings-plugin:compileKotlin (Thread[Execution worker Thread 13,5,main]) started.

> Task :expo-gradle-plugin:expo-autolinking-plugin-shared:jar UP-TO-DATE
Caching disabled for task ':expo-gradle-plugin:expo-autolinking-plugin-shared:jar' because:
  Build cache is disabled
  Not worth caching
Skipping task ':expo-gradle-plugin:expo-autolinking-plugin-shared:jar' as it is up-to-date.
work action resolve expo-autolinking-plugin-shared-1.0.jar (project :expo-gradle-plugin:expo-autolinking-plugin-shared) (Thread[Execution worker Thread 19,5,main]) started.
Resolve mutations for :expo-gradle-plugin:expo-autolinking-settings-plugin:compileKotlin (Thread[Execution worker Thread 19,5,main]) started.
:expo-gradle-plugin:expo-autolinking-settings-plugin:compileKotlin (Thread[Execution worker Thread 19,5,main]) started.

> Task :gradle-plugin:settings-plugin:compileKotlin UP-TO-DATE
Caching disabled for task ':gradle-plugin:settings-plugin:compileKotlin' because:
  Build cache is disabled
Skipping task ':gradle-plugin:settings-plugin:compileKotlin' as it is up-to-date.
Resolve mutations for :gradle-plugin:settings-plugin:compileJava (Thread[Execution worker Thread 13,5,main]) started.
:gradle-plugin:settings-plugin:compileJava (Thread[Execution worker Thread 13,5,main]) started.

> Task :gradle-plugin:settings-plugin:compileJava NO-SOURCE
Skipping task ':gradle-plugin:settings-plugin:compileJava' as it has no source files and no previous output files.
Resolve mutations for :gradle-plugin:settings-plugin:classes (Thread[Execution worker Thread 13,5,main]) started.
:gradle-plugin:settings-plugin:classes (Thread[Execution worker Thread 13,5,main]) started.

> Task :gradle-plugin:settings-plugin:classes UP-TO-DATE
Skipping task ':gradle-plugin:settings-plugin:classes' as it has no actions.
Resolve mutations for :gradle-plugin:settings-plugin:jar (Thread[Execution worker Thread 13,5,main]) started.
:gradle-plugin:settings-plugin:jar (Thread[Execution worker Thread 13,5,main]) started.

> Task :gradle-plugin:settings-plugin:jar UP-TO-DATE
Caching disabled for task ':gradle-plugin:settings-plugin:jar' because:
  Build cache is disabled
  Not worth caching
Skipping task ':gradle-plugin:settings-plugin:jar' as it is up-to-date.

> Task :expo-gradle-plugin:expo-autolinking-settings-plugin:compileKotlin UP-TO-DATE
Caching disabled for task ':expo-gradle-plugin:expo-autolinking-settings-plugin:compileKotlin' because:
  Build cache is disabled
Skipping task ':expo-gradle-plugin:expo-autolinking-settings-plugin:compileKotlin' as it is up-to-date.
Resolve mutations for :expo-gradle-plugin:expo-autolinking-settings-plugin:compileJava (Thread[Execution worker Thread 13,5,main]) started.
:expo-gradle-plugin:expo-autolinking-settings-plugin:compileJava (Thread[Execution worker Thread 19,5,main]) started.

> Task :expo-gradle-plugin:expo-autolinking-settings-plugin:compileJava NO-SOURCE
Skipping task ':expo-gradle-plugin:expo-autolinking-settings-plugin:compileJava' as it has no source files and no previous output files.
Resolve mutations for :expo-gradle-plugin:expo-autolinking-settings-plugin:classes (Thread[Execution worker Thread 19,5,main]) started.
:expo-gradle-plugin:expo-autolinking-settings-plugin:classes (Thread[Execution worker Thread 16,5,main]) started.

> Task :expo-gradle-plugin:expo-autolinking-settings-plugin:classes UP-TO-DATE
Skipping task ':expo-gradle-plugin:expo-autolinking-settings-plugin:classes' as it has no actions.
Resolve mutations for :expo-gradle-plugin:expo-autolinking-settings-plugin:jar (Thread[Execution worker Thread 16,5,main]) started.
:expo-gradle-plugin:expo-autolinking-settings-plugin:jar (Thread[Execution worker Thread 16,5,main]) started.

> Task :expo-gradle-plugin:expo-autolinking-settings-plugin:jar UP-TO-DATE
Caching disabled for task ':expo-gradle-plugin:expo-autolinking-settings-plugin:jar' because:
  Build cache is disabled
  Not worth caching
Skipping task ':expo-gradle-plugin:expo-autolinking-settings-plugin:jar' as it is up-to-date.
Starting process 'command 'node''. Working directory: D:\MyProjectsUAI\weejobs\android Command: node --print require.resolve('expo-modules-autolinking/package.json', { paths: [require.resolve('expo/package.json')] })
Successfully started process 'command 'node''
Starting process 'command 'cmd''. Working directory: D:\MyProjectsUAI\weejobs\android Command: cmd /c node --no-warnings --eval require('expo/bin/autolinking') expo-modules-autolinking resolve --platform android --json
Successfully started process 'command 'cmd''
Starting process 'command 'node''. Working directory: D:\MyProjectsUAI\weejobs\android Command: node --print require.resolve('react-native/package.json')
Successfully started process 'command 'node''
Starting process 'command 'node''. Working directory: D:\MyProjectsUAI\weejobs\android Command: node --print require.resolve('@react-native/gradle-plugin/package.json', { paths: [require.resolve('react-native/package.json')] })
Successfully started process 'command 'node''
Settings evaluated using settings file 'D:\MyProjectsUAI\weejobs\android\settings.gradle'.
Now considering [D:\MyProjectsUAI\weejobs\node_modules\expo-modules-core\expo-module-gradle-plugin, D:\MyProjectsUAI\weejobs\node_modules\expo-modules-autolinking\android\expo-gradle-plugin, D:\MyProjectsUAI\weejobs\node_modules\@react-native\gradle-plugin, D:\MyProjectsUAI\weejobs\android] as hierarchies to watch
Projects loaded. Root project using build file 'D:\MyProjectsUAI\weejobs\android\build.gradle'.
Included projects: [root project 'WeeJobs', project ':app', project ':expo', project ':expo-constants', project ':expo-log-box', project ':expo-modules-core', project ':react-native-async-storage_async-storage', project ':react-native-worklets']
Registering project ':expo-gradle-plugin' in composite build. Will substitute for module ':expo-gradle-plugin'.
Registering project ':expo-gradle-plugin:expo-autolinking-plugin' in composite build. Will substitute for module 'expo.modules:expo-autolinking-plugin'.
Registering project ':expo-gradle-plugin:expo-autolinking-plugin-shared' in composite build. Will substitute for module 'expo.modules:expo-autolinking-plugin-shared'.
Registering project ':expo-gradle-plugin:expo-autolinking-settings-plugin' in composite build. Will substitute for module 'expo.modules:expo-autolinking-settings-plugin'.
Registering project ':expo-gradle-plugin:expo-max-sdk-override-plugin' in composite build. Will substitute for module 'expo.modules:expo-max-sdk-override-plugin'.

> Configure project :expo-module-gradle-plugin
Evaluating project ':expo-module-gradle-plugin' using build file 'D:\MyProjectsUAI\weejobs\node_modules\expo-modules-core\expo-module-gradle-plugin\build.gradle.kts'.
Resolved plugin [id: 'org.jetbrains.kotlin.jvm', version: '2.1.20']
Resolved plugin [id: 'java-gradle-plugin']
Build 0dc281fe-4fe8-4914-91e9-3157dac2644e is started
Using Kotlin Gradle Plugin gradle85 variant
kotlin scripting plugin: created the scripting discovery configuration: kotlinScriptDef
kotlin scripting plugin: created the scripting discovery configuration: testKotlinScriptDef
Registering project ':expo-module-gradle-plugin' in composite build. Will substitute for module 'expo.modules:expo-module-gradle-plugin'.
Registering project ':gradle-plugin' in composite build. Will substitute for module ':gradle-plugin-root'.
Registering project ':gradle-plugin:react-native-gradle-plugin' in composite build. Will substitute for module 'com.facebook.react:react-native-gradle-plugin'.
Registering project ':gradle-plugin:settings-plugin' in composite build. Will substitute for module 'com.facebook.react:settings-plugin'.
Registering project ':gradle-plugin:shared' in composite build. Will substitute for module 'com.facebook.react:shared'.
Registering project ':gradle-plugin:shared-testutil' in composite build. Will substitute for module 'com.facebook.react:shared-testutil'.
Resolve mutations for :expo-gradle-plugin:expo-autolinking-plugin:checkKotlinGradlePluginConfigurationErrors (Thread[Execution worker Thread 13,5,main]) started.
Resolve mutations for :expo-gradle-plugin:expo-max-sdk-override-plugin:checkKotlinGradlePluginConfigurationErrors (Thread[Execution worker Thread 8,5,main]) started.
destroyer locations for task group 0 (Thread[Execution worker Thread 19,5,main]) started.
:expo-gradle-plugin:expo-autolinking-plugin:checkKotlinGradlePluginConfigurationErrors (Thread[Execution worker Thread 10,5,main]) started.
:expo-gradle-plugin:expo-max-sdk-override-plugin:checkKotlinGradlePluginConfigurationErrors (Thread[Execution worker Thread 8,5,main]) started.
work action resolve expo-autolinking-plugin-shared-1.0.jar (project :expo-gradle-plugin:expo-autolinking-plugin-shared) (Thread[Execution worker Thread 7,5,main]) started.

> Task :expo-gradle-plugin:expo-max-sdk-override-plugin:checkKotlinGradlePluginConfigurationErrors SKIPPED
Skipping task ':expo-gradle-plugin:expo-max-sdk-override-plugin:checkKotlinGradlePluginConfigurationErrors' as task onlyIf 'errorDiagnostics are present' is false.

> Task :expo-gradle-plugin:expo-autolinking-plugin:checkKotlinGradlePluginConfigurationErrors SKIPPED
Skipping task ':expo-gradle-plugin:expo-autolinking-plugin:checkKotlinGradlePluginConfigurationErrors' as task onlyIf 'errorDiagnostics are present' is false.
Resolve mutations for :expo-gradle-plugin:expo-max-sdk-override-plugin:compileKotlin (Thread[Execution worker Thread 8,5,main]) started.

> Task :gradle-plugin:react-native-gradle-plugin:checkKotlinGradlePluginConfigurationErrors SKIPPED
Skipping task ':gradle-plugin:react-native-gradle-plugin:checkKotlinGradlePluginConfigurationErrors' as task onlyIf 'errorDiagnostics are present' is false.
Resolve mutations for :expo-gradle-plugin:expo-autolinking-plugin:compileKotlin (Thread[Execution worker Thread 10,5,main]) started.
:expo-gradle-plugin:expo-max-sdk-override-plugin:compileKotlin (Thread[Execution worker Thread 8,5,main]) started.
:expo-gradle-plugin:expo-autolinking-plugin:compileKotlin (Thread[Execution worker Thread 10,5,main]) started.

> Task :expo-module-gradle-plugin:checkKotlinGradlePluginConfigurationErrors SKIPPED
Skipping task ':expo-module-gradle-plugin:checkKotlinGradlePluginConfigurationErrors' as task onlyIf 'errorDiagnostics are present' is false.

> Task :expo-module-gradle-plugin:pluginDescriptors UP-TO-DATE
Caching disabled for task ':expo-module-gradle-plugin:pluginDescriptors' because:
  Build cache is disabled
  Not worth caching
Skipping task ':expo-module-gradle-plugin:pluginDescriptors' as it is up-to-date.

> Task :expo-module-gradle-plugin:processResources UP-TO-DATE
Caching disabled for task ':expo-module-gradle-plugin:processResources' because:
  Build cache is disabled
  Not worth caching
Skipping task ':expo-module-gradle-plugin:processResources' as it is up-to-date.

> Task :expo-gradle-plugin:expo-max-sdk-override-plugin:compileKotlin UP-TO-DATE
Caching disabled for task ':expo-gradle-plugin:expo-max-sdk-override-plugin:compileKotlin' because:
  Build cache is disabled
Skipping task ':expo-gradle-plugin:expo-max-sdk-override-plugin:compileKotlin' as it is up-to-date.

> Task :expo-gradle-plugin:expo-autolinking-plugin:compileKotlin UP-TO-DATE
Caching disabled for task ':expo-gradle-plugin:expo-autolinking-plugin:compileKotlin' because:
  Build cache is disabled
Skipping task ':expo-gradle-plugin:expo-autolinking-plugin:compileKotlin' as it is up-to-date.
Resolve mutations for :expo-gradle-plugin:expo-max-sdk-override-plugin:compileJava (Thread[Execution worker Thread 8,5,main]) started.
:expo-gradle-plugin:expo-max-sdk-override-plugin:compileJava (Thread[Execution worker Thread 8,5,main]) started.
Resolve mutations for :expo-gradle-plugin:expo-autolinking-plugin:compileJava (Thread[Execution worker Thread 10,5,main]) started.
:expo-gradle-plugin:expo-autolinking-plugin:compileJava (Thread[Execution worker Thread 10,5,main]) started.

> Task :expo-gradle-plugin:expo-max-sdk-override-plugin:compileJava NO-SOURCE
Skipping task ':expo-gradle-plugin:expo-max-sdk-override-plugin:compileJava' as it has no source files and no previous output files.
Resolve mutations for :expo-gradle-plugin:expo-max-sdk-override-plugin:pluginDescriptors (Thread[Execution worker Thread 8,5,main]) started.
:expo-gradle-plugin:expo-max-sdk-override-plugin:pluginDescriptors (Thread[Execution worker Thread 8,5,main]) started.

> Task :expo-gradle-plugin:expo-autolinking-plugin:compileJava NO-SOURCE
Skipping task ':expo-gradle-plugin:expo-autolinking-plugin:compileJava' as it has no source files and no previous output files.
Resolve mutations for :expo-gradle-plugin:expo-autolinking-plugin:pluginDescriptors (Thread[Execution worker Thread 10,5,main]) started.
:expo-gradle-plugin:expo-autolinking-plugin:pluginDescriptors (Thread[Execution worker Thread 10,5,main]) started.

> Task :expo-gradle-plugin:expo-autolinking-plugin:pluginDescriptors UP-TO-DATE
Caching disabled for task ':expo-gradle-plugin:expo-autolinking-plugin:pluginDescriptors' because:
  Build cache is disabled
  Not worth caching
Skipping task ':expo-gradle-plugin:expo-autolinking-plugin:pluginDescriptors' as it is up-to-date.

> Task :expo-gradle-plugin:expo-max-sdk-override-plugin:pluginDescriptors UP-TO-DATE
Caching disabled for task ':expo-gradle-plugin:expo-max-sdk-override-plugin:pluginDescriptors' because:
  Build cache is disabled
  Not worth caching
Skipping task ':expo-gradle-plugin:expo-max-sdk-override-plugin:pluginDescriptors' as it is up-to-date.
Resolve mutations for :expo-gradle-plugin:expo-max-sdk-override-plugin:processResources (Thread[Execution worker,5,main]) started.
Resolve mutations for :expo-gradle-plugin:expo-autolinking-plugin:processResources (Thread[Execution worker Thread 10,5,main]) started.
:expo-gradle-plugin:expo-max-sdk-override-plugin:processResources (Thread[Execution worker,5,main]) started.
:expo-gradle-plugin:expo-autolinking-plugin:processResources (Thread[Execution worker Thread 10,5,main]) started.

> Task :expo-gradle-plugin:expo-max-sdk-override-plugin:processResources UP-TO-DATE
Caching disabled for task ':expo-gradle-plugin:expo-max-sdk-override-plugin:processResources' because:
  Build cache is disabled
  Not worth caching
Skipping task ':expo-gradle-plugin:expo-max-sdk-override-plugin:processResources' as it is up-to-date.
Resolve mutations for :expo-gradle-plugin:expo-max-sdk-override-plugin:classes (Thread[Execution worker,5,main]) started.

> Task :expo-gradle-plugin:expo-autolinking-plugin:processResources UP-TO-DATE
Caching disabled for task ':expo-gradle-plugin:expo-autolinking-plugin:processResources' because:
  Build cache is disabled
  Not worth caching
Skipping task ':expo-gradle-plugin:expo-autolinking-plugin:processResources' as it is up-to-date.
:expo-gradle-plugin:expo-max-sdk-override-plugin:classes (Thread[Execution worker,5,main]) started.

> Task :expo-gradle-plugin:expo-max-sdk-override-plugin:classes UP-TO-DATE
Skipping task ':expo-gradle-plugin:expo-max-sdk-override-plugin:classes' as it has no actions.
Resolve mutations for :expo-gradle-plugin:expo-max-sdk-override-plugin:jar (Thread[Execution worker,5,main]) started.
:expo-gradle-plugin:expo-max-sdk-override-plugin:jar (Thread[Execution worker,5,main]) started.
Resolve mutations for :expo-gradle-plugin:expo-autolinking-plugin:classes (Thread[Execution worker Thread 10,5,main]) started.
:expo-gradle-plugin:expo-autolinking-plugin:classes (Thread[Execution worker Thread 10,5,main]) started.

> Task :expo-gradle-plugin:expo-autolinking-plugin:classes UP-TO-DATE
Skipping task ':expo-gradle-plugin:expo-autolinking-plugin:classes' as it has no actions.
Resolve mutations for :expo-gradle-plugin:expo-autolinking-plugin:jar (Thread[Execution worker Thread 15,5,main]) started.
:expo-gradle-plugin:expo-autolinking-plugin:jar (Thread[Execution worker Thread 15,5,main]) started.

> Task :expo-gradle-plugin:expo-max-sdk-override-plugin:jar UP-TO-DATE
Caching disabled for task ':expo-gradle-plugin:expo-max-sdk-override-plugin:jar' because:
  Build cache is disabled
  Not worth caching
Skipping task ':expo-gradle-plugin:expo-max-sdk-override-plugin:jar' as it is up-to-date.

> Task :expo-gradle-plugin:expo-autolinking-plugin:jar UP-TO-DATE
Caching disabled for task ':expo-gradle-plugin:expo-autolinking-plugin:jar' because:
  Build cache is disabled
  Not worth caching
Skipping task ':expo-gradle-plugin:expo-autolinking-plugin:jar' as it is up-to-date.

> Task :gradle-plugin:react-native-gradle-plugin:compileKotlin UP-TO-DATE
Caching disabled for task ':gradle-plugin:react-native-gradle-plugin:compileKotlin' because:
  Build cache is disabled
Skipping task ':gradle-plugin:react-native-gradle-plugin:compileKotlin' as it is up-to-date.
:gradle-plugin:react-native-gradle-plugin:compileJava (Thread[Execution worker Thread 2,5,main]) started.

> Task :gradle-plugin:react-native-gradle-plugin:compileJava NO-SOURCE
Skipping task ':gradle-plugin:react-native-gradle-plugin:compileJava' as it has no source files and no previous output files.
Resolve mutations for :gradle-plugin:react-native-gradle-plugin:pluginDescriptors (Thread[Execution worker Thread 2,5,main]) started.
:gradle-plugin:react-native-gradle-plugin:pluginDescriptors (Thread[Execution worker Thread 2,5,main]) started.

> Task :gradle-plugin:react-native-gradle-plugin:pluginDescriptors UP-TO-DATE
Caching disabled for task ':gradle-plugin:react-native-gradle-plugin:pluginDescriptors' because:
  Build cache is disabled
  Not worth caching
Skipping task ':gradle-plugin:react-native-gradle-plugin:pluginDescriptors' as it is up-to-date.
Resolve mutations for :gradle-plugin:react-native-gradle-plugin:processResources (Thread[Execution worker Thread 2,5,main]) started.
:gradle-plugin:react-native-gradle-plugin:processResources (Thread[Execution worker Thread 4,5,main]) started.

> Task :gradle-plugin:react-native-gradle-plugin:processResources UP-TO-DATE
Caching disabled for task ':gradle-plugin:react-native-gradle-plugin:processResources' because:
  Build cache is disabled
  Not worth caching
Skipping task ':gradle-plugin:react-native-gradle-plugin:processResources' as it is up-to-date.
Resolve mutations for :gradle-plugin:react-native-gradle-plugin:classes (Thread[Execution worker Thread 4,5,main]) started.
:gradle-plugin:react-native-gradle-plugin:classes (Thread[Execution worker Thread 4,5,main]) started.

> Task :gradle-plugin:react-native-gradle-plugin:classes UP-TO-DATE
Skipping task ':gradle-plugin:react-native-gradle-plugin:classes' as it has no actions.
Resolve mutations for :gradle-plugin:react-native-gradle-plugin:jar (Thread[Execution worker Thread 4,5,main]) started.
:gradle-plugin:react-native-gradle-plugin:jar (Thread[Execution worker Thread 4,5,main]) started.

> Task :gradle-plugin:react-native-gradle-plugin:jar UP-TO-DATE
Caching disabled for task ':gradle-plugin:react-native-gradle-plugin:jar' because:
  Build cache is disabled
  Not worth caching
Skipping task ':gradle-plugin:react-native-gradle-plugin:jar' as it is up-to-date.
work action resolve main (project :gradle-plugin:react-native-gradle-plugin) (Thread[Execution worker Thread 4,5,main]) started.
work action resolve main (project :gradle-plugin:react-native-gradle-plugin) (Thread[Execution worker Thread 4,5,main]) started.
Resolve mutations for :expo-module-gradle-plugin:compileKotlin (Thread[Execution worker Thread 4,5,main]) started.
:expo-module-gradle-plugin:compileKotlin (Thread[Execution worker Thread 16,5,main]) started.

> Task :expo-module-gradle-plugin:compileKotlin UP-TO-DATE
Caching disabled for task ':expo-module-gradle-plugin:compileKotlin' because:
  Build cache is disabled
Skipping task ':expo-module-gradle-plugin:compileKotlin' as it is up-to-date.
Resolve mutations for :expo-module-gradle-plugin:compileJava (Thread[Execution worker Thread 16,5,main]) started.
:expo-module-gradle-plugin:compileJava (Thread[Execution worker Thread 4,5,main]) started.

> Task :expo-module-gradle-plugin:compileJava NO-SOURCE
Skipping task ':expo-module-gradle-plugin:compileJava' as it has no source files and no previous output files.
Resolve mutations for :expo-module-gradle-plugin:classes (Thread[Execution worker Thread 4,5,main]) started.
:expo-module-gradle-plugin:classes (Thread[Execution worker Thread 4,5,main]) started.

> Task :expo-module-gradle-plugin:classes UP-TO-DATE
Skipping task ':expo-module-gradle-plugin:classes' as it has no actions.
Resolve mutations for :expo-module-gradle-plugin:jar (Thread[Execution worker Thread 4,5,main]) started.
:expo-module-gradle-plugin:jar (Thread[Execution worker Thread 4,5,main]) started.

> Task :expo-module-gradle-plugin:jar UP-TO-DATE
Caching disabled for task ':expo-module-gradle-plugin:jar' because:
  Build cache is disabled
  Not worth caching
Skipping task ':expo-module-gradle-plugin:jar' as it is up-to-date.

> Configure project :
Evaluating root project 'WeeJobs' using build file 'D:\MyProjectsUAI\weejobs\android\build.gradle'.
Found project 'project :expo-gradle-plugin:expo-autolinking-plugin' as substitute for module 'expo.modules:expo-autolinking-plugin'.
Found project 'project :expo-gradle-plugin:expo-max-sdk-override-plugin' as substitute for module 'expo.modules:expo-max-sdk-override-plugin'.
Found project 'project :expo-module-gradle-plugin' as substitute for module 'expo.modules:expo-module-gradle-plugin'.
Found project 'project :gradle-plugin:react-native-gradle-plugin' as substitute for module 'com.facebook.react:react-native-gradle-plugin'.
Found project 'project :expo-gradle-plugin:expo-autolinking-plugin-shared' as substitute for module 'expo.modules:expo-autolinking-plugin-shared'.
Found project 'project :gradle-plugin:react-native-gradle-plugin' as substitute for module 'com.facebook.react:react-native-gradle-plugin'.
Found project 'project :expo-gradle-plugin:expo-autolinking-plugin-shared' as substitute for module 'expo.modules:expo-autolinking-plugin-shared'.
Ignoring listeners of task graph ready event, as this build (:expo-gradle-plugin) has already executed work.
Ignoring listeners of task graph ready event, as this build (:gradle-plugin) has already executed work.
Resolve mutations for :expo-module-gradle-plugin:checkKotlinGradlePluginConfigurationErrors (Thread[included builds Thread 2,5,main]) started.
Resolve mutations for :gradle-plugin:react-native-gradle-plugin:checkKotlinGradlePluginConfigurationErrors (Thread[included builds Thread 3,5,main]) started.
:gradle-plugin:react-native-gradle-plugin:checkKotlinGradlePluginConfigurationErrors (Thread[included builds Thread 3,5,main]) started.
:expo-module-gradle-plugin:checkKotlinGradlePluginConfigurationErrors (Thread[included builds Thread 2,5,main]) started.
Resolve mutations for :gradle-plugin:react-native-gradle-plugin:compileKotlin (Thread[included builds Thread 3,5,main]) started.
:gradle-plugin:react-native-gradle-plugin:compileKotlin (Thread[included builds Thread 3,5,main]) started.
Resolve mutations for :expo-module-gradle-plugin:pluginDescriptors (Thread[included builds Thread 2,5,main]) started.
:expo-module-gradle-plugin:pluginDescriptors (Thread[included builds Thread 2,5,main]) started.
Resolve mutations for :expo-module-gradle-plugin:processResources (Thread[included builds Thread 2,5,main]) started.
:expo-module-gradle-plugin:processResources (Thread[included builds Thread 2,5,main]) started.
Resolve mutations for :gradle-plugin:react-native-gradle-plugin:compileJava (Thread[included builds Thread 3,5,main]) started.
other build task :gradle-plugin:react-native-gradle-plugin:compileKotlin (Thread[included builds Thread 2,5,main]) started.
other build task :gradle-plugin:react-native-gradle-plugin:compileJava (Thread[included builds Thread 2,5,main]) started.
[32m[ExpoRootProject][0m Using the following versions:
  - buildTools:  [32m36.0.0[0m
  - minSdk:      [32m24[0m
  - compileSdk:  [32m36[0m
  - targetSdk:   [32m36[0m
  - ndk:         [32m27.1.12297006[0m
  - kotlin:      [32m2.1.20[0m
  - ksp:         [32m2.1.20-2.0.1[0m

> Configure project :app
Evaluating project ':app' using build file 'D:\MyProjectsUAI\weejobs\android\app\build.gradle'.
Using default execution profile
 ??  [33mApplying gradle plugin[0m '[32mexpo-max-sdk-override-plugin[0m'
  [expo-max-sdk-override-plugin] This plugin will find all permissions declared with `android:maxSdkVersion`. If there exists a declaration with the `android:maxSdkVersion` annotation and another one without, the plugin will remove the annotation from the final merged manifest. In order to see a log with the changes run a clean build of the app.
Build c2b8c5cf-4a0d-4b30-8acf-ee70852e2d2e is started
Using Kotlin Gradle Plugin gradle85 variant
C/C++: android.ndkVersion from module build.gradle is [27.1.12297006]
C/C++: android.ndkPath from module build.gradle is not set
C/C++: ndk.dir in local.properties is not set
C/C++: Not considering ANDROID_NDK_HOME because support was removed after deprecation period.
C/C++: sdkFolder is C:\Users\Sosuk\AppData\Local\Android\Sdk
C/C++: android.ndkVersion from module build.gradle is [27.1.12297006]
C/C++: android.ndkPath from module build.gradle is not set
C/C++: ndk.dir in local.properties is not set
C/C++: Not considering ANDROID_NDK_HOME because support was removed after deprecation period.
C/C++: sdkFolder is C:\Users\Sosuk\AppData\Local\Android\Sdk
C/C++: android.ndkVersion from module build.gradle is [27.1.12297006]
C/C++: android.ndkPath from module build.gradle is not set
C/C++: ndk.dir in local.properties is not set
C/C++: Not considering ANDROID_NDK_HOME because support was removed after deprecation period.
C/C++: sdkFolder is C:\Users\Sosuk\AppData\Local\Android\Sdk
C/C++: android.ndkVersion from module build.gradle is [27.1.12297006]
C/C++: android.ndkPath from module build.gradle is not set
C/C++: ndk.dir in local.properties is not set
C/C++: Not considering ANDROID_NDK_HOME because support was removed after deprecation period.
C/C++: sdkFolder is C:\Users\Sosuk\AppData\Local\Android\Sdk
C/C++: android.ndkVersion from module build.gradle is [27.1.12297006]
C/C++: android.ndkPath from module build.gradle is not set
C/C++: ndk.dir in local.properties is not set
C/C++: Not considering ANDROID_NDK_HOME because support was removed after deprecation period.
C/C++: sdkFolder is C:\Users\Sosuk\AppData\Local\Android\Sdk
C/C++: android.ndkVersion from module build.gradle is [27.1.12297006]
C/C++: android.ndkPath from module build.gradle is not set
C/C++: ndk.dir in local.properties is not set
C/C++: Not considering ANDROID_NDK_HOME because support was removed after deprecation period.
C/C++: sdkFolder is C:\Users\Sosuk\AppData\Local\Android\Sdk
C/C++: android.ndkVersion from module build.gradle is [27.1.12297006]
C/C++: android.ndkPath from module build.gradle is not set
C/C++: ndk.dir in local.properties is not set
C/C++: Not considering ANDROID_NDK_HOME because support was removed after deprecation period.
C/C++: sdkFolder is C:\Users\Sosuk\AppData\Local\Android\Sdk
C/C++: android.ndkVersion from module build.gradle is [27.1.12297006]
C/C++: android.ndkPath from module build.gradle is not set
C/C++: ndk.dir in local.properties is not set
C/C++: Not considering ANDROID_NDK_HOME because support was removed after deprecation period.
C/C++: sdkFolder is C:\Users\Sosuk\AppData\Local\Android\Sdk
C/C++: android.ndkVersion from module build.gradle is [27.1.12297006]
C/C++: android.ndkPath from module build.gradle is not set
C/C++: ndk.dir in local.properties is not set
C/C++: Not considering ANDROID_NDK_HOME because support was removed after deprecation period.
C/C++: sdkFolder is C:\Users\Sosuk\AppData\Local\Android\Sdk
C/C++: android.ndkVersion from module build.gradle is [27.1.12297006]
C/C++: android.ndkPath from module build.gradle is not set
C/C++: ndk.dir in local.properties is not set
C/C++: Not considering ANDROID_NDK_HOME because support was removed after deprecation period.
C/C++: sdkFolder is C:\Users\Sosuk\AppData\Local\Android\Sdk
C/C++: android.ndkVersion from module build.gradle is [27.1.12297006]
C/C++: android.ndkPath from module build.gradle is not set
C/C++: ndk.dir in local.properties is not set
C/C++: Not considering ANDROID_NDK_HOME because support was removed after deprecation period.
C/C++: sdkFolder is C:\Users\Sosuk\AppData\Local\Android\Sdk
C/C++: android.ndkVersion from module build.gradle is [27.1.12297006]
C/C++: android.ndkPath from module build.gradle is not set
C/C++: ndk.dir in local.properties is not set
C/C++: Not considering ANDROID_NDK_HOME because support was removed after deprecation period.
C/C++: sdkFolder is C:\Users\Sosuk\AppData\Local\Android\Sdk
C/C++: android.ndkVersion from module build.gradle is [27.1.12297006]
C/C++: android.ndkPath from module build.gradle is not set
C/C++: ndk.dir in local.properties is not set
C/C++: Not considering ANDROID_NDK_HOME because support was removed after deprecation period.
C/C++: sdkFolder is C:\Users\Sosuk\AppData\Local\Android\Sdk
C/C++: android.ndkVersion from module build.gradle is [27.1.12297006]
C/C++: android.ndkPath from module build.gradle is not set
C/C++: ndk.dir in local.properties is not set
C/C++: Not considering ANDROID_NDK_HOME because support was removed after deprecation period.
C/C++: sdkFolder is C:\Users\Sosuk\AppData\Local\Android\Sdk
C/C++: android.ndkVersion from module build.gradle is [27.1.12297006]
C/C++: android.ndkPath from module build.gradle is not set
C/C++: ndk.dir in local.properties is not set
C/C++: Not considering ANDROID_NDK_HOME because support was removed after deprecation period.
C/C++: sdkFolder is C:\Users\Sosuk\AppData\Local\Android\Sdk
C/C++: android.ndkVersion from module build.gradle is [27.1.12297006]
C/C++: android.ndkPath from module build.gradle is not set
C/C++: ndk.dir in local.properties is not set
C/C++: Not considering ANDROID_NDK_HOME because support was removed after deprecation period.
C/C++: sdkFolder is C:\Users\Sosuk\AppData\Local\Android\Sdk
C/C++: android.ndkVersion from module build.gradle is [27.1.12297006]
C/C++: android.ndkPath from module build.gradle is not set
C/C++: ndk.dir in local.properties is not set
C/C++: Not considering ANDROID_NDK_HOME because support was removed after deprecation period.
C/C++: sdkFolder is C:\Users\Sosuk\AppData\Local\Android\Sdk
C/C++: android.ndkVersion from module build.gradle is [27.1.12297006]
C/C++: android.ndkPath from module build.gradle is not set
C/C++: ndk.dir in local.properties is not set
C/C++: Not considering ANDROID_NDK_HOME because support was removed after deprecation period.
C/C++: sdkFolder is C:\Users\Sosuk\AppData\Local\Android\Sdk
C/C++: android.ndkVersion from module build.gradle is [27.1.12297006]
C/C++: android.ndkPath from module build.gradle is not set
C/C++: ndk.dir in local.properties is not set
C/C++: Not considering ANDROID_NDK_HOME because support was removed after deprecation period.
C/C++: sdkFolder is C:\Users\Sosuk\AppData\Local\Android\Sdk

> Configure project :expo-log-box
Evaluating project ':expo-log-box' using build file 'D:\MyProjectsUAI\weejobs\node_modules\@expo\log-box\android\build.gradle'.
Resolved plugin [id: 'com.android.library']
Resolved plugin [id: 'expo-module-gradle-plugin']
Using default execution profile
Using Kotlin Gradle Plugin gradle85 variant

> Configure project :expo-constants
Evaluating project ':expo-constants' using build file 'D:\MyProjectsUAI\weejobs\node_modules\expo-constants\android\build.gradle'.
Resolved plugin [id: 'com.android.library']
Resolved plugin [id: 'expo-module-gradle-plugin']
Using default execution profile
Using Kotlin Gradle Plugin gradle85 variant
Starting process 'command 'node''. Working directory: D:\MyProjectsUAI\weejobs\node_modules\expo-constants\android Command: node -e console.log(require('path').dirname(require.resolve('expo-constants/package.json')));
Successfully started process 'command 'node''

> Configure project :expo
Evaluating project ':expo' using build file 'D:\MyProjectsUAI\weejobs\node_modules\expo\android\build.gradle'.
Using default execution profile
Using Kotlin Gradle Plugin gradle85 variant

Using expo modules
  - [32mexpo-log-box[0m (55.0.8)
  - [32mexpo-constants[0m (55.0.9)

> Configure project :react-native-worklets
Evaluating project ':react-native-worklets' using build file 'D:\MyProjectsUAI\weejobs\node_modules\react-native-worklets\android\build.gradle'.
Starting process 'command 'node''. Working directory: D:\MyProjectsUAI\weejobs\android Command: node --print require.resolve('react-native/package.json')
Successfully started process 'command 'node''
Starting process 'command 'node''. Working directory: D:\MyProjectsUAI\weejobs\android Command: node --print require.resolve('react-native/package.json')
Successfully started process 'command 'node''
Starting process 'command 'node''. Working directory: D:\MyProjectsUAI\weejobs\android Command: node --print require.resolve('react-native/package.json')
Successfully started process 'command 'node''
Starting process 'command 'node''. Working directory: D:\MyProjectsUAI\weejobs\android Command: node --print require.resolve('react-native/package.json')
Successfully started process 'command 'node''
Starting process 'command 'node''. Working directory: D:\MyProjectsUAI\weejobs\android Command: node --print require.resolve('react-native/package.json')
Successfully started process 'command 'node''
Starting process 'command 'node''. Working directory: D:\MyProjectsUAI\weejobs\android Command: node --print require.resolve('react-native/package.json')
Successfully started process 'command 'node''
Using default execution profile
Using Kotlin Gradle Plugin gradle85 variant
C/C++: android.ndkVersion from module build.gradle is [27.1.12297006]
C/C++: android.ndkPath from module build.gradle is not set
C/C++: ndk.dir in local.properties is not set
C/C++: Not considering ANDROID_NDK_HOME because support was removed after deprecation period.
C/C++: sdkFolder is C:\Users\Sosuk\AppData\Local\Android\Sdk
C/C++: android.ndkVersion from module build.gradle is [27.1.12297006]
C/C++: android.ndkPath from module build.gradle is not set
C/C++: ndk.dir in local.properties is not set
C/C++: Not considering ANDROID_NDK_HOME because support was removed after deprecation period.
C/C++: sdkFolder is C:\Users\Sosuk\AppData\Local\Android\Sdk
C/C++: android.ndkVersion from module build.gradle is [27.1.12297006]
C/C++: android.ndkPath from module build.gradle is not set
C/C++: ndk.dir in local.properties is not set
C/C++: Not considering ANDROID_NDK_HOME because support was removed after deprecation period.
C/C++: sdkFolder is C:\Users\Sosuk\AppData\Local\Android\Sdk
C/C++: android.ndkVersion from module build.gradle is [27.1.12297006]
C/C++: android.ndkPath from module build.gradle is not set
C/C++: ndk.dir in local.properties is not set
C/C++: Not considering ANDROID_NDK_HOME because support was removed after deprecation period.
C/C++: sdkFolder is C:\Users\Sosuk\AppData\Local\Android\Sdk
C/C++: android.ndkVersion from module build.gradle is [27.1.12297006]
C/C++: android.ndkPath from module build.gradle is not set
C/C++: ndk.dir in local.properties is not set
C/C++: Not considering ANDROID_NDK_HOME because support was removed after deprecation period.
C/C++: sdkFolder is C:\Users\Sosuk\AppData\Local\Android\Sdk
C/C++: android.ndkVersion from module build.gradle is [27.1.12297006]
C/C++: android.ndkPath from module build.gradle is not set
C/C++: ndk.dir in local.properties is not set
C/C++: Not considering ANDROID_NDK_HOME because support was removed after deprecation period.
C/C++: sdkFolder is C:\Users\Sosuk\AppData\Local\Android\Sdk
C/C++: android.ndkVersion from module build.gradle is [27.1.12297006]
C/C++: android.ndkPath from module build.gradle is not set
C/C++: ndk.dir in local.properties is not set
C/C++: Not considering ANDROID_NDK_HOME because support was removed after deprecation period.
C/C++: sdkFolder is C:\Users\Sosuk\AppData\Local\Android\Sdk
C/C++: android.ndkVersion from module build.gradle is [27.1.12297006]
C/C++: android.ndkPath from module build.gradle is not set
C/C++: ndk.dir in local.properties is not set
C/C++: Not considering ANDROID_NDK_HOME because support was removed after deprecation period.
C/C++: sdkFolder is C:\Users\Sosuk\AppData\Local\Android\Sdk
C/C++: android.ndkVersion from module build.gradle is [27.1.12297006]
C/C++: android.ndkPath from module build.gradle is not set
C/C++: ndk.dir in local.properties is not set
C/C++: Not considering ANDROID_NDK_HOME because support was removed after deprecation period.
C/C++: sdkFolder is C:\Users\Sosuk\AppData\Local\Android\Sdk
C/C++: android.ndkVersion from module build.gradle is [27.1.12297006]
C/C++: android.ndkPath from module build.gradle is not set
C/C++: ndk.dir in local.properties is not set
C/C++: Not considering ANDROID_NDK_HOME because support was removed after deprecation period.
C/C++: sdkFolder is C:\Users\Sosuk\AppData\Local\Android\Sdk
C/C++: android.ndkVersion from module build.gradle is [27.1.12297006]
C/C++: android.ndkPath from module build.gradle is not set
C/C++: ndk.dir in local.properties is not set
C/C++: Not considering ANDROID_NDK_HOME because support was removed after deprecation period.
C/C++: sdkFolder is C:\Users\Sosuk\AppData\Local\Android\Sdk
C/C++: android.ndkVersion from module build.gradle is [27.1.12297006]
C/C++: android.ndkPath from module build.gradle is not set
C/C++: ndk.dir in local.properties is not set
C/C++: Not considering ANDROID_NDK_HOME because support was removed after deprecation period.
C/C++: sdkFolder is C:\Users\Sosuk\AppData\Local\Android\Sdk
C/C++: android.ndkVersion from module build.gradle is [27.1.12297006]
C/C++: android.ndkPath from module build.gradle is not set
C/C++: ndk.dir in local.properties is not set
C/C++: Not considering ANDROID_NDK_HOME because support was removed after deprecation period.
C/C++: sdkFolder is C:\Users\Sosuk\AppData\Local\Android\Sdk

> Configure project :expo-modules-core
Evaluating project ':expo-modules-core' using build file 'D:\MyProjectsUAI\weejobs\node_modules\expo-modules-core\android\build.gradle'.
Using default execution profile
Using Kotlin Gradle Plugin gradle85 variant
Starting process 'command 'node''. Working directory: D:\MyProjectsUAI\weejobs\android Command: node --print require.resolve('react-native/package.json')
Successfully started process 'command 'node''
C/C++: android.ndkVersion from module build.gradle is [27.1.12297006]
C/C++: android.ndkPath from module build.gradle is not set
C/C++: ndk.dir in local.properties is not set
C/C++: Not considering ANDROID_NDK_HOME because support was removed after deprecation period.
C/C++: sdkFolder is C:\Users\Sosuk\AppData\Local\Android\Sdk
C/C++: android.ndkVersion from module build.gradle is [27.1.12297006]
C/C++: android.ndkPath from module build.gradle is not set
C/C++: ndk.dir in local.properties is not set
C/C++: Not considering ANDROID_NDK_HOME because support was removed after deprecation period.
C/C++: sdkFolder is C:\Users\Sosuk\AppData\Local\Android\Sdk
C/C++: android.ndkVersion from module build.gradle is [27.1.12297006]
C/C++: android.ndkPath from module build.gradle is not set
C/C++: ndk.dir in local.properties is not set
C/C++: Not considering ANDROID_NDK_HOME because support was removed after deprecation period.
C/C++: sdkFolder is C:\Users\Sosuk\AppData\Local\Android\Sdk
C/C++: android.ndkVersion from module build.gradle is [27.1.12297006]
C/C++: android.ndkPath from module build.gradle is not set
C/C++: ndk.dir in local.properties is not set
C/C++: Not considering ANDROID_NDK_HOME because support was removed after deprecation period.
C/C++: sdkFolder is C:\Users\Sosuk\AppData\Local\Android\Sdk
C/C++: android.ndkVersion from module build.gradle is [27.1.12297006]
C/C++: android.ndkPath from module build.gradle is not set
C/C++: ndk.dir in local.properties is not set
C/C++: Not considering ANDROID_NDK_HOME because support was removed after deprecation period.
C/C++: sdkFolder is C:\Users\Sosuk\AppData\Local\Android\Sdk
C/C++: android.ndkVersion from module build.gradle is [27.1.12297006]
C/C++: android.ndkPath from module build.gradle is not set
C/C++: ndk.dir in local.properties is not set
C/C++: Not considering ANDROID_NDK_HOME because support was removed after deprecation period.
C/C++: sdkFolder is C:\Users\Sosuk\AppData\Local\Android\Sdk
C/C++: android.ndkVersion from module build.gradle is [27.1.12297006]
C/C++: android.ndkPath from module build.gradle is not set
C/C++: ndk.dir in local.properties is not set
C/C++: Not considering ANDROID_NDK_HOME because support was removed after deprecation period.
C/C++: sdkFolder is C:\Users\Sosuk\AppData\Local\Android\Sdk
C/C++: android.ndkVersion from module build.gradle is [27.1.12297006]
C/C++: android.ndkPath from module build.gradle is not set
C/C++: ndk.dir in local.properties is not set
C/C++: Not considering ANDROID_NDK_HOME because support was removed after deprecation period.
C/C++: sdkFolder is C:\Users\Sosuk\AppData\Local\Android\Sdk
C/C++: android.ndkVersion from module build.gradle is [27.1.12297006]
C/C++: android.ndkPath from module build.gradle is not set
C/C++: ndk.dir in local.properties is not set
C/C++: Not considering ANDROID_NDK_HOME because support was removed after deprecation period.
C/C++: sdkFolder is C:\Users\Sosuk\AppData\Local\Android\Sdk
C/C++: android.ndkVersion from module build.gradle is [27.1.12297006]
C/C++: android.ndkPath from module build.gradle is not set
C/C++: ndk.dir in local.properties is not set
C/C++: Not considering ANDROID_NDK_HOME because support was removed after deprecation period.
C/C++: sdkFolder is C:\Users\Sosuk\AppData\Local\Android\Sdk
C/C++: android.ndkVersion from module build.gradle is [27.1.12297006]
C/C++: android.ndkPath from module build.gradle is not set
C/C++: ndk.dir in local.properties is not set
C/C++: Not considering ANDROID_NDK_HOME because support was removed after deprecation period.
C/C++: sdkFolder is C:\Users\Sosuk\AppData\Local\Android\Sdk
C/C++: android.ndkVersion from module build.gradle is [27.1.12297006]
C/C++: android.ndkPath from module build.gradle is not set
C/C++: ndk.dir in local.properties is not set
C/C++: Not considering ANDROID_NDK_HOME because support was removed after deprecation period.
C/C++: sdkFolder is C:\Users\Sosuk\AppData\Local\Android\Sdk
C/C++: android.ndkVersion from module build.gradle is [27.1.12297006]
C/C++: android.ndkPath from module build.gradle is not set
C/C++: ndk.dir in local.properties is not set
C/C++: Not considering ANDROID_NDK_HOME because support was removed after deprecation period.
C/C++: sdkFolder is C:\Users\Sosuk\AppData\Local\Android\Sdk
Linking react-native-worklets native libs into expo-modules-core build tasks
task ':react-native-worklets:mergeDebugNativeLibs'
task ':react-native-worklets:mergeReleaseNativeLibs'

> Configure project :expo
  - [32mexpo-modules-core[0m (55.0.18)
  - [33m[?][0m [32mexpo-dom-webview[0m (55.0.3)
  - [33m[?][0m [32mexpo-asset[0m (55.0.10)
  - [33m[?][0m [32mexpo-file-system[0m (55.0.12)
  - [33m[?][0m [32mexpo-font[0m (55.0.4)
  - [33m[?][0m [32mexpo-image[0m (55.0.7-canary-20260327-0789fbc)
  - [33m[?][0m [32mexpo-image-loader[0m (55.0.1-canary-20260327-0789fbc)
  - [33m[?][0m [32mexpo-image-picker[0m (55.0.15-canary-20260327-0789fbc)
  - [33m[?][0m [32mexpo-keep-awake[0m (55.0.4)
  - [33m[?][0m [32mexpo-router[0m (55.0.9-canary-20260327-0789fbc)
  - [33m[?][0m [32mexpo-splash-screen[0m (55.0.14-canary-20260327-0789fbc)


> Configure project :react-native-async-storage_async-storage
Evaluating project ':react-native-async-storage_async-storage' using build file 'D:\MyProjectsUAI\weejobs\node_modules\@react-native-async-storage\async-storage\android\build.gradle'.
[AsyncStorage] Using kotlin version: 2.1.20
[AsyncStorage] Overriden ksp version: 2.1.20-2.0.1
[AsyncStorage] Using kotlin version: 2.1.20
[AsyncStorage] Overriden ksp version: 2.1.20-2.0.1
Using default execution profile
Using Kotlin Gradle Plugin gradle85 variant
All projects evaluated.
Task name matched 'clean'
Selected primary task 'clean' from project :
Tasks to be executed: [task ':app:externalNativeBuildCleanDebug', task ':app:externalNativeBuildCleanDebugOptimized', task ':app:externalNativeBuildCleanRelease', task ':app:clean', task ':expo:clean', task ':expo-constants:clean', task ':expo-log-box:clean', task ':expo-modules-core:externalNativeBuildCleanDebug', task ':expo-modules-core:externalNativeBuildCleanRelease', task ':expo-modules-core:clean', task ':react-native-async-storage_async-storage:clean', task ':react-native-worklets:externalNativeBuildCleanDebug', task ':react-native-worklets:externalNativeBuildCleanRelease', task ':react-native-worklets:clean', task ':react-native-worklets:cleanCMakeCache']
Tasks that were excluded: []
Resolve mutations for :app:externalNativeBuildCleanDebug (Thread[Execution worker Thread 5,5,main]) started.
Resolve mutations for :expo-constants:clean (Thread[Execution worker Thread 19,5,main]) started.
Resolve mutations for :expo:clean (Thread[Execution worker Thread 11,5,main]) started.
Resolve mutations for :expo-modules-core:externalNativeBuildCleanDebug (Thread[Execution worker Thread 13,5,main]) started.
Resolve mutations for :expo-log-box:clean (Thread[Execution worker Thread 7,5,main]) started.
Resolve mutations for :react-native-async-storage_async-storage:clean (Thread[Execution worker Thread 8,5,main]) started.
Resolve mutations for :react-native-worklets:externalNativeBuildCleanDebug (Thread[Execution worker Thread 2,5,main]) started.
:expo-constants:clean (Thread[Execution worker Thread 19,5,main]) started.
:react-native-worklets:externalNativeBuildCleanDebug (Thread[Execution worker Thread 2,5,main]) started.
:app:externalNativeBuildCleanDebug (Thread[Execution worker Thread 5,5,main]) started.
:react-native-async-storage_async-storage:clean (Thread[Execution worker Thread 8,5,main]) started.
:expo-log-box:clean (Thread[Execution worker Thread 7,5,main]) started.
:expo-modules-core:externalNativeBuildCleanDebug (Thread[Execution worker Thread 13,5,main]) started.
:expo:clean (Thread[Execution worker Thread 11,5,main]) started.

> Task :app:externalNativeBuildCleanDebug
Caching disabled for task ':app:externalNativeBuildCleanDebug' because:
  Build cache is disabled
Task ':app:externalNativeBuildCleanDebug' is not up-to-date because:
  Task has not declared any outputs despite executing actions.
C/C++: starting clean
C/C++: finding existing JSONs
C/C++: Json file not found so contents couldn't be cleaned D:\MyProjectsUAI\weejobs\android\app\.cxx\Debug\2c2f6v4n\armeabi-v7a\android_gradle_build.json
C/C++: Json file not found so contents couldn't be cleaned D:\MyProjectsUAI\weejobs\android\app\.cxx\Debug\2c2f6v4n\arm64-v8a\android_gradle_build.json
C/C++: Json file not found so contents couldn't be cleaned D:\MyProjectsUAI\weejobs\android\app\.cxx\Debug\2c2f6v4n\x86\android_gradle_build.json
C/C++: Json file not found so contents couldn't be cleaned D:\MyProjectsUAI\weejobs\android\app\.cxx\Debug\2c2f6v4n\x86_64\android_gradle_build.json
C/C++: Json file not found so contents couldn't be cleaned D:\MyProjectsUAI\weejobs\android\app\.cxx\Debug\2c2f6v4n\riscv64\android_gradle_build.json
C/C++: about to execute 0 clean command batches
C/C++: clean complete
Resolve mutations for :app:externalNativeBuildCleanDebugOptimized (Thread[Execution worker Thread 5,5,main]) started.
:app:externalNativeBuildCleanDebugOptimized (Thread[Execution worker Thread 5,5,main]) started.

> Task :app:externalNativeBuildCleanDebugOptimized
Caching disabled for task ':app:externalNativeBuildCleanDebugOptimized' because:
  Build cache is disabled
Task ':app:externalNativeBuildCleanDebugOptimized' is not up-to-date because:
  Task has not declared any outputs despite executing actions.
C/C++: starting clean
C/C++: finding existing JSONs
C/C++: Json file not found so contents couldn't be cleaned D:\MyProjectsUAI\weejobs\android\app\.cxx\Release\4h2hi185\armeabi-v7a\android_gradle_build.json
C/C++: Json file not found so contents couldn't be cleaned D:\MyProjectsUAI\weejobs\android\app\.cxx\Release\4h2hi185\arm64-v8a\android_gradle_build.json
C/C++: Json file not found so contents couldn't be cleaned D:\MyProjectsUAI\weejobs\android\app\.cxx\Release\4h2hi185\x86\android_gradle_build.json
C/C++: Json file not found so contents couldn't be cleaned D:\MyProjectsUAI\weejobs\android\app\.cxx\Release\4h2hi185\x86_64\android_gradle_build.json
C/C++: Json file not found so contents couldn't be cleaned D:\MyProjectsUAI\weejobs\android\app\.cxx\Release\4h2hi185\riscv64\android_gradle_build.json
C/C++: about to execute 0 clean command batches
C/C++: clean complete
Resolve mutations for :app:externalNativeBuildCleanRelease (Thread[Execution worker Thread 5,5,main]) started.
:app:externalNativeBuildCleanRelease (Thread[Execution worker Thread 5,5,main]) started.

> Task :app:externalNativeBuildCleanRelease
Caching disabled for task ':app:externalNativeBuildCleanRelease' because:
  Build cache is disabled
Task ':app:externalNativeBuildCleanRelease' is not up-to-date because:
  Task has not declared any outputs despite executing actions.
C/C++: starting clean
C/C++: finding existing JSONs
C/C++: Json file not found so contents couldn't be cleaned D:\MyProjectsUAI\weejobs\android\app\.cxx\RelWithDebInfo\4f81z381\armeabi-v7a\android_gradle_build.json
C/C++: Json file not found so contents couldn't be cleaned D:\MyProjectsUAI\weejobs\android\app\.cxx\RelWithDebInfo\4f81z381\arm64-v8a\android_gradle_build.json
C/C++: Json file not found so contents couldn't be cleaned D:\MyProjectsUAI\weejobs\android\app\.cxx\RelWithDebInfo\4f81z381\x86\android_gradle_build.json
C/C++: Json file not found so contents couldn't be cleaned D:\MyProjectsUAI\weejobs\android\app\.cxx\RelWithDebInfo\4f81z381\x86_64\android_gradle_build.json
C/C++: Json file not found so contents couldn't be cleaned D:\MyProjectsUAI\weejobs\android\app\.cxx\RelWithDebInfo\4f81z381\riscv64\android_gradle_build.json
C/C++: about to execute 0 clean command batches
C/C++: clean complete
Resolve mutations for :app:clean (Thread[Execution worker Thread 5,5,main]) started.
:app:clean (Thread[Execution worker Thread 5,5,main]) started.

> Task :expo-constants:clean
Caching disabled for task ':expo-constants:clean' because:
  Build cache is disabled
Task ':expo-constants:clean' is not up-to-date because:
  Task has not declared any outputs despite executing actions.

> Task :expo-log-box:clean
Caching disabled for task ':expo-log-box:clean' because:
  Build cache is disabled
Task ':expo-log-box:clean' is not up-to-date because:
  Task has not declared any outputs despite executing actions.

> Task :react-native-async-storage_async-storage:clean
Caching disabled for task ':react-native-async-storage_async-storage:clean' because:
  Build cache is disabled
Task ':react-native-async-storage_async-storage:clean' is not up-to-date because:
  Task has not declared any outputs despite executing actions.

> Task :expo:clean
Caching disabled for task ':expo:clean' because:
  Build cache is disabled
Task ':expo:clean' is not up-to-date because:
  Task has not declared any outputs despite executing actions.

> Task :app:clean
Caching disabled for task ':app:clean' because:
  Build cache is disabled
Task ':app:clean' is not up-to-date because:
  Task has not declared any outputs despite executing actions.

> Task :expo-modules-core:externalNativeBuildCleanDebug
Caching disabled for task ':expo-modules-core:externalNativeBuildCleanDebug' because:
  Build cache is disabled
Task ':expo-modules-core:externalNativeBuildCleanDebug' is not up-to-date because:
  Task has not declared any outputs despite executing actions.
C/C++: starting clean
C/C++: finding existing JSONs
C/C++: Json file not found so contents couldn't be cleaned D:\MyProjectsUAI\weejobs\node_modules\expo-modules-core\android\.cxx\Debug\711z1g23\riscv64\android_gradle_build.json
C/C++: about to execute 4 clean command batches
Clean expo-modules-jsi-armeabi-v7a, expo-modules-core-armeabi-v7a
C/C++: @echo off
"C:\\Users\\Sosuk\\AppData\\Local\\Android\\Sdk\\cmake\\3.22.1\\bin\\ninja.exe" ^
  -C ^
  "D:\\MyProjectsUAI\\weejobs\\node_modules\\expo-modules-core\\android\\.cxx\\Debug\\711z1g23\\armeabi-v7a" ^
  clean

Starting process 'command 'C:\Users\Sosuk\AppData\Local\Android\Sdk\cmake\3.22.1\bin\ninja.exe''. Working directory: D:\MyProjectsUAI\weejobs\node_modules\expo-modules-core\android Command: C:\Users\Sosuk\AppData\Local\Android\Sdk\cmake\3.22.1\bin\ninja.exe -C D:\MyProjectsUAI\weejobs\node_modules\expo-modules-core\android\.cxx\Debug\711z1g23\armeabi-v7a clean
Successfully started process 'command 'C:\Users\Sosuk\AppData\Local\Android\Sdk\cmake\3.22.1\bin\ninja.exe''
C/C++: Received process result: 0
Clean expo-modules-jsi-arm64-v8a, expo-modules-core-arm64-v8a
C/C++: @echo off
"C:\\Users\\Sosuk\\AppData\\Local\\Android\\Sdk\\cmake\\3.22.1\\bin\\ninja.exe" ^
  -C ^
  "D:\\MyProjectsUAI\\weejobs\\node_modules\\expo-modules-core\\android\\.cxx\\Debug\\711z1g23\\arm64-v8a" ^
  clean

Starting process 'command 'C:\Users\Sosuk\AppData\Local\Android\Sdk\cmake\3.22.1\bin\ninja.exe''. Working directory: D:\MyProjectsUAI\weejobs\node_modules\expo-modules-core\android Command: C:\Users\Sosuk\AppData\Local\Android\Sdk\cmake\3.22.1\bin\ninja.exe -C D:\MyProjectsUAI\weejobs\node_modules\expo-modules-core\android\.cxx\Debug\711z1g23\arm64-v8a clean
Successfully started process 'command 'C:\Users\Sosuk\AppData\Local\Android\Sdk\cmake\3.22.1\bin\ninja.exe''
C/C++: Received process result: 0
Clean expo-modules-jsi-x86, expo-modules-core-x86
C/C++: @echo off
"C:\\Users\\Sosuk\\AppData\\Local\\Android\\Sdk\\cmake\\3.22.1\\bin\\ninja.exe" ^
  -C ^
  "D:\\MyProjectsUAI\\weejobs\\node_modules\\expo-modules-core\\android\\.cxx\\Debug\\711z1g23\\x86" ^
  clean

Starting process 'command 'C:\Users\Sosuk\AppData\Local\Android\Sdk\cmake\3.22.1\bin\ninja.exe''. Working directory: D:\MyProjectsUAI\weejobs\node_modules\expo-modules-core\android Command: C:\Users\Sosuk\AppData\Local\Android\Sdk\cmake\3.22.1\bin\ninja.exe -C D:\MyProjectsUAI\weejobs\node_modules\expo-modules-core\android\.cxx\Debug\711z1g23\x86 clean
Successfully started process 'command 'C:\Users\Sosuk\AppData\Local\Android\Sdk\cmake\3.22.1\bin\ninja.exe''
C/C++: Received process result: 0
Clean expo-modules-jsi-x86_64, expo-modules-core-x86_64
C/C++: @echo off
"C:\\Users\\Sosuk\\AppData\\Local\\Android\\Sdk\\cmake\\3.22.1\\bin\\ninja.exe" ^
  -C ^
  "D:\\MyProjectsUAI\\weejobs\\node_modules\\expo-modules-core\\android\\.cxx\\Debug\\711z1g23\\x86_64" ^
  clean

Starting process 'command 'C:\Users\Sosuk\AppData\Local\Android\Sdk\cmake\3.22.1\bin\ninja.exe''. Working directory: D:\MyProjectsUAI\weejobs\node_modules\expo-modules-core\android Command: C:\Users\Sosuk\AppData\Local\Android\Sdk\cmake\3.22.1\bin\ninja.exe -C D:\MyProjectsUAI\weejobs\node_modules\expo-modules-core\android\.cxx\Debug\711z1g23\x86_64 clean
Successfully started process 'command 'C:\Users\Sosuk\AppData\Local\Android\Sdk\cmake\3.22.1\bin\ninja.exe''
C/C++: Received process result: 0
C/C++: clean complete
Resolve mutations for :expo-modules-core:externalNativeBuildCleanRelease (Thread[Execution worker Thread 13,5,main]) started.
:expo-modules-core:externalNativeBuildCleanRelease (Thread[Execution worker Thread 13,5,main]) started.

> Task :expo-modules-core:externalNativeBuildCleanRelease
Caching disabled for task ':expo-modules-core:externalNativeBuildCleanRelease' because:
  Build cache is disabled
Task ':expo-modules-core:externalNativeBuildCleanRelease' is not up-to-date because:
  Task has not declared any outputs despite executing actions.
C/C++: starting clean
C/C++: finding existing JSONs
C/C++: Json file not found so contents couldn't be cleaned D:\MyProjectsUAI\weejobs\node_modules\expo-modules-core\android\.cxx\RelWithDebInfo\3m1ih453\armeabi-v7a\android_gradle_build.json
C/C++: Json file not found so contents couldn't be cleaned D:\MyProjectsUAI\weejobs\node_modules\expo-modules-core\android\.cxx\RelWithDebInfo\3m1ih453\arm64-v8a\android_gradle_build.json
C/C++: Json file not found so contents couldn't be cleaned D:\MyProjectsUAI\weejobs\node_modules\expo-modules-core\android\.cxx\RelWithDebInfo\3m1ih453\x86\android_gradle_build.json
C/C++: Json file not found so contents couldn't be cleaned D:\MyProjectsUAI\weejobs\node_modules\expo-modules-core\android\.cxx\RelWithDebInfo\3m1ih453\x86_64\android_gradle_build.json
C/C++: Json file not found so contents couldn't be cleaned D:\MyProjectsUAI\weejobs\node_modules\expo-modules-core\android\.cxx\RelWithDebInfo\3m1ih453\riscv64\android_gradle_build.json
C/C++: about to execute 0 clean command batches
C/C++: clean complete
Resolve mutations for :expo-modules-core:clean (Thread[Execution worker Thread 9,5,main]) started.
:expo-modules-core:clean (Thread[Execution worker Thread 9,5,main]) started.

> Task :react-native-worklets:externalNativeBuildCleanDebug
Caching disabled for task ':react-native-worklets:externalNativeBuildCleanDebug' because:
  Build cache is disabled
Task ':react-native-worklets:externalNativeBuildCleanDebug' is not up-to-date because:
  Task has not declared any outputs despite executing actions.
C/C++: starting clean
C/C++: finding existing JSONs
C/C++: Json file not found so contents couldn't be cleaned D:\MyProjectsUAI\weejobs\node_modules\react-native-worklets\android\.cxx\Debug\5mt3p195\riscv64\android_gradle_build.json
C/C++: about to execute 4 clean command batches
Clean worklets-armeabi-v7a
C/C++: @echo off
"C:\\Users\\Sosuk\\AppData\\Local\\Android\\Sdk\\cmake\\3.22.1\\bin\\ninja.exe" ^
  -C ^
  "D:\\MyProjectsUAI\\weejobs\\node_modules\\react-native-worklets\\android\\.cxx\\Debug\\5mt3p195\\armeabi-v7a" ^
  clean

Starting process 'command 'C:\Users\Sosuk\AppData\Local\Android\Sdk\cmake\3.22.1\bin\ninja.exe''. Working directory: D:\MyProjectsUAI\weejobs\node_modules\react-native-worklets\android Command: C:\Users\Sosuk\AppData\Local\Android\Sdk\cmake\3.22.1\bin\ninja.exe -C D:\MyProjectsUAI\weejobs\node_modules\react-native-worklets\android\.cxx\Debug\5mt3p195\armeabi-v7a clean
Successfully started process 'command 'C:\Users\Sosuk\AppData\Local\Android\Sdk\cmake\3.22.1\bin\ninja.exe''
C/C++: Received process result: 0
Clean worklets-arm64-v8a
C/C++: @echo off
"C:\\Users\\Sosuk\\AppData\\Local\\Android\\Sdk\\cmake\\3.22.1\\bin\\ninja.exe" ^
  -C ^
  "D:\\MyProjectsUAI\\weejobs\\node_modules\\react-native-worklets\\android\\.cxx\\Debug\\5mt3p195\\arm64-v8a" ^
  clean

Starting process 'command 'C:\Users\Sosuk\AppData\Local\Android\Sdk\cmake\3.22.1\bin\ninja.exe''. Working directory: D:\MyProjectsUAI\weejobs\node_modules\react-native-worklets\android Command: C:\Users\Sosuk\AppData\Local\Android\Sdk\cmake\3.22.1\bin\ninja.exe -C D:\MyProjectsUAI\weejobs\node_modules\react-native-worklets\android\.cxx\Debug\5mt3p195\arm64-v8a clean
Successfully started process 'command 'C:\Users\Sosuk\AppData\Local\Android\Sdk\cmake\3.22.1\bin\ninja.exe''
C/C++: Received process result: 0
Clean worklets-x86
C/C++: @echo off
"C:\\Users\\Sosuk\\AppData\\Local\\Android\\Sdk\\cmake\\3.22.1\\bin\\ninja.exe" ^
  -C ^
  "D:\\MyProjectsUAI\\weejobs\\node_modules\\react-native-worklets\\android\\.cxx\\Debug\\5mt3p195\\x86" ^
  clean

Starting process 'command 'C:\Users\Sosuk\AppData\Local\Android\Sdk\cmake\3.22.1\bin\ninja.exe''. Working directory: D:\MyProjectsUAI\weejobs\node_modules\react-native-worklets\android Command: C:\Users\Sosuk\AppData\Local\Android\Sdk\cmake\3.22.1\bin\ninja.exe -C D:\MyProjectsUAI\weejobs\node_modules\react-native-worklets\android\.cxx\Debug\5mt3p195\x86 clean
Successfully started process 'command 'C:\Users\Sosuk\AppData\Local\Android\Sdk\cmake\3.22.1\bin\ninja.exe''
C/C++: Received process result: 0
Clean worklets-x86_64
C/C++: @echo off
"C:\\Users\\Sosuk\\AppData\\Local\\Android\\Sdk\\cmake\\3.22.1\\bin\\ninja.exe" ^
  -C ^
  "D:\\MyProjectsUAI\\weejobs\\node_modules\\react-native-worklets\\android\\.cxx\\Debug\\5mt3p195\\x86_64" ^
  clean

Starting process 'command 'C:\Users\Sosuk\AppData\Local\Android\Sdk\cmake\3.22.1\bin\ninja.exe''. Working directory: D:\MyProjectsUAI\weejobs\node_modules\react-native-worklets\android Command: C:\Users\Sosuk\AppData\Local\Android\Sdk\cmake\3.22.1\bin\ninja.exe -C D:\MyProjectsUAI\weejobs\node_modules\react-native-worklets\android\.cxx\Debug\5mt3p195\x86_64 clean
Successfully started process 'command 'C:\Users\Sosuk\AppData\Local\Android\Sdk\cmake\3.22.1\bin\ninja.exe''
C/C++: Received process result: 0
C/C++: clean complete
Resolve mutations for :react-native-worklets:externalNativeBuildCleanRelease (Thread[Execution worker Thread 2,5,main]) started.
:react-native-worklets:externalNativeBuildCleanRelease (Thread[Execution worker Thread 2,5,main]) started.

> Task :react-native-worklets:externalNativeBuildCleanRelease
Caching disabled for task ':react-native-worklets:externalNativeBuildCleanRelease' because:
  Build cache is disabled
Task ':react-native-worklets:externalNativeBuildCleanRelease' is not up-to-date because:
  Task has not declared any outputs despite executing actions.
C/C++: starting clean
C/C++: finding existing JSONs
C/C++: Json file not found so contents couldn't be cleaned D:\MyProjectsUAI\weejobs\node_modules\react-native-worklets\android\.cxx\RelWithDebInfo\2t2ru661\armeabi-v7a\android_gradle_build.json
C/C++: Json file not found so contents couldn't be cleaned D:\MyProjectsUAI\weejobs\node_modules\react-native-worklets\android\.cxx\RelWithDebInfo\2t2ru661\arm64-v8a\android_gradle_build.json
C/C++: Json file not found so contents couldn't be cleaned D:\MyProjectsUAI\weejobs\node_modules\react-native-worklets\android\.cxx\RelWithDebInfo\2t2ru661\x86\android_gradle_build.json
C/C++: Json file not found so contents couldn't be cleaned D:\MyProjectsUAI\weejobs\node_modules\react-native-worklets\android\.cxx\RelWithDebInfo\2t2ru661\x86_64\android_gradle_build.json
C/C++: Json file not found so contents couldn't be cleaned D:\MyProjectsUAI\weejobs\node_modules\react-native-worklets\android\.cxx\RelWithDebInfo\2t2ru661\riscv64\android_gradle_build.json
C/C++: about to execute 0 clean command batches
C/C++: clean complete
Resolve mutations for :react-native-worklets:clean (Thread[Execution worker Thread 2,5,main]) started.
:react-native-worklets:clean (Thread[Execution worker Thread 2,5,main]) started.

> Task :react-native-worklets:clean
Caching disabled for task ':react-native-worklets:clean' because:
  Build cache is disabled
Task ':react-native-worklets:clean' is not up-to-date because:
  Task has not declared any outputs despite executing actions.
Resolve mutations for :react-native-worklets:cleanCMakeCache (Thread[Execution worker Thread 2,5,main]) started.
:react-native-worklets:cleanCMakeCache (Thread[Execution worker Thread 2,5,main]) started.

> Task :react-native-worklets:cleanCMakeCache
Caching disabled for task ':react-native-worklets:cleanCMakeCache' because:
  Build cache is disabled
Task ':react-native-worklets:cleanCMakeCache' is not up-to-date because:
  Task has not declared any outputs despite executing actions.

> Task :expo-modules-core:clean
Caching disabled for task ':expo-modules-core:clean' because:
  Build cache is disabled
Task ':expo-modules-core:clean' is not up-to-date because:
  Task has not declared any outputs despite executing actions.
Build bb4f0e2b-5fe9-4644-a945-e36615896c80 is closed
Build 0dc281fe-4fe8-4914-91e9-3157dac2644e is closed
Build e4b666e9-3d9b-4e33-ab74-b3aa876490bb is closed
Build c2b8c5cf-4a0d-4b30-8acf-ee70852e2d2e is closed

[Incubating] Problems report is available at: file:///D:/MyProjectsUAI/weejobs/android/build/reports/problems/problems-report.html

Deprecated Gradle features were used in this build, making it incompatible with Gradle 10.

You can use '--warning-mode all' to show the individual deprecation warnings and determine if they come from your own scripts or plugins.

For more on this, please refer to https://docs.gradle.org/9.0.0/userguide/command_line_interface.html#sec:command_line_warnings in the Gradle documentation.

BUILD SUCCESSFUL in 34s
43 actionable tasks: 15 executed, 28 up-to-date
Watched directory hierarchies: [D:\MyProjectsUAI\weejobs\node_modules\expo-modules-core\expo-module-gradle-plugin, D:\MyProjectsUAI\weejobs\node_modules\expo-modules-autolinking\android\expo-gradle-plugin, D:\MyProjectsUAI\weejobs\node_modules\@react-native\gradle-plugin]
