Initialized native services in: C:\Users\Sosuk\.gradle\native
Initialized jansi services in: C:\Users\Sosuk\.gradle\native
Removing 0 daemon stop events from registry
Starting a Gradle Daemon (subsequent builds will be faster)
Daemon JVM discovery is an incubating feature.
Received JVM installation metadata from 'C:\Users\Sosuk\.gradle\jdks\jbr17_local_extracted\jbrsdk_jcef-21.0.10-windows-x64-b1163.108': {JAVA_HOME=C:\Users\Sosuk\.gradle\jdks\jbr17_local_extracted\jbrsdk_jcef-21.0.10-windows-x64-b1163.108, JAVA_VERSION=21.0.10, JAVA_VENDOR=JetBrains s.r.o., RUNTIME_NAME=OpenJDK Runtime Environment, RUNTIME_VERSION=21.0.10+1-b1163.108, VM_NAME=OpenJDK 64-Bit Server VM, VM_VERSION=21.0.10+1-b1163.108, VM_VENDOR=JetBrains s.r.o., OS_ARCH=amd64}
Starting process 'command 'C:\Program Files\Eclipse Adoptium\jdk-17.0.18.8-hotspot\bin\java.exe''. Working directory: C:\Users\Sosuk\.gradle\.tmp\tmp-jvm4741929072147385692probe Command: C:\Program Files\Eclipse Adoptium\jdk-17.0.18.8-hotspot\bin\java.exe -Xmx32m -Xms32m -cp . JavaProbe
Successfully started process 'command 'C:\Program Files\Eclipse Adoptium\jdk-17.0.18.8-hotspot\bin\java.exe''
Received JVM installation metadata from 'C:\Program Files\Eclipse Adoptium\jdk-17.0.18.8-hotspot': {JAVA_HOME=C:\Program Files\Eclipse Adoptium\jdk-17.0.18.8-hotspot, JAVA_VERSION=17.0.18, JAVA_VENDOR=Eclipse Adoptium, RUNTIME_NAME=OpenJDK Runtime Environment, RUNTIME_VERSION=17.0.18+8, VM_NAME=OpenJDK 64-Bit Server VM, VM_VERSION=17.0.18+8, VM_VENDOR=Eclipse Adoptium, OS_ARCH=amd64}
Starting process 'Gradle build daemon'. Working directory: C:\Users\Sosuk\.gradle\daemon\9.0.0 Command: C:\Program Files\Eclipse Adoptium\jdk-17.0.18.8-hotspot\bin\java.exe --add-opens=java.base/java.lang=ALL-UNNAMED --add-opens=java.base/java.lang.invoke=ALL-UNNAMED --add-opens=java.base/java.util=ALL-UNNAMED --add-opens=java.prefs/java.util.prefs=ALL-UNNAMED --add-exports=jdk.compiler/com.sun.tools.javac.api=ALL-UNNAMED --add-exports=jdk.compiler/com.sun.tools.javac.util=ALL-UNNAMED --add-opens=java.base/java.util=ALL-UNNAMED --add-opens=java.prefs/java.util.prefs=ALL-UNNAMED --add-opens=java.base/java.nio.charset=ALL-UNNAMED --add-opens=java.base/java.net=ALL-UNNAMED --add-opens=java.base/java.util.concurrent=ALL-UNNAMED --add-opens=java.base/java.util.concurrent.atomic=ALL-UNNAMED --add-opens=java.xml/javax.xml.namespace=ALL-UNNAMED -XX:MaxMetaspaceSize=512m -Xmx2048m -Dfile.encoding=UTF-8 -Duser.country=CA -Duser.language=en -Duser.variant -cp C:\Users\Sosuk\.gradle\wrapper\dists\gradle-9.0.0-bin\d6wjpkvcgsg3oed0qlfss3wgl\gradle-9.0.0\lib\gradle-daemon-main-9.0.0.jar -javaagent:C:\Users\Sosuk\.gradle\wrapper\dists\gradle-9.0.0-bin\d6wjpkvcgsg3oed0qlfss3wgl\gradle-9.0.0\lib\agents\gradle-instrumentation-agent-9.0.0.jar org.gradle.launcher.daemon.bootstrap.GradleDaemon 9.0.0
Successfully started process 'Gradle build daemon'
An attempt to start the daemon took 2.302 secs.
The client will now receive all logging from the daemon (pid: 16436). The daemon log file: C:\Users\Sosuk\.gradle\daemon\9.0.0\daemon-16436.out.log
Starting build in new daemon [memory: 2 GiB]
Using 20 worker leases.
Received JVM installation metadata from 'C:\Program Files\Eclipse Adoptium\jdk-17.0.18.8-hotspot': {JAVA_HOME=C:\Program Files\Eclipse Adoptium\jdk-17.0.18.8-hotspot, JAVA_VERSION=17.0.18, JAVA_VENDOR=Eclipse Adoptium, RUNTIME_NAME=OpenJDK Runtime Environment, RUNTIME_VERSION=17.0.18+8, VM_NAME=OpenJDK 64-Bit Server VM, VM_VERSION=17.0.18+8, VM_VENDOR=Eclipse Adoptium, OS_ARCH=amd64}
Watching the file system is configured to be enabled if available
Now considering [D:\MyProjectsUAI\weejobs\android] as hierarchies to watch
File system watching is active
Caching disabled for Groovy DSL script compilation (cp_init) because:
  Build cache is disabled
  Not worth caching.
Compiling initialization script 'D:\MyProjectsUAI\weejobs\android\disable-foojay-init.gradle' using SubsetScriptTransformer.
Caching disabled for Groovy DSL script compilation (init) because:
  Build cache is disabled
  Not worth caching.
Compiling initialization script 'D:\MyProjectsUAI\weejobs\android\disable-foojay-init.gradle' using BuildScriptTransformer.
Starting Build
Starting process 'command 'node''. Working directory: D:\MyProjectsUAI\weejobs\android Command: node --print require.resolve('@react-native/gradle-plugin/package.json', { paths: [require.resolve('react-native/package.json')] })
Successfully started process 'command 'node''
Starting process 'command 'node''. Working directory: D:\MyProjectsUAI\weejobs\android Command: node --print require.resolve('expo-modules-autolinking/package.json', { paths: [require.resolve('expo/package.json')] })
Successfully started process 'command 'node''
Now considering [D:\MyProjectsUAI\weejobs\node_modules\@react-native\gradle-plugin, D:\MyProjectsUAI\weejobs\android] as hierarchies to watch
Caching disabled for Kotlin DSL script compilation (Settings/TopLevel/stage1) because:
  Build cache is disabled
Caching disabled for Kotlin DSL script compilation (Settings/TopLevel/stage2) because:
  Build cache is disabled
Now considering [D:\MyProjectsUAI\weejobs\node_modules\expo-modules-autolinking\android\expo-gradle-plugin, D:\MyProjectsUAI\weejobs\node_modules\@react-native\gradle-plugin, D:\MyProjectsUAI\weejobs\android] as hierarchies to watch

> Configure project :gradle-plugin
Evaluating project ':gradle-plugin' using build file 'D:\MyProjectsUAI\weejobs\node_modules\@react-native\gradle-plugin\build.gradle.kts'.
Caching disabled for Kotlin DSL version catalog plugin accessors for classpath '499ec411aa9dbbaa94e587146c2ff869' because:
  Build cache is disabled
Caching disabled for Kotlin DSL plugin specs accessors for classpath '499ec411aa9dbbaa94e587146c2ff869' because:
  Build cache is disabled
Caching disabled for Kotlin DSL script compilation (Project/TopLevel/stage1) because:
  Build cache is disabled
Resolved plugin [id: 'org.jetbrains.kotlin.jvm', version: '2.1.20', apply: false]
Resolved plugin [id: 'com.ncorti.ktfmt.gradle', version: '0.22.0']
Caching disabled for Kotlin DSL accessors for project ':gradle-plugin' because:
  Build cache is disabled
Caching disabled for Kotlin DSL script compilation (Project/TopLevel/stage2) because:
  Build cache is disabled

> Configure project :gradle-plugin:react-native-gradle-plugin
Evaluating project ':gradle-plugin:react-native-gradle-plugin' using build file 'D:\MyProjectsUAI\weejobs\node_modules\@react-native\gradle-plugin\react-native-gradle-plugin\build.gradle.kts'.
Caching disabled for Kotlin DSL script compilation (Project/TopLevel/stage1) because:
  Build cache is disabled
Resolved plugin [id: 'org.jetbrains.kotlin.jvm', version: '2.1.20']
Resolved plugin [id: 'com.ncorti.ktfmt.gradle', version: '0.22.0']
Resolved plugin [id: 'java-gradle-plugin']
Build 40937e39-e634-453a-8370-f048c74e5a39 is started
Using Kotlin Gradle Plugin gradle85 variant
kotlin scripting plugin: created the scripting discovery configuration: kotlinScriptDef
kotlin scripting plugin: created the scripting discovery configuration: testKotlinScriptDef
Caching disabled for Kotlin DSL accessors for project ':gradle-plugin:react-native-gradle-plugin' because:
  Build cache is disabled
Caching disabled for Kotlin DSL script compilation (Project/TopLevel/stage2) because:
  Build cache is disabled

> Configure project :gradle-plugin:settings-plugin
Evaluating project ':gradle-plugin:settings-plugin' using build file 'D:\MyProjectsUAI\weejobs\node_modules\@react-native\gradle-plugin\settings-plugin\build.gradle.kts'.
Caching disabled for Kotlin DSL script compilation (Project/TopLevel/stage1) because:
  Build cache is disabled
Resolved plugin [id: 'org.jetbrains.kotlin.jvm', version: '2.1.20']
Resolved plugin [id: 'com.ncorti.ktfmt.gradle', version: '0.22.0']
Resolved plugin [id: 'java-gradle-plugin']
Using Kotlin Gradle Plugin gradle85 variant
kotlin scripting plugin: created the scripting discovery configuration: kotlinScriptDef
kotlin scripting plugin: created the scripting discovery configuration: testKotlinScriptDef
Caching disabled for Kotlin DSL script compilation (Project/TopLevel/stage2) because:
  Build cache is disabled

> Configure project :gradle-plugin:shared
Evaluating project ':gradle-plugin:shared' using build file 'D:\MyProjectsUAI\weejobs\node_modules\@react-native\gradle-plugin\shared\build.gradle.kts'.
Caching disabled for Kotlin DSL script compilation (Project/TopLevel/stage1) because:
  Build cache is disabled
Resolved plugin [id: 'org.jetbrains.kotlin.jvm', version: '2.1.20']
Resolved plugin [id: 'com.ncorti.ktfmt.gradle', version: '0.22.0']
Using Kotlin Gradle Plugin gradle85 variant
kotlin scripting plugin: created the scripting discovery configuration: kotlinScriptDef
kotlin scripting plugin: created the scripting discovery configuration: testKotlinScriptDef
Caching disabled for Kotlin DSL accessors for project ':gradle-plugin:shared' because:
  Build cache is disabled
Caching disabled for Kotlin DSL script compilation (Project/TopLevel/stage2) because:
  Build cache is disabled

> Configure project :gradle-plugin:shared-testutil
Evaluating project ':gradle-plugin:shared-testutil' using build file 'D:\MyProjectsUAI\weejobs\node_modules\@react-native\gradle-plugin\shared-testutil\build.gradle.kts'.
Caching disabled for Kotlin DSL script compilation (Project/TopLevel/stage1) because:
  Build cache is disabled
Resolved plugin [id: 'org.jetbrains.kotlin.jvm', version: '2.1.20']
Resolved plugin [id: 'com.ncorti.ktfmt.gradle', version: '0.22.0']
Using Kotlin Gradle Plugin gradle85 variant
kotlin scripting plugin: created the scripting discovery configuration: kotlinScriptDef
kotlin scripting plugin: created the scripting discovery configuration: testKotlinScriptDef
Caching disabled for Kotlin DSL script compilation (Project/TopLevel/stage2) because:
  Build cache is disabled
Resolved plugin [id: 'com.facebook.react.settings']

> Configure project :expo-gradle-plugin
Evaluating project ':expo-gradle-plugin' using build file 'D:\MyProjectsUAI\weejobs\node_modules\expo-modules-autolinking\android\expo-gradle-plugin\build.gradle.kts'.
Resolved plugin [id: 'org.jetbrains.kotlin.jvm', version: '2.1.20', apply: false]
Resolved plugin [id: 'java-gradle-plugin']

> Configure project :expo-gradle-plugin:expo-autolinking-plugin
Evaluating project ':expo-gradle-plugin:expo-autolinking-plugin' using build file 'D:\MyProjectsUAI\weejobs\node_modules\expo-modules-autolinking\android\expo-gradle-plugin\expo-autolinking-plugin\build.gradle.kts'.
Resolved plugin [id: 'org.jetbrains.kotlin.jvm']
Resolved plugin [id: 'java-gradle-plugin']
Build c5e6b362-30f2-428a-9fcc-f2bc336da4d2 is started
Using Kotlin Gradle Plugin gradle85 variant
kotlin scripting plugin: created the scripting discovery configuration: kotlinScriptDef
kotlin scripting plugin: created the scripting discovery configuration: testKotlinScriptDef

> Configure project :expo-gradle-plugin:expo-autolinking-plugin-shared
Evaluating project ':expo-gradle-plugin:expo-autolinking-plugin-shared' using build file 'D:\MyProjectsUAI\weejobs\node_modules\expo-modules-autolinking\android\expo-gradle-plugin\expo-autolinking-plugin-shared\build.gradle.kts'.
Resolved plugin [id: 'org.jetbrains.kotlin.jvm']
Resolved plugin [id: 'org.jetbrains.kotlin.plugin.serialization', version: '1.9.24']
Using Kotlin Gradle Plugin gradle85 variant
kotlin scripting plugin: created the scripting discovery configuration: kotlinScriptDef
kotlin scripting plugin: created the scripting discovery configuration: testKotlinScriptDef

> Configure project :expo-gradle-plugin:expo-autolinking-settings-plugin
Evaluating project ':expo-gradle-plugin:expo-autolinking-settings-plugin' using build file 'D:\MyProjectsUAI\weejobs\node_modules\expo-modules-autolinking\android\expo-gradle-plugin\expo-autolinking-settings-plugin\build.gradle.kts'.
Resolved plugin [id: 'org.jetbrains.kotlin.jvm']
Resolved plugin [id: 'java-gradle-plugin']
Using Kotlin Gradle Plugin gradle85 variant
kotlin scripting plugin: created the scripting discovery configuration: kotlinScriptDef
kotlin scripting plugin: created the scripting discovery configuration: testKotlinScriptDef

> Configure project :expo-gradle-plugin:expo-max-sdk-override-plugin
Evaluating project ':expo-gradle-plugin:expo-max-sdk-override-plugin' using build file 'D:\MyProjectsUAI\weejobs\node_modules\expo-modules-autolinking\android\expo-gradle-plugin\expo-max-sdk-override-plugin\build.gradle.kts'.
Resolved plugin [id: 'org.jetbrains.kotlin.jvm']
Resolved plugin [id: 'java-gradle-plugin']
Using Kotlin Gradle Plugin gradle85 variant
kotlin scripting plugin: created the scripting discovery configuration: kotlinScriptDef
kotlin scripting plugin: created the scripting discovery configuration: testKotlinScriptDef
Resolved plugin [id: 'expo-autolinking-settings']
Resource missing. [HTTP HEAD: https://plugins.gradle.org/m2/org/gradle/toolchains/foojay-resolver-convention/org.gradle.toolchains.foojay-resolver-convention.gradle.plugin/1.0.0/org.gradle.toolchains.foojay-resolver-convention.gradle.plugin-1.0.0.jar]
Resolved plugin [id: 'org.gradle.toolchains.foojay-resolver-convention', version: '1.0.0']
Starting process 'command 'C:\Users\Sosuk\.gradle\jdks\jetbrains_s_r_o_-21-amd64-windows.2\bin\java.exe''. Working directory: C:\Users\Sosuk\.gradle\.tmp\tmp-jvm18132490476832887513probe Command: C:\Users\Sosuk\.gradle\jdks\jetbrains_s_r_o_-21-amd64-windows.2\bin\java.exe -Xmx32m -Xms32m -cp . JavaProbe
Successfully started process 'command 'C:\Users\Sosuk\.gradle\jdks\jetbrains_s_r_o_-21-amd64-windows.2\bin\java.exe''
Received JVM installation metadata from 'C:\Users\Sosuk\.gradle\jdks\jetbrains_s_r_o_-21-amd64-windows.2': {JAVA_HOME=C:\Users\Sosuk\.gradle\jdks\jetbrains_s_r_o_-21-amd64-windows.2, JAVA_VERSION=21.0.10, JAVA_VENDOR=JetBrains s.r.o., RUNTIME_NAME=OpenJDK Runtime Environment, RUNTIME_VERSION=21.0.10+1-b1163.108, VM_NAME=OpenJDK 64-Bit Server VM, VM_VERSION=21.0.10+1-b1163.108, VM_VENDOR=JetBrains s.r.o., OS_ARCH=amd64}
Starting process 'command 'C:\Users\Sosuk\.gradle\jdks\jetbrains_jbr-17-amd64-windows.1\bin\java.exe''. Working directory: C:\Users\Sosuk\.gradle\.tmp\tmp-jvm6470807836374245672probe Command: C:\Users\Sosuk\.gradle\jdks\jetbrains_jbr-17-amd64-windows.1\bin\java.exe -Xmx32m -Xms32m -cp . JavaProbe
Successfully started process 'command 'C:\Users\Sosuk\.gradle\jdks\jetbrains_jbr-17-amd64-windows.1\bin\java.exe''
Received JVM installation metadata from 'C:\Users\Sosuk\.gradle\jdks\jetbrains_jbr-17-amd64-windows.1': {JAVA_HOME=C:\Users\Sosuk\.gradle\jdks\jetbrains_jbr-17-amd64-windows.1, JAVA_VERSION=17.0.17, JAVA_VENDOR=Eclipse Adoptium, RUNTIME_NAME=OpenJDK Runtime Environment, RUNTIME_VERSION=17.0.17+10, VM_NAME=OpenJDK 64-Bit Server VM, VM_VERSION=17.0.17+10, VM_VENDOR=Eclipse Adoptium, OS_ARCH=amd64}
Starting process 'command 'C:\Users\Sosuk\.gradle\jdks\jbr17_local_extracted\jbrsdk_jcef-21.0.10-windows-x64-b1163.108\bin\java.exe''. Working directory: C:\Users\Sosuk\.gradle\.tmp\tmp-jvm12825558353099069844probe Command: C:\Users\Sosuk\.gradle\jdks\jbr17_local_extracted\jbrsdk_jcef-21.0.10-windows-x64-b1163.108\bin\java.exe -Xmx32m -Xms32m -cp . JavaProbe
Successfully started process 'command 'C:\Users\Sosuk\.gradle\jdks\jbr17_local_extracted\jbrsdk_jcef-21.0.10-windows-x64-b1163.108\bin\java.exe''
Received JVM installation metadata from 'C:\Users\Sosuk\.gradle\jdks\jbr17_local_extracted\jbrsdk_jcef-21.0.10-windows-x64-b1163.108': {JAVA_HOME=C:\Users\Sosuk\.gradle\jdks\jbr17_local_extracted\jbrsdk_jcef-21.0.10-windows-x64-b1163.108, JAVA_VERSION=21.0.10, JAVA_VENDOR=JetBrains s.r.o., RUNTIME_NAME=OpenJDK Runtime Environment, RUNTIME_VERSION=21.0.10+1-b1163.108, VM_NAME=OpenJDK 64-Bit Server VM, VM_VERSION=21.0.10+1-b1163.108, VM_VENDOR=JetBrains s.r.o., OS_ARCH=amd64}
Starting process 'command 'C:\Users\Sosuk\.gradle\jdks\eclipse_adoptium-17-amd64-windows.2\bin\java.exe''. Working directory: C:\Users\Sosuk\.gradle\.tmp\tmp-jvm8305932186378897745probe Command: C:\Users\Sosuk\.gradle\jdks\eclipse_adoptium-17-amd64-windows.2\bin\java.exe -Xmx32m -Xms32m -cp . JavaProbe
Successfully started process 'command 'C:\Users\Sosuk\.gradle\jdks\eclipse_adoptium-17-amd64-windows.2\bin\java.exe''
Received JVM installation metadata from 'C:\Users\Sosuk\.gradle\jdks\eclipse_adoptium-17-amd64-windows.2': {JAVA_HOME=C:\Users\Sosuk\.gradle\jdks\eclipse_adoptium-17-amd64-windows.2, JAVA_VERSION=17.0.17, JAVA_VENDOR=Eclipse Adoptium, RUNTIME_NAME=OpenJDK Runtime Environment, RUNTIME_VERSION=17.0.17+10, VM_NAME=OpenJDK 64-Bit Server VM, VM_VERSION=17.0.17+10, VM_VENDOR=Eclipse Adoptium, OS_ARCH=amd64}
Resolve mutations for :expo-gradle-plugin:expo-autolinking-plugin-shared:checkKotlinGradlePluginConfigurationErrors (Thread[included builds,5,main]) started.
Resolve mutations for :expo-gradle-plugin:expo-autolinking-settings-plugin:checkKotlinGradlePluginConfigurationErrors (Thread[Execution worker Thread 19,5,main]) started.
Resolve mutations for :gradle-plugin:settings-plugin:checkKotlinGradlePluginConfigurationErrors (Thread[Execution worker Thread 18,5,main]) started.
Resolve mutations for :gradle-plugin:shared:checkKotlinGradlePluginConfigurationErrors (Thread[Execution worker Thread 17,5,main]) started.
:expo-gradle-plugin:expo-autolinking-plugin-shared:checkKotlinGradlePluginConfigurationErrors (Thread[included builds,5,main]) started.
:gradle-plugin:settings-plugin:checkKotlinGradlePluginConfigurationErrors (Thread[Execution worker Thread 18,5,main]) started.
:gradle-plugin:shared:checkKotlinGradlePluginConfigurationErrors (Thread[Execution worker Thread 17,5,main]) started.
:expo-gradle-plugin:expo-autolinking-settings-plugin:checkKotlinGradlePluginConfigurationErrors (Thread[Execution worker Thread 19,5,main]) started.

> Task :expo-gradle-plugin:expo-autolinking-plugin-shared:checkKotlinGradlePluginConfigurationErrors SKIPPED
Skipping task ':expo-gradle-plugin:expo-autolinking-plugin-shared:checkKotlinGradlePluginConfigurationErrors' as task onlyIf 'errorDiagnostics are present' is false.

> Task :expo-gradle-plugin:expo-autolinking-settings-plugin:checkKotlinGradlePluginConfigurationErrors SKIPPED
Skipping task ':expo-gradle-plugin:expo-autolinking-settings-plugin:checkKotlinGradlePluginConfigurationErrors' as task onlyIf 'errorDiagnostics are present' is false.

> Task :gradle-plugin:shared:checkKotlinGradlePluginConfigurationErrors SKIPPED
Skipping task ':gradle-plugin:shared:checkKotlinGradlePluginConfigurationErrors' as task onlyIf 'errorDiagnostics are present' is false.

> Task :gradle-plugin:settings-plugin:checkKotlinGradlePluginConfigurationErrors SKIPPED
Skipping task ':gradle-plugin:settings-plugin:checkKotlinGradlePluginConfigurationErrors' as task onlyIf 'errorDiagnostics are present' is false.
Resolve mutations for :expo-gradle-plugin:expo-autolinking-settings-plugin:pluginDescriptors (Thread[Execution worker Thread 19,5,main]) started.
Resolve mutations for :gradle-plugin:shared:compileKotlin (Thread[Execution worker Thread 17,5,main]) started.
Resolve mutations for :expo-gradle-plugin:expo-autolinking-plugin-shared:compileKotlin (Thread[included builds,5,main]) started.
Resolve mutations for :gradle-plugin:settings-plugin:pluginDescriptors (Thread[Execution worker Thread 18,5,main]) started.
:gradle-plugin:settings-plugin:pluginDescriptors (Thread[Execution worker,5,main]) started.
:expo-gradle-plugin:expo-autolinking-plugin-shared:compileKotlin (Thread[included builds,5,main]) started.
:gradle-plugin:shared:compileKotlin (Thread[Execution worker Thread 17,5,main]) started.
:expo-gradle-plugin:expo-autolinking-settings-plugin:pluginDescriptors (Thread[Execution worker Thread 2,5,main]) started.

> Task :expo-gradle-plugin:expo-autolinking-settings-plugin:pluginDescriptors UP-TO-DATE
Caching disabled for task ':expo-gradle-plugin:expo-autolinking-settings-plugin:pluginDescriptors' because:
  Build cache is disabled
  Not worth caching
Skipping task ':expo-gradle-plugin:expo-autolinking-settings-plugin:pluginDescriptors' as it is up-to-date.

> Task :gradle-plugin:settings-plugin:pluginDescriptors UP-TO-DATE
Caching disabled for task ':gradle-plugin:settings-plugin:pluginDescriptors' because:
  Build cache is disabled
  Not worth caching
Skipping task ':gradle-plugin:settings-plugin:pluginDescriptors' as it is up-to-date.
Resolve mutations for :expo-gradle-plugin:expo-autolinking-settings-plugin:processResources (Thread[Execution worker Thread 2,5,main]) started.
Resolve mutations for :gradle-plugin:settings-plugin:processResources (Thread[Execution worker,5,main]) started.
:expo-gradle-plugin:expo-autolinking-settings-plugin:processResources (Thread[Execution worker Thread 2,5,main]) started.
:gradle-plugin:settings-plugin:processResources (Thread[Execution worker,5,main]) started.

> Task :gradle-plugin:settings-plugin:processResources UP-TO-DATE
Caching disabled for task ':gradle-plugin:settings-plugin:processResources' because:
  Build cache is disabled
  Not worth caching
Skipping task ':gradle-plugin:settings-plugin:processResources' as it is up-to-date.

> Task :expo-gradle-plugin:expo-autolinking-settings-plugin:processResources UP-TO-DATE
Caching disabled for task ':expo-gradle-plugin:expo-autolinking-settings-plugin:processResources' because:
  Build cache is disabled
  Not worth caching
Skipping task ':expo-gradle-plugin:expo-autolinking-settings-plugin:processResources' as it is up-to-date.

> Task :expo-gradle-plugin:expo-autolinking-plugin-shared:compileKotlin UP-TO-DATE
Caching disabled for task ':expo-gradle-plugin:expo-autolinking-plugin-shared:compileKotlin' because:
  Build cache is disabled
Skipping task ':expo-gradle-plugin:expo-autolinking-plugin-shared:compileKotlin' as it is up-to-date.
Resolve mutations for :expo-gradle-plugin:expo-autolinking-plugin-shared:compileJava (Thread[included builds,5,main]) started.
:expo-gradle-plugin:expo-autolinking-plugin-shared:compileJava (Thread[included builds,5,main]) started.

> Task :expo-gradle-plugin:expo-autolinking-plugin-shared:compileJava NO-SOURCE
Skipping task ':expo-gradle-plugin:expo-autolinking-plugin-shared:compileJava' as it has no source files and no previous output files.
Resolve mutations for :expo-gradle-plugin:expo-autolinking-plugin-shared:processResources (Thread[included builds,5,main]) started.
:expo-gradle-plugin:expo-autolinking-plugin-shared:processResources (Thread[included builds,5,main]) started.

> Task :expo-gradle-plugin:expo-autolinking-plugin-shared:processResources NO-SOURCE
Skipping task ':expo-gradle-plugin:expo-autolinking-plugin-shared:processResources' as it has no source files and no previous output files.
Resolve mutations for :expo-gradle-plugin:expo-autolinking-plugin-shared:classes (Thread[Execution worker Thread 9,5,main]) started.
:expo-gradle-plugin:expo-autolinking-plugin-shared:classes (Thread[Execution worker Thread 9,5,main]) started.

> Task :expo-gradle-plugin:expo-autolinking-plugin-shared:classes UP-TO-DATE
Skipping task ':expo-gradle-plugin:expo-autolinking-plugin-shared:classes' as it has no actions.
Resolve mutations for :expo-gradle-plugin:expo-autolinking-plugin-shared:jar (Thread[Execution worker Thread 9,5,main]) started.
:expo-gradle-plugin:expo-autolinking-plugin-shared:jar (Thread[Execution worker Thread 9,5,main]) started.

> Task :expo-gradle-plugin:expo-autolinking-plugin-shared:jar UP-TO-DATE
Caching disabled for task ':expo-gradle-plugin:expo-autolinking-plugin-shared:jar' because:
  Build cache is disabled
  Not worth caching
Skipping task ':expo-gradle-plugin:expo-autolinking-plugin-shared:jar' as it is up-to-date.
work action resolve expo-autolinking-plugin-shared-1.0.jar (project :expo-gradle-plugin:expo-autolinking-plugin-shared) (Thread[Execution worker Thread 9,5,main]) started.
Resolve mutations for :expo-gradle-plugin:expo-autolinking-settings-plugin:compileKotlin (Thread[Execution worker Thread 9,5,main]) started.
:expo-gradle-plugin:expo-autolinking-settings-plugin:compileKotlin (Thread[Execution worker Thread 9,5,main]) started.

> Task :expo-gradle-plugin:expo-autolinking-settings-plugin:compileKotlin UP-TO-DATE
Caching disabled for task ':expo-gradle-plugin:expo-autolinking-settings-plugin:compileKotlin' because:
  Build cache is disabled
Skipping task ':expo-gradle-plugin:expo-autolinking-settings-plugin:compileKotlin' as it is up-to-date.
Resolve mutations for :expo-gradle-plugin:expo-autolinking-settings-plugin:compileJava (Thread[Execution worker Thread 9,5,main]) started.
:expo-gradle-plugin:expo-autolinking-settings-plugin:compileJava (Thread[Execution worker Thread 9,5,main]) started.

> Task :expo-gradle-plugin:expo-autolinking-settings-plugin:compileJava NO-SOURCE
Skipping task ':expo-gradle-plugin:expo-autolinking-settings-plugin:compileJava' as it has no source files and no previous output files.
Resolve mutations for :expo-gradle-plugin:expo-autolinking-settings-plugin:classes (Thread[Execution worker Thread 9,5,main]) started.
:expo-gradle-plugin:expo-autolinking-settings-plugin:classes (Thread[Execution worker Thread 14,5,main]) started.

> Task :expo-gradle-plugin:expo-autolinking-settings-plugin:classes UP-TO-DATE
Skipping task ':expo-gradle-plugin:expo-autolinking-settings-plugin:classes' as it has no actions.
Resolve mutations for :expo-gradle-plugin:expo-autolinking-settings-plugin:jar (Thread[Execution worker Thread 14,5,main]) started.
:expo-gradle-plugin:expo-autolinking-settings-plugin:jar (Thread[Execution worker Thread 14,5,main]) started.

> Task :expo-gradle-plugin:expo-autolinking-settings-plugin:jar UP-TO-DATE
Caching disabled for task ':expo-gradle-plugin:expo-autolinking-settings-plugin:jar' because:
  Build cache is disabled
  Not worth caching
Skipping task ':expo-gradle-plugin:expo-autolinking-settings-plugin:jar' as it is up-to-date.
Resolve mutations for :gradle-plugin:shared:processResources (Thread[Execution worker Thread 15,5,main]) started.
:gradle-plugin:shared:processResources (Thread[Execution worker Thread 15,5,main]) started.

> Task :gradle-plugin:shared:processResources NO-SOURCE
Skipping task ':gradle-plugin:shared:processResources' as it has no source files and no previous output files.

> Task :gradle-plugin:shared:compileKotlin
Caching disabled for BuildToolsApiClasspathEntrySnapshotTransform: C:\Users\Sosuk\.gradle\caches\modules-2\files-2.1\org.jetbrains.kotlin\kotlin-stdlib\2.1.20\aa8ca79cd50578314f6d1180c47cbe14c0fee567\kotlin-stdlib-2.1.20.jar because:
  Build cache is disabled
Caching disabled for BuildToolsApiClasspathEntrySnapshotTransform: C:\Users\Sosuk\.gradle\caches\modules-2\files-2.1\org.jetbrains\annotations\13.0\919f0dfe192fb4e063e7dacadee7f8bb9a2672a9\annotations-13.0.jar because:
  Build cache is disabled
Caching disabled for BuildToolsApiClasspathEntrySnapshotTransform: C:\Users\Sosuk\.gradle\caches\modules-2\files-2.1\com.google.code.gson\gson\2.8.9\8a432c1d6825781e21a02db2e2c33c5fde2833b9\gson-2.8.9.jar because:
  Build cache is disabled
Caching disabled for BuildToolsApiClasspathEntrySnapshotTransform: C:\Users\Sosuk\.gradle\caches\modules-2\files-2.1\com.google.guava\guava\31.0.1-jre\119ea2b2bc205b138974d351777b20f02b92704b\guava-31.0.1-jre.jar because:
  Build cache is disabled
Caching disabled for BuildToolsApiClasspathEntrySnapshotTransform: C:\Users\Sosuk\.gradle\caches\modules-2\files-2.1\com.google.guava\failureaccess\1.0.1\1dcf1de382a0bf95a3d8b0849546c88bac1292c9\failureaccess-1.0.1.jar because:
  Build cache is disabled
Caching disabled for BuildToolsApiClasspathEntrySnapshotTransform: C:\Users\Sosuk\.gradle\caches\modules-2\files-2.1\com.google.guava\listenablefuture\9999.0-empty-to-avoid-conflict-with-guava\b421526c5f297295adef1c886e5246c39d4ac629\listenablefuture-9999.0-empty-to-avoid-conflict-with-guava.jar because:
  Build cache is disabled
Caching disabled for BuildToolsApiClasspathEntrySnapshotTransform: C:\Users\Sosuk\.gradle\caches\modules-2\files-2.1\com.google.code.findbugs\jsr305\3.0.2\25ea2e8b0c338a877313bd4672d3fe056ea78f0d\jsr305-3.0.2.jar because:
  Build cache is disabled
Caching disabled for BuildToolsApiClasspathEntrySnapshotTransform: C:\Users\Sosuk\.gradle\caches\modules-2\files-2.1\org.checkerframework\checker-qual\3.12.0\d5692f0526415fcc6de94bb5bfbd3afd9dd3b3e5\checker-qual-3.12.0.jar because:
  Build cache is disabled
Caching disabled for BuildToolsApiClasspathEntrySnapshotTransform: C:\Users\Sosuk\.gradle\caches\modules-2\files-2.1\com.google.errorprone\error_prone_annotations\2.7.1\458d9042f7aa6fa9a634df902b37f544e15aacac\error_prone_annotations-2.7.1.jar because:
  Build cache is disabled
Caching disabled for BuildToolsApiClasspathEntrySnapshotTransform: C:\Users\Sosuk\.gradle\caches\modules-2\files-2.1\com.google.j2objc\j2objc-annotations\1.3\ba035118bc8bac37d7eff77700720999acd9986d\j2objc-annotations-1.3.jar because:
  Build cache is disabled
Caching disabled for task ':gradle-plugin:shared:compileKotlin' because:
  Build cache is disabled
Task ':gradle-plugin:shared:compileKotlin' is not up-to-date because:
  Class path of task ':gradle-plugin:shared:compileKotlin' has changed from 938f7c6531972e6521e0cb08cfc6c365 to acf3d34036d8b50d3f617086b1f605e6.
The input changes require a full rebuild for incremental task ':gradle-plugin:shared:compileKotlin'.
file or directory 'D:\MyProjectsUAI\weejobs\node_modules\@react-native\gradle-plugin\shared\src\main\java', not found
file or directory 'D:\MyProjectsUAI\weejobs\node_modules\@react-native\gradle-plugin\shared\src\main\java', not found
file or directory 'D:\MyProjectsUAI\weejobs\node_modules\@react-native\gradle-plugin\shared\src\main\java', not found
file or directory 'D:\MyProjectsUAI\weejobs\node_modules\@react-native\gradle-plugin\shared\src\main\java', not found
Kotlin source files: D:\MyProjectsUAI\weejobs\node_modules\@react-native\gradle-plugin\shared\src\main\kotlin\com\facebook\react\model\ModelAutolinkingAndroidProjectJson.kt, D:\MyProjectsUAI\weejobs\node_modules\@react-native\gradle-plugin\shared\src\main\kotlin\com\facebook\react\model\ModelAutolinkingConfigJson.kt, D:\MyProjectsUAI\weejobs\node_modules\@react-native\gradle-plugin\shared\src\main\kotlin\com\facebook\react\model\ModelAutolinkingDependenciesJson.kt, D:\MyProjectsUAI\weejobs\node_modules\@react-native\gradle-plugin\shared\src\main\kotlin\com\facebook\react\model\ModelAutolinkingDependenciesPlatformAndroidJson.kt, D:\MyProjectsUAI\weejobs\node_modules\@react-native\gradle-plugin\shared\src\main\kotlin\com\facebook\react\model\ModelAutolinkingDependenciesPlatformJson.kt, D:\MyProjectsUAI\weejobs\node_modules\@react-native\gradle-plugin\shared\src\main\kotlin\com\facebook\react\model\ModelAutolinkingProjectJson.kt, D:\MyProjectsUAI\weejobs\node_modules\@react-native\gradle-plugin\shared\src\main\kotlin\com\facebook\react\model\ModelCodegenConfig.kt, D:\MyProjectsUAI\weejobs\node_modules\@react-native\gradle-plugin\shared\src\main\kotlin\com\facebook\react\model\ModelCodegenConfigAndroid.kt, D:\MyProjectsUAI\weejobs\node_modules\@react-native\gradle-plugin\shared\src\main\kotlin\com\facebook\react\model\ModelPackageJson.kt, D:\MyProjectsUAI\weejobs\node_modules\@react-native\gradle-plugin\shared\src\main\kotlin\com\facebook\react\utils\JsonUtils.kt, D:\MyProjectsUAI\weejobs\node_modules\@react-native\gradle-plugin\shared\src\main\kotlin\com\facebook\react\utils\KotlinStdlibCompatUtils.kt, D:\MyProjectsUAI\weejobs\node_modules\@react-native\gradle-plugin\shared\src\main\kotlin\com\facebook\react\utils\Os.kt, D:\MyProjectsUAI\weejobs\node_modules\@react-native\gradle-plugin\shared\src\main\kotlin\com\facebook\react\utils\TaskUtils.kt
Java source files: 
Script source files: 
Script file extensions: 
Using Kotlin/JVM incremental compilation
[KOTLIN] Kotlin compilation 'jdkHome' argument: C:\Program Files\Eclipse Adoptium\jdk-17.0.18.8-hotspot
i: starting the daemon as: C:\Program Files\Eclipse Adoptium\jdk-17.0.18.8-hotspot\bin\java -cp C:\Users\Sosuk\.gradle\caches\modules-2\files-2.1\org.jetbrains.kotlin\kotlin-compiler-embeddable\2.1.20\4ef56b3316798316bfac7a0ae443391c9e900ea1\kotlin-compiler-embeddable-2.1.20.jar;C:\Users\Sosuk\.gradle\caches\modules-2\files-2.1\org.jetbrains.kotlin\kotlin-stdlib\2.1.20\aa8ca79cd50578314f6d1180c47cbe14c0fee567\kotlin-stdlib-2.1.20.jar;C:\Users\Sosuk\.gradle\caches\modules-2\files-2.1\org.jetbrains.kotlin\kotlin-script-runtime\2.1.20\f7c623d7f7bdb01f5ccd6b437bc0a937fcd7c57e\kotlin-script-runtime-2.1.20.jar;C:\Users\Sosuk\.gradle\caches\modules-2\files-2.1\org.jetbrains.kotlin\kotlin-reflect\1.6.10\1cbe9c92c12a94eea200d23c2bbaedaf3daf5132\kotlin-reflect-1.6.10.jar;C:\Users\Sosuk\.gradle\caches\modules-2\files-2.1\org.jetbrains.kotlin\kotlin-daemon-embeddable\2.1.20\95670fce77befd02a70a0bc3abe8ee4533521334\kotlin-daemon-embeddable-2.1.20.jar;C:\Users\Sosuk\.gradle\caches\modules-2\files-2.1\org.jetbrains.intellij.deps\trove4j\1.0.20200330\3afb14d5f9ceb459d724e907a21145e8ff394f02\trove4j-1.0.20200330.jar;C:\Users\Sosuk\.gradle\caches\modules-2\files-2.1\org.jetbrains.kotlinx\kotlinx-coroutines-core-jvm\1.8.0\ac1dc37a30a93150b704022f8d895ee1bd3a36b3\kotlinx-coroutines-core-jvm-1.8.0.jar;C:\Users\Sosuk\.gradle\caches\modules-2\files-2.1\org.jetbrains\annotations\13.0\919f0dfe192fb4e063e7dacadee7f8bb9a2672a9\annotations-13.0.jar -Djava.awt.headless=true -Djava.rmi.server.hostname=127.0.0.1 -Xmx2048m -XX:MaxMetaspaceSize=512m -XX:ReservedCodeCacheSize=320m -Dkotlin.environment.keepalive -ea -XX:+UseCodeCacheFlushing -XX:+UseParallelGC -Dkotlin.daemon.initiator.marker.file=C:\Users\Sosuk\AppData\Local\Temp\kotlin-compiler-in-gradlepluginroot-14392341992436612571.alive --add-exports java.base/sun.nio.ch=ALL-UNNAMED org.jetbrains.kotlin.daemon.KotlinCompileDaemon --daemon-runFilesPath C:\Users\Sosuk\AppData\Local\kotlin\daemon --daemon-autoshutdownIdleSeconds=7200 --daemon-compilerClasspath C:\Users\Sosuk\.gradle\caches\modules-2\files-2.1\org.jetbrains.kotlin\kotlin-compiler-embeddable\2.1.20\4ef56b3316798316bfac7a0ae443391c9e900ea1\kotlin-compiler-embeddable-2.1.20.jar;C:\Users\Sosuk\.gradle\caches\modules-2\files-2.1\org.jetbrains.kotlin\kotlin-stdlib\2.1.20\aa8ca79cd50578314f6d1180c47cbe14c0fee567\kotlin-stdlib-2.1.20.jar;C:\Users\Sosuk\.gradle\caches\modules-2\files-2.1\org.jetbrains.kotlin\kotlin-script-runtime\2.1.20\f7c623d7f7bdb01f5ccd6b437bc0a937fcd7c57e\kotlin-script-runtime-2.1.20.jar;C:\Users\Sosuk\.gradle\caches\modules-2\files-2.1\org.jetbrains.kotlin\kotlin-reflect\1.6.10\1cbe9c92c12a94eea200d23c2bbaedaf3daf5132\kotlin-reflect-1.6.10.jar;C:\Users\Sosuk\.gradle\caches\modules-2\files-2.1\org.jetbrains.kotlin\kotlin-daemon-embeddable\2.1.20\95670fce77befd02a70a0bc3abe8ee4533521334\kotlin-daemon-embeddable-2.1.20.jar;C:\Users\Sosuk\.gradle\caches\modules-2\files-2.1\org.jetbrains.intellij.deps\trove4j\1.0.20200330\3afb14d5f9ceb459d724e907a21145e8ff394f02\trove4j-1.0.20200330.jar;C:\Users\Sosuk\.gradle\caches\modules-2\files-2.1\org.jetbrains.kotlinx\kotlinx-coroutines-core-jvm\1.8.0\ac1dc37a30a93150b704022f8d895ee1bd3a36b3\kotlinx-coroutines-core-jvm-1.8.0.jar;C:\Users\Sosuk\.gradle\caches\modules-2\files-2.1\org.jetbrains\annotations\13.0\919f0dfe192fb4e063e7dacadee7f8bb9a2672a9\annotations-13.0.jar
i: #1 retrying connecting to the daemon 
Options for KOTLIN DAEMON: IncrementalCompilationOptions(super=CompilationOptions(compilerMode=INCREMENTAL_COMPILER, targetPlatform=JVM, reportCategories=[0, 3], reportSeverity=2, requestedCompilationResults=[0], kotlinScriptExtensions=[]), sourceChanges=org.jetbrains.kotlin.buildtools.api.SourcesChanges$Unknown@4d2d7dcb, classpathChanges=NotAvailableForNonIncrementalRun, workingDir=D:\MyProjectsUAI\weejobs\node_modules\@react-native\gradle-plugin\shared\build\kotlin\compileKotlin\cacheable, multiModuleICSettings=MultiModuleICSettings(buildHistoryFile=D:\MyProjectsUAI\weejobs\node_modules\@react-native\gradle-plugin\shared\build\kotlin\compileKotlin\local-state\build-history.bin, useModuleDetection=false), usePreciseJavaTracking=true, icFeatures=IncrementalCompilationFeatures(withAbiSnapshot=false, preciseCompilationResultsBackup=true, keepIncrementalCompilationCachesInMemory=true, enableUnsafeIncrementalCompilationForMultiplatform=false, enableMonotonousIncrementalCompileSetExpansion=true), outputFiles=[D:\MyProjectsUAI\weejobs\node_modules\@react-native\gradle-plugin\shared\build\classes\kotlin\main, D:\MyProjectsUAI\weejobs\node_modules\@react-native\gradle-plugin\shared\build\kotlin\compileKotlin\cacheable, D:\MyProjectsUAI\weejobs\node_modules\@react-native\gradle-plugin\shared\build\kotlin\compileKotlin\local-state])
Finished executing kotlin compiler using DAEMON strategy
Resolve mutations for :gradle-plugin:shared:compileJava (Thread[Execution worker Thread 17,5,main]) started.
:gradle-plugin:shared:compileJava (Thread[Execution worker Thread 17,5,main]) started.

> Task :gradle-plugin:shared:compileJava NO-SOURCE
Skipping task ':gradle-plugin:shared:compileJava' as it has no source files and no previous output files.
Resolve mutations for :gradle-plugin:shared:classes (Thread[Execution worker Thread 17,5,main]) started.
:gradle-plugin:shared:classes (Thread[Execution worker Thread 17,5,main]) started.

> Task :gradle-plugin:shared:classes UP-TO-DATE
Skipping task ':gradle-plugin:shared:classes' as it has no actions.
Resolve mutations for :gradle-plugin:shared:jar (Thread[Execution worker Thread 17,5,main]) started.
:gradle-plugin:shared:jar (Thread[Execution worker Thread 17,5,main]) started.

> Task :gradle-plugin:shared:jar UP-TO-DATE
Caching disabled for task ':gradle-plugin:shared:jar' because:
  Build cache is disabled
  Not worth caching
Skipping task ':gradle-plugin:shared:jar' as it is up-to-date.
work action resolve shared.jar (project :gradle-plugin:shared) (Thread[Execution worker Thread 6,5,main]) started.
Resolve mutations for :gradle-plugin:settings-plugin:compileKotlin (Thread[Execution worker Thread 6,5,main]) started.
:gradle-plugin:settings-plugin:compileKotlin (Thread[Execution worker Thread 17,5,main]) started.

> Task :gradle-plugin:settings-plugin:compileKotlin
Caching disabled for BuildToolsApiClasspathEntrySnapshotTransform: C:\Users\Sosuk\.gradle\wrapper\dists\gradle-9.0.0-bin\d6wjpkvcgsg3oed0qlfss3wgl\gradle-9.0.0\lib\groovy-ant-4.0.27.jar because:
  Build cache is disabled
Caching disabled for BuildToolsApiClasspathEntrySnapshotTransform: C:\Users\Sosuk\.gradle\caches\9.0.0\generated-gradle-jars\gradle-api-9.0.0.jar because:
  Build cache is disabled
Caching disabled for BuildToolsApiClasspathEntrySnapshotTransform: C:\Users\Sosuk\.gradle\wrapper\dists\gradle-9.0.0-bin\d6wjpkvcgsg3oed0qlfss3wgl\gradle-9.0.0\lib\groovy-4.0.27.jar because:
  Build cache is disabled
Caching disabled for BuildToolsApiClasspathEntrySnapshotTransform: C:\Users\Sosuk\.gradle\wrapper\dists\gradle-9.0.0-bin\d6wjpkvcgsg3oed0qlfss3wgl\gradle-9.0.0\lib\groovy-astbuilder-4.0.27.jar because:
  Build cache is disabled
Caching disabled for BuildToolsApiClasspathEntrySnapshotTransform: C:\Users\Sosuk\.gradle\wrapper\dists\gradle-9.0.0-bin\d6wjpkvcgsg3oed0qlfss3wgl\gradle-9.0.0\lib\groovy-dateutil-4.0.27.jar because:
  Build cache is disabled
Caching disabled for BuildToolsApiClasspathEntrySnapshotTransform: C:\Users\Sosuk\.gradle\wrapper\dists\gradle-9.0.0-bin\d6wjpkvcgsg3oed0qlfss3wgl\gradle-9.0.0\lib\groovy-datetime-4.0.27.jar because:
  Build cache is disabled
Caching disabled for BuildToolsApiClasspathEntrySnapshotTransform: C:\Users\Sosuk\.gradle\wrapper\dists\gradle-9.0.0-bin\d6wjpkvcgsg3oed0qlfss3wgl\gradle-9.0.0\lib\groovy-groovydoc-4.0.27.jar because:
  Build cache is disabled
Caching disabled for BuildToolsApiClasspathEntrySnapshotTransform: C:\Users\Sosuk\.gradle\wrapper\dists\gradle-9.0.0-bin\d6wjpkvcgsg3oed0qlfss3wgl\gradle-9.0.0\lib\groovy-nio-4.0.27.jar because:
  Build cache is disabled
Caching disabled for BuildToolsApiClasspathEntrySnapshotTransform: C:\Users\Sosuk\.gradle\wrapper\dists\gradle-9.0.0-bin\d6wjpkvcgsg3oed0qlfss3wgl\gradle-9.0.0\lib\groovy-json-4.0.27.jar because:
  Build cache is disabled
Caching disabled for BuildToolsApiClasspathEntrySnapshotTransform: C:\Users\Sosuk\.gradle\wrapper\dists\gradle-9.0.0-bin\d6wjpkvcgsg3oed0qlfss3wgl\gradle-9.0.0\lib\groovy-templates-4.0.27.jar because:
  Build cache is disabled
Caching disabled for BuildToolsApiClasspathEntrySnapshotTransform: C:\Users\Sosuk\.gradle\wrapper\dists\gradle-9.0.0-bin\d6wjpkvcgsg3oed0qlfss3wgl\gradle-9.0.0\lib\groovy-xml-4.0.27.jar because:
  Build cache is disabled
Caching disabled for BuildToolsApiClasspathEntrySnapshotTransform: C:\Users\Sosuk\.gradle\wrapper\dists\gradle-9.0.0-bin\d6wjpkvcgsg3oed0qlfss3wgl\gradle-9.0.0\lib\javaparser-core-3.26.4.jar because:
  Build cache is disabled
Caching disabled for BuildToolsApiClasspathEntrySnapshotTransform: C:\Users\Sosuk\.gradle\wrapper\dists\gradle-9.0.0-bin\d6wjpkvcgsg3oed0qlfss3wgl\gradle-9.0.0\lib\kotlin-stdlib-2.2.0.jar because:
  Build cache is disabled
Caching disabled for BuildToolsApiClasspathEntrySnapshotTransform: C:\Users\Sosuk\.gradle\wrapper\dists\gradle-9.0.0-bin\d6wjpkvcgsg3oed0qlfss3wgl\gradle-9.0.0\lib\gradle-installation-beacon-9.0.0.jar because:
  Build cache is disabled
Caching disabled for BuildToolsApiClasspathEntrySnapshotTransform: C:\Users\Sosuk\.gradle\wrapper\dists\gradle-9.0.0-bin\d6wjpkvcgsg3oed0qlfss3wgl\gradle-9.0.0\lib\kotlin-reflect-2.2.0.jar because:
  Build cache is disabled
Caching disabled for BuildToolsApiClasspathEntrySnapshotTransform: C:\Users\Sosuk\.gradle\caches\modules-2\files-2.1\com.squareup\javapoet\1.13.0\d6562d385049f35eb50403fa86bb11cce76b866a\javapoet-1.13.0.jar because:
  Build cache is disabled
Caching disabled for BuildToolsApiClasspathEntrySnapshotTransform: D:\MyProjectsUAI\weejobs\node_modules\@react-native\gradle-plugin\shared\build\libs\shared.jar because:
  Build cache is disabled
Caching disabled for task ':gradle-plugin:settings-plugin:compileKotlin' because:
  Build cache is disabled
Task ':gradle-plugin:settings-plugin:compileKotlin' is not up-to-date because:
  Class path of task ':gradle-plugin:settings-plugin:compileKotlin' has changed from 938f7c6531972e6521e0cb08cfc6c365 to acf3d34036d8b50d3f617086b1f605e6.
The input changes require a full rebuild for incremental task ':gradle-plugin:settings-plugin:compileKotlin'.
file or directory 'D:\MyProjectsUAI\weejobs\node_modules\@react-native\gradle-plugin\settings-plugin\src\main\java', not found
file or directory 'D:\MyProjectsUAI\weejobs\node_modules\@react-native\gradle-plugin\settings-plugin\src\main\java', not found
file or directory 'D:\MyProjectsUAI\weejobs\node_modules\@react-native\gradle-plugin\settings-plugin\src\main\java', not found
file or directory 'D:\MyProjectsUAI\weejobs\node_modules\@react-native\gradle-plugin\settings-plugin\src\main\java', not found
Kotlin source files: D:\MyProjectsUAI\weejobs\node_modules\@react-native\gradle-plugin\settings-plugin\src\main\kotlin\com\facebook\react\ReactSettingsExtension.kt, D:\MyProjectsUAI\weejobs\node_modules\@react-native\gradle-plugin\settings-plugin\src\main\kotlin\com\facebook\react\ReactSettingsPlugin.kt
Java source files: 
Script source files: 
Script file extensions: 
Using Kotlin/JVM incremental compilation
[KOTLIN] Kotlin compilation 'jdkHome' argument: C:\Program Files\Eclipse Adoptium\jdk-17.0.18.8-hotspot
Options for KOTLIN DAEMON: IncrementalCompilationOptions(super=CompilationOptions(compilerMode=INCREMENTAL_COMPILER, targetPlatform=JVM, reportCategories=[0, 3], reportSeverity=2, requestedCompilationResults=[0], kotlinScriptExtensions=[]), sourceChanges=org.jetbrains.kotlin.buildtools.api.SourcesChanges$Unknown@4d2d7dcb, classpathChanges=NotAvailableForNonIncrementalRun, workingDir=D:\MyProjectsUAI\weejobs\node_modules\@react-native\gradle-plugin\settings-plugin\build\kotlin\compileKotlin\cacheable, multiModuleICSettings=MultiModuleICSettings(buildHistoryFile=D:\MyProjectsUAI\weejobs\node_modules\@react-native\gradle-plugin\settings-plugin\build\kotlin\compileKotlin\local-state\build-history.bin, useModuleDetection=false), usePreciseJavaTracking=true, icFeatures=IncrementalCompilationFeatures(withAbiSnapshot=false, preciseCompilationResultsBackup=true, keepIncrementalCompilationCachesInMemory=true, enableUnsafeIncrementalCompilationForMultiplatform=false, enableMonotonousIncrementalCompileSetExpansion=true), outputFiles=[D:\MyProjectsUAI\weejobs\node_modules\@react-native\gradle-plugin\settings-plugin\build\classes\kotlin\main, D:\MyProjectsUAI\weejobs\node_modules\@react-native\gradle-plugin\settings-plugin\build\kotlin\compileKotlin\cacheable, D:\MyProjectsUAI\weejobs\node_modules\@react-native\gradle-plugin\settings-plugin\build\kotlin\compileKotlin\local-state])
Finished executing kotlin compiler using DAEMON strategy
Resolve mutations for :gradle-plugin:settings-plugin:compileJava (Thread[Execution worker Thread 17,5,main]) started.
:gradle-plugin:settings-plugin:compileJava (Thread[Execution worker Thread 17,5,main]) started.

> Task :gradle-plugin:settings-plugin:compileJava NO-SOURCE
Skipping task ':gradle-plugin:settings-plugin:compileJava' as it has no source files and no previous output files.
Resolve mutations for :gradle-plugin:settings-plugin:classes (Thread[Execution worker Thread 17,5,main]) started.
:gradle-plugin:settings-plugin:classes (Thread[Execution worker Thread 3,5,main]) started.

> Task :gradle-plugin:settings-plugin:classes UP-TO-DATE
Skipping task ':gradle-plugin:settings-plugin:classes' as it has no actions.
Resolve mutations for :gradle-plugin:settings-plugin:jar (Thread[Execution worker Thread 3,5,main]) started.
:gradle-plugin:settings-plugin:jar (Thread[Execution worker Thread 3,5,main]) started.

> Task :gradle-plugin:settings-plugin:jar UP-TO-DATE
Caching disabled for task ':gradle-plugin:settings-plugin:jar' because:
  Build cache is disabled
  Not worth caching
Skipping task ':gradle-plugin:settings-plugin:jar' as it is up-to-date.
Starting process 'command 'node''. Working directory: D:\MyProjectsUAI\weejobs\android Command: node --print require.resolve('expo-modules-autolinking/package.json', { paths: [require.resolve('expo/package.json')] })
Successfully started process 'command 'node''
Starting process 'command 'cmd''. Working directory: D:\MyProjectsUAI\weejobs Command: cmd /c node --no-warnings --eval require('expo/bin/autolinking') expo-modules-autolinking react-native-config --platform android --json
Successfully started process 'command 'cmd''
Starting process 'command 'cmd''. Working directory: D:\MyProjectsUAI\weejobs\android Command: cmd /c node --no-warnings --eval require('expo/bin/autolinking') expo-modules-autolinking resolve --platform android --json
Successfully started process 'command 'cmd''
Starting process 'command 'node''. Working directory: D:\MyProjectsUAI\weejobs\android Command: node --print require.resolve('react-native/package.json')
Successfully started process 'command 'node''
Starting process 'command 'node''. Working directory: D:\MyProjectsUAI\weejobs\android Command: node --print require.resolve('@react-native/gradle-plugin/package.json', { paths: [require.resolve('react-native/package.json')] })
Successfully started process 'command 'node''
Settings evaluated using settings file 'D:\MyProjectsUAI\weejobs\android\settings.gradle'.
Now considering [D:\MyProjectsUAI\weejobs\node_modules\expo-modules-core\expo-module-gradle-plugin, D:\MyProjectsUAI\weejobs\node_modules\expo-modules-autolinking\android\expo-gradle-plugin, D:\MyProjectsUAI\weejobs\node_modules\@react-native\gradle-plugin, D:\MyProjectsUAI\weejobs\android] as hierarchies to watch
Projects loaded. Root project using build file 'D:\MyProjectsUAI\weejobs\android\build.gradle'.
Included projects: [root project 'WeeJobs', project ':app', project ':expo', project ':expo-constants', project ':expo-log-box', project ':expo-modules-core', project ':react-native-async-storage_async-storage', project ':react-native-worklets']
Registering project ':expo-gradle-plugin' in composite build. Will substitute for module ':expo-gradle-plugin'.
Registering project ':expo-gradle-plugin:expo-autolinking-plugin' in composite build. Will substitute for module 'expo.modules:expo-autolinking-plugin'.
Registering project ':expo-gradle-plugin:expo-autolinking-plugin-shared' in composite build. Will substitute for module 'expo.modules:expo-autolinking-plugin-shared'.
Registering project ':expo-gradle-plugin:expo-autolinking-settings-plugin' in composite build. Will substitute for module 'expo.modules:expo-autolinking-settings-plugin'.
Registering project ':expo-gradle-plugin:expo-max-sdk-override-plugin' in composite build. Will substitute for module 'expo.modules:expo-max-sdk-override-plugin'.

> Configure project :expo-module-gradle-plugin
Evaluating project ':expo-module-gradle-plugin' using build file 'D:\MyProjectsUAI\weejobs\node_modules\expo-modules-core\expo-module-gradle-plugin\build.gradle.kts'.
Resolved plugin [id: 'org.jetbrains.kotlin.jvm', version: '2.1.20']
Resolved plugin [id: 'java-gradle-plugin']
Build 3f609e9b-216e-4534-b897-f8c9aa4f7014 is started
Using Kotlin Gradle Plugin gradle85 variant
kotlin scripting plugin: created the scripting discovery configuration: kotlinScriptDef
kotlin scripting plugin: created the scripting discovery configuration: testKotlinScriptDef
Registering project ':expo-module-gradle-plugin' in composite build. Will substitute for module 'expo.modules:expo-module-gradle-plugin'.
Registering project ':gradle-plugin' in composite build. Will substitute for module ':gradle-plugin-root'.
Registering project ':gradle-plugin:react-native-gradle-plugin' in composite build. Will substitute for module 'com.facebook.react:react-native-gradle-plugin'.
Registering project ':gradle-plugin:settings-plugin' in composite build. Will substitute for module 'com.facebook.react:settings-plugin'.
Registering project ':gradle-plugin:shared' in composite build. Will substitute for module 'com.facebook.react:shared'.
Registering project ':gradle-plugin:shared-testutil' in composite build. Will substitute for module 'com.facebook.react:shared-testutil'.
Resolve mutations for :expo-gradle-plugin:expo-max-sdk-override-plugin:checkKotlinGradlePluginConfigurationErrors (Thread[Execution worker Thread 16,5,main]) started.
destroyer locations for task group 0 (Thread[Execution worker Thread 15,5,main]) started.
Resolve mutations for :expo-module-gradle-plugin:checkKotlinGradlePluginConfigurationErrors (Thread[Execution worker Thread 15,5,main]) started.

> Task :expo-gradle-plugin:expo-autolinking-plugin:checkKotlinGradlePluginConfigurationErrors SKIPPED
Skipping task ':expo-gradle-plugin:expo-autolinking-plugin:checkKotlinGradlePluginConfigurationErrors' as task onlyIf 'errorDiagnostics are present' is false.
:expo-module-gradle-plugin:checkKotlinGradlePluginConfigurationErrors (Thread[Execution worker Thread 15,5,main]) started.
:expo-gradle-plugin:expo-max-sdk-override-plugin:checkKotlinGradlePluginConfigurationErrors (Thread[Execution worker Thread 16,5,main]) started.

> Task :gradle-plugin:react-native-gradle-plugin:checkKotlinGradlePluginConfigurationErrors SKIPPED
Skipping task ':gradle-plugin:react-native-gradle-plugin:checkKotlinGradlePluginConfigurationErrors' as task onlyIf 'errorDiagnostics are present' is false.

> Task :expo-gradle-plugin:expo-max-sdk-override-plugin:checkKotlinGradlePluginConfigurationErrors SKIPPED
Skipping task ':expo-gradle-plugin:expo-max-sdk-override-plugin:checkKotlinGradlePluginConfigurationErrors' as task onlyIf 'errorDiagnostics are present' is false.

> Task :expo-module-gradle-plugin:checkKotlinGradlePluginConfigurationErrors SKIPPED
Skipping task ':expo-module-gradle-plugin:checkKotlinGradlePluginConfigurationErrors' as task onlyIf 'errorDiagnostics are present' is false.
Resolve mutations for :expo-module-gradle-plugin:pluginDescriptors (Thread[Execution worker Thread 15,5,main]) started.
:expo-module-gradle-plugin:pluginDescriptors (Thread[Execution worker Thread 15,5,main]) started.
Resolve mutations for :expo-gradle-plugin:expo-max-sdk-override-plugin:compileKotlin (Thread[Execution worker Thread 16,5,main]) started.
:expo-gradle-plugin:expo-max-sdk-override-plugin:compileKotlin (Thread[Execution worker Thread 16,5,main]) started.

> Task :expo-module-gradle-plugin:pluginDescriptors UP-TO-DATE
Caching disabled for task ':expo-module-gradle-plugin:pluginDescriptors' because:
  Build cache is disabled
  Not worth caching
Skipping task ':expo-module-gradle-plugin:pluginDescriptors' as it is up-to-date.
Resolve mutations for :expo-module-gradle-plugin:processResources (Thread[Execution worker Thread 15,5,main]) started.
:expo-module-gradle-plugin:processResources (Thread[Execution worker Thread 15,5,main]) started.

> Task :expo-module-gradle-plugin:processResources UP-TO-DATE
Caching disabled for task ':expo-module-gradle-plugin:processResources' because:
  Build cache is disabled
  Not worth caching
Skipping task ':expo-module-gradle-plugin:processResources' as it is up-to-date.

> Task :expo-gradle-plugin:expo-max-sdk-override-plugin:compileKotlin UP-TO-DATE
Caching disabled for task ':expo-gradle-plugin:expo-max-sdk-override-plugin:compileKotlin' because:
  Build cache is disabled
Skipping task ':expo-gradle-plugin:expo-max-sdk-override-plugin:compileKotlin' as it is up-to-date.
Resolve mutations for :expo-gradle-plugin:expo-max-sdk-override-plugin:compileJava (Thread[Execution worker Thread 16,5,main]) started.
:expo-gradle-plugin:expo-max-sdk-override-plugin:compileJava (Thread[Execution worker Thread 16,5,main]) started.

> Task :expo-gradle-plugin:expo-max-sdk-override-plugin:compileJava NO-SOURCE
Skipping task ':expo-gradle-plugin:expo-max-sdk-override-plugin:compileJava' as it has no source files and no previous output files.
Resolve mutations for :expo-gradle-plugin:expo-max-sdk-override-plugin:pluginDescriptors (Thread[Execution worker Thread 16,5,main]) started.
:expo-gradle-plugin:expo-max-sdk-override-plugin:pluginDescriptors (Thread[Execution worker Thread 16,5,main]) started.

> Task :expo-gradle-plugin:expo-autolinking-plugin:compileKotlin UP-TO-DATE
Caching disabled for task ':expo-gradle-plugin:expo-autolinking-plugin:compileKotlin' because:
  Build cache is disabled
Skipping task ':expo-gradle-plugin:expo-autolinking-plugin:compileKotlin' as it is up-to-date.

> Task :expo-gradle-plugin:expo-max-sdk-override-plugin:pluginDescriptors UP-TO-DATE
Caching disabled for task ':expo-gradle-plugin:expo-max-sdk-override-plugin:pluginDescriptors' because:
  Build cache is disabled
  Not worth caching
Skipping task ':expo-gradle-plugin:expo-max-sdk-override-plugin:pluginDescriptors' as it is up-to-date.
Resolve mutations for :expo-gradle-plugin:expo-max-sdk-override-plugin:processResources (Thread[Execution worker Thread 16,5,main]) started.

> Task :expo-gradle-plugin:expo-autolinking-plugin:compileJava NO-SOURCE
Skipping task ':expo-gradle-plugin:expo-autolinking-plugin:compileJava' as it has no source files and no previous output files.
:expo-gradle-plugin:expo-max-sdk-override-plugin:processResources (Thread[Execution worker Thread 16,5,main]) started.

> Task :expo-gradle-plugin:expo-max-sdk-override-plugin:processResources UP-TO-DATE
Caching disabled for task ':expo-gradle-plugin:expo-max-sdk-override-plugin:processResources' because:
  Build cache is disabled
  Not worth caching
Skipping task ':expo-gradle-plugin:expo-max-sdk-override-plugin:processResources' as it is up-to-date.
Resolve mutations for :expo-gradle-plugin:expo-max-sdk-override-plugin:classes (Thread[Execution worker Thread 16,5,main]) started.
:expo-gradle-plugin:expo-max-sdk-override-plugin:classes (Thread[Execution worker Thread 16,5,main]) started.

> Task :expo-gradle-plugin:expo-max-sdk-override-plugin:classes UP-TO-DATE
Skipping task ':expo-gradle-plugin:expo-max-sdk-override-plugin:classes' as it has no actions.

> Task :expo-gradle-plugin:expo-autolinking-plugin:pluginDescriptors UP-TO-DATE
Caching disabled for task ':expo-gradle-plugin:expo-autolinking-plugin:pluginDescriptors' because:
  Build cache is disabled
  Not worth caching
Skipping task ':expo-gradle-plugin:expo-autolinking-plugin:pluginDescriptors' as it is up-to-date.
Resolve mutations for :expo-gradle-plugin:expo-max-sdk-override-plugin:jar (Thread[Execution worker Thread 16,5,main]) started.
:expo-gradle-plugin:expo-max-sdk-override-plugin:jar (Thread[Execution worker Thread 16,5,main]) started.

> Task :expo-gradle-plugin:expo-autolinking-plugin:processResources UP-TO-DATE
Caching disabled for task ':expo-gradle-plugin:expo-autolinking-plugin:processResources' because:
  Build cache is disabled
  Not worth caching
Skipping task ':expo-gradle-plugin:expo-autolinking-plugin:processResources' as it is up-to-date.

> Task :expo-gradle-plugin:expo-autolinking-plugin:classes UP-TO-DATE
Skipping task ':expo-gradle-plugin:expo-autolinking-plugin:classes' as it has no actions.

> Task :expo-gradle-plugin:expo-max-sdk-override-plugin:jar UP-TO-DATE
Caching disabled for task ':expo-gradle-plugin:expo-max-sdk-override-plugin:jar' because:
  Build cache is disabled
  Not worth caching
Skipping task ':expo-gradle-plugin:expo-max-sdk-override-plugin:jar' as it is up-to-date.

> Task :expo-gradle-plugin:expo-autolinking-plugin:jar UP-TO-DATE
Caching disabled for task ':expo-gradle-plugin:expo-autolinking-plugin:jar' because:
  Build cache is disabled
  Not worth caching
Skipping task ':expo-gradle-plugin:expo-autolinking-plugin:jar' as it is up-to-date.

> Configure project :
Evaluating root project 'WeeJobs' using build file 'D:\MyProjectsUAI\weejobs\android\build.gradle'.
Found project 'project :expo-gradle-plugin:expo-autolinking-plugin' as substitute for module 'expo.modules:expo-autolinking-plugin'.
Found project 'project :expo-gradle-plugin:expo-max-sdk-override-plugin' as substitute for module 'expo.modules:expo-max-sdk-override-plugin'.
Found project 'project :expo-module-gradle-plugin' as substitute for module 'expo.modules:expo-module-gradle-plugin'.
Found project 'project :gradle-plugin:react-native-gradle-plugin' as substitute for module 'com.facebook.react:react-native-gradle-plugin'.
Found project 'project :expo-gradle-plugin:expo-autolinking-plugin-shared' as substitute for module 'expo.modules:expo-autolinking-plugin-shared'.
Found project 'project :gradle-plugin:react-native-gradle-plugin' as substitute for module 'com.facebook.react:react-native-gradle-plugin'.
Found project 'project :expo-gradle-plugin:expo-autolinking-plugin-shared' as substitute for module 'expo.modules:expo-autolinking-plugin-shared'.
Ignoring listeners of task graph ready event, as this build (:expo-gradle-plugin) has already executed work.
Ignoring listeners of task graph ready event, as this build (:gradle-plugin) has already executed work.
Resolve mutations for :expo-gradle-plugin:expo-autolinking-plugin:checkKotlinGradlePluginConfigurationErrors (Thread[included builds Thread 2,5,main]) started.
Resolve mutations for :gradle-plugin:react-native-gradle-plugin:checkKotlinGradlePluginConfigurationErrors (Thread[included builds Thread 3,5,main]) started.
:expo-gradle-plugin:expo-autolinking-plugin:checkKotlinGradlePluginConfigurationErrors (Thread[included builds Thread 2,5,main]) started.
work action resolve expo-autolinking-plugin-shared-1.0.jar (project :expo-gradle-plugin:expo-autolinking-plugin-shared) (Thread[included builds,5,main]) started.
:gradle-plugin:react-native-gradle-plugin:checkKotlinGradlePluginConfigurationErrors (Thread[included builds Thread 3,5,main]) started.
Resolve mutations for :gradle-plugin:react-native-gradle-plugin:compileKotlin (Thread[included builds Thread 3,5,main]) started.
:gradle-plugin:react-native-gradle-plugin:compileKotlin (Thread[included builds Thread 3,5,main]) started.
Resolve mutations for :expo-gradle-plugin:expo-autolinking-plugin:compileKotlin (Thread[included builds Thread 2,5,main]) started.
:expo-gradle-plugin:expo-autolinking-plugin:compileKotlin (Thread[included builds Thread 2,5,main]) started.
Resolve mutations for :expo-gradle-plugin:expo-autolinking-plugin:compileJava (Thread[included builds Thread 2,5,main]) started.
:expo-gradle-plugin:expo-autolinking-plugin:compileJava (Thread[included builds Thread 2,5,main]) started.
Resolve mutations for :expo-gradle-plugin:expo-autolinking-plugin:pluginDescriptors (Thread[included builds Thread 2,5,main]) started.
:expo-gradle-plugin:expo-autolinking-plugin:pluginDescriptors (Thread[included builds Thread 2,5,main]) started.
Resolve mutations for :expo-gradle-plugin:expo-autolinking-plugin:processResources (Thread[included builds Thread 2,5,main]) started.
:expo-gradle-plugin:expo-autolinking-plugin:processResources (Thread[included builds Thread 2,5,main]) started.
Resolve mutations for :expo-gradle-plugin:expo-autolinking-plugin:classes (Thread[included builds Thread 2,5,main]) started.
:expo-gradle-plugin:expo-autolinking-plugin:classes (Thread[included builds Thread 2,5,main]) started.
Resolve mutations for :expo-gradle-plugin:expo-autolinking-plugin:jar (Thread[included builds Thread 2,5,main]) started.
:expo-gradle-plugin:expo-autolinking-plugin:jar (Thread[included builds Thread 2,5,main]) started.

Resolve mutations for :gradle-plugin:react-native-gradle-plugin:pluginDescriptors (Thread[Execution worker Thread 9,5,main]) started.
:gradle-plugin:react-native-gradle-plugin:pluginDescriptors (Thread[Execution worker Thread 18,5,main]) started.

> Task :gradle-plugin:react-native-gradle-plugin:pluginDescriptors UP-TO-DATE
Caching disabled for task ':gradle-plugin:react-native-gradle-plugin:pluginDescriptors' because:
  Build cache is disabled
  Not worth caching
Skipping task ':gradle-plugin:react-native-gradle-plugin:pluginDescriptors' as it is up-to-date.
Resolve mutations for :gradle-plugin:react-native-gradle-plugin:processResources (Thread[Execution worker Thread 18,5,main]) started.
:gradle-plugin:react-native-gradle-plugin:processResources (Thread[Execution worker Thread 18,5,main]) started.

> Task :gradle-plugin:react-native-gradle-plugin:processResources UP-TO-DATE
Caching disabled for task ':gradle-plugin:react-native-gradle-plugin:processResources' because:
  Build cache is disabled
  Not worth caching
Skipping task ':gradle-plugin:react-native-gradle-plugin:processResources' as it is up-to-date.

> Task :gradle-plugin:react-native-gradle-plugin:compileKotlin
Caching disabled for BuildToolsApiClasspathEntrySnapshotTransform: C:\Users\Sosuk\.gradle\caches\modules-2\files-2.1\org.jetbrains.kotlin\fus-statistics-gradle-plugin\2.1.20\d9276c17544f4c4eeaab2ac3e0a325e0d8e202ea\fus-statistics-gradle-plugin-2.1.20-gradle85.jar because:
  Build cache is disabled
Caching disabled for BuildToolsApiClasspathEntrySnapshotTransform: C:\Users\Sosuk\.gradle\caches\modules-2\files-2.1\org.jetbrains.kotlin\kotlin-gradle-plugin-api\2.1.20\e9e45fb71c59d76e30ed774235e76c710b61ae64\kotlin-gradle-plugin-api-2.1.20-gradle85.jar because:
  Build cache is disabled
Caching disabled for BuildToolsApiClasspathEntrySnapshotTransform: C:\Users\Sosuk\.gradle\caches\modules-2\files-2.1\org.jetbrains.kotlin\kotlin-gradle-plugin-model\2.1.20\fa71fac34c72b1d65385f2141e6eb9a87d8f443f\kotlin-gradle-plugin-model-2.1.20.jar because:
  Build cache is disabled
Caching disabled for BuildToolsApiClasspathEntrySnapshotTransform: C:\Users\Sosuk\.gradle\caches\modules-2\files-2.1\org.jetbrains.kotlin\kotlin-gradle-plugin-api\2.1.20\e9e45fb71c59d76e30ed774235e76c710b61ae64\kotlin-gradle-plugin-api-2.1.20.jar because:
  Build cache is disabled
Caching disabled for BuildToolsApiClasspathEntrySnapshotTransform: C:\Users\Sosuk\.gradle\caches\modules-2\files-2.1\org.jetbrains.kotlin\kotlin-gradle-plugin\2.1.20\f2928b44391e91d349790c08ce4152888e4abeaf\kotlin-gradle-plugin-2.1.20-gradle85.jar because:
  Build cache is disabled
Caching disabled for BuildToolsApiClasspathEntrySnapshotTransform: C:\Users\Sosuk\.gradle\caches\modules-2\files-2.1\com.android.tools.build\gradle\8.12.0\735c3adb072a74e5822924151f2c5bfbb090b18c\gradle-8.12.0.jar because:
  Build cache is disabled
Caching disabled for BuildToolsApiClasspathEntrySnapshotTransform: C:\Users\Sosuk\.gradle\caches\modules-2\files-2.1\com.android.tools.build\builder-model\8.12.0\6c79ace77224deab4141fd8ac4d1ffe947ce2b65\builder-model-8.12.0.jar because:
  Build cache is disabled
Caching disabled for BuildToolsApiClasspathEntrySnapshotTransform: C:\Users\Sosuk\.gradle\caches\modules-2\files-2.1\com.android.tools.build\builder\8.12.0\e9309f368b4153b13bfcfe4da1036141f4db8cd\builder-8.12.0.jar because:
  Build cache is disabled
Caching disabled for BuildToolsApiClasspathEntrySnapshotTransform: C:\Users\Sosuk\.gradle\caches\modules-2\files-2.1\org.jetbrains.kotlin\kotlin-gradle-plugin-annotations\2.1.20\61dd4d2a6f587fa89dbcbb7dbd5acc1a1148fd7f\kotlin-gradle-plugin-annotations-2.1.20.jar because:
  Build cache is disabled
Caching disabled for BuildToolsApiClasspathEntrySnapshotTransform: C:\Users\Sosuk\.gradle\caches\modules-2\files-2.1\org.jetbrains.kotlin\kotlin-native-utils\2.1.20\e09c9c87435b5bc1c168565b30d0235fddb5b26b\kotlin-native-utils-2.1.20.jar because:
  Build cache is disabled
Caching disabled for BuildToolsApiClasspathEntrySnapshotTransform: C:\Users\Sosuk\.gradle\caches\modules-2\files-2.1\org.jetbrains.kotlin\kotlin-tooling-core\2.1.20\f97205e762c89f284965a6044c122a3ca5c34128\kotlin-tooling-core-2.1.20.jar because:
  Build cache is disabled
Caching disabled for BuildToolsApiClasspathEntrySnapshotTransform: C:\Users\Sosuk\.gradle\caches\modules-2\files-2.1\org.jetbrains.kotlin\kotlin-build-tools-api\2.1.20\2b93b2f25cb547decd609bfa1b07c5897c1dc483\kotlin-build-tools-api-2.1.20.jar because:
  Build cache is disabled
Caching disabled for BuildToolsApiClasspathEntrySnapshotTransform: C:\Users\Sosuk\.gradle\caches\modules-2\files-2.1\com.android.tools.build\manifest-merger\31.12.0\cd6b3a9db88c5f84a888b634ab174baff4b6fb90\manifest-merger-31.12.0.jar because:
  Build cache is disabled
Caching disabled for BuildToolsApiClasspathEntrySnapshotTransform: C:\Users\Sosuk\.gradle\caches\modules-2\files-2.1\com.android.tools.build\gradle-api\8.12.0\b667b6e6e48340810e694fa1208faf1eb8005873\gradle-api-8.12.0.jar because:
  Build cache is disabled
Caching disabled for BuildToolsApiClasspathEntrySnapshotTransform: C:\Users\Sosuk\.gradle\caches\modules-2\files-2.1\com.android\zipflinger\8.12.0\3a3b1786c331db72b9610eb1f68f0ec1ec9a1f\zipflinger-8.12.0.jar because:
  Build cache is disabled
Caching disabled for BuildToolsApiClasspathEntrySnapshotTransform: C:\Users\Sosuk\.gradle\caches\modules-2\files-2.1\com.android.tools.build\apksig\8.12.0\f005788487574c7d6ba23dea63bf8cb3a4f164a6\apksig-8.12.0.jar because:
  Build cache is disabled
Caching disabled for BuildToolsApiClasspathEntrySnapshotTransform: C:\Users\Sosuk\.gradle\caches\modules-2\files-2.1\com.squareup\javawriter\2.5.0\81241ff7078ef14f42ea2a8995fa09c096256e6b\javawriter-2.5.0.jar because:
  Build cache is disabled
Caching disabled for BuildToolsApiClasspathEntrySnapshotTransform: C:\Users\Sosuk\.gradle\caches\modules-2\files-2.1\com.android.tools.build\apkzlib\8.12.0\ea2327cd7a67c0fc9a4d26f035b922dff11c7219\apkzlib-8.12.0.jar because:
  Build cache is disabled
Caching disabled for BuildToolsApiClasspathEntrySnapshotTransform: C:\Users\Sosuk\.gradle\caches\modules-2\files-2.1\org.jetbrains.kotlin\kotlin-util-io\2.1.20\9777b81bdf2a888edfe856654426217e0ac33cf2\kotlin-util-io-2.1.20.jar because:
  Build cache is disabled
Caching disabled for BuildToolsApiClasspathEntrySnapshotTransform: C:\Users\Sosuk\.gradle\caches\modules-2\files-2.1\org.ow2.asm\asm\9.7.1\f0ed132a49244b042cd0e15702ab9f2ce3cc8436\asm-9.7.1.jar because:
  Build cache is disabled
Caching disabled for task ':gradle-plugin:react-native-gradle-plugin:compileKotlin' because:
  Build cache is disabled
Task ':gradle-plugin:react-native-gradle-plugin:compileKotlin' is not up-to-date because:
  Class path of task ':gradle-plugin:react-native-gradle-plugin:compileKotlin' has changed from 938f7c6531972e6521e0cb08cfc6c365 to acf3d34036d8b50d3f617086b1f605e6.
The input changes require a full rebuild for incremental task ':gradle-plugin:react-native-gradle-plugin:compileKotlin'.
file or directory 'D:\MyProjectsUAI\weejobs\node_modules\@react-native\gradle-plugin\react-native-gradle-plugin\src\main\java', not found
file or directory 'D:\MyProjectsUAI\weejobs\node_modules\@react-native\gradle-plugin\react-native-gradle-plugin\src\main\java', not found
file or directory 'D:\MyProjectsUAI\weejobs\node_modules\@react-native\gradle-plugin\react-native-gradle-plugin\src\main\java', not found
file or directory 'D:\MyProjectsUAI\weejobs\node_modules\@react-native\gradle-plugin\react-native-gradle-plugin\src\main\java', not found
Kotlin source files: D:\MyProjectsUAI\weejobs\node_modules\@react-native\gradle-plugin\react-native-gradle-plugin\src\main\kotlin\com\facebook\react\internal\PrivateReactExtension.kt, D:\MyProjectsUAI\weejobs\node_modules\@react-native\gradle-plugin\react-native-gradle-plugin\src\main\kotlin\com\facebook\react\ReactExtension.kt, D:\MyProjectsUAI\weejobs\node_modules\@react-native\gradle-plugin\react-native-gradle-plugin\src\main\kotlin\com\facebook\react\ReactPlugin.kt, D:\MyProjectsUAI\weejobs\node_modules\@react-native\gradle-plugin\react-native-gradle-plugin\src\main\kotlin\com\facebook\react\ReactRootProjectPlugin.kt, D:\MyProjectsUAI\weejobs\node_modules\@react-native\gradle-plugin\react-native-gradle-plugin\src\main\kotlin\com\facebook\react\TaskConfiguration.kt, D:\MyProjectsUAI\weejobs\node_modules\@react-native\gradle-plugin\react-native-gradle-plugin\src\main\kotlin\com\facebook\react\tasks\BundleHermesCTask.kt, D:\MyProjectsUAI\weejobs\node_modules\@react-native\gradle-plugin\react-native-gradle-plugin\src\main\kotlin\com\facebook\react\tasks\GenerateAutolinkingNewArchitecturesFileTask.kt, D:\MyProjectsUAI\weejobs\node_modules\@react-native\gradle-plugin\react-native-gradle-plugin\src\main\kotlin\com\facebook\react\tasks\GenerateCodegenArtifactsTask.kt, D:\MyProjectsUAI\weejobs\node_modules\@react-native\gradle-plugin\react-native-gradle-plugin\src\main\kotlin\com\facebook\react\tasks\GenerateCodegenSchemaTask.kt, D:\MyProjectsUAI\weejobs\node_modules\@react-native\gradle-plugin\react-native-gradle-plugin\src\main\kotlin\com\facebook\react\tasks\GenerateEntryPointTask.kt, D:\MyProjectsUAI\weejobs\node_modules\@react-native\gradle-plugin\react-native-gradle-plugin\src\main\kotlin\com\facebook\react\tasks\GeneratePackageListTask.kt, D:\MyProjectsUAI\weejobs\node_modules\@react-native\gradle-plugin\react-native-gradle-plugin\src\main\kotlin\com\facebook\react\tasks\internal\BuildCodegenCLITask.kt, D:\MyProjectsUAI\weejobs\node_modules\@react-native\gradle-plugin\react-native-gradle-plugin\src\main\kotlin\com\facebook\react\tasks\internal\CustomExecTask.kt, D:\MyProjectsUAI\weejobs\node_modules\@react-native\gradle-plugin\react-native-gradle-plugin\src\main\kotlin\com\facebook\react\tasks\internal\PrepareBoostTask.kt, D:\MyProjectsUAI\weejobs\node_modules\@react-native\gradle-plugin\react-native-gradle-plugin\src\main\kotlin\com\facebook\react\tasks\internal\PrepareGflagsTask.kt, D:\MyProjectsUAI\weejobs\node_modules\@react-native\gradle-plugin\react-native-gradle-plugin\src\main\kotlin\com\facebook\react\tasks\internal\PrepareGlogTask.kt, D:\MyProjectsUAI\weejobs\node_modules\@react-native\gradle-plugin\react-native-gradle-plugin\src\main\kotlin\com\facebook\react\tasks\internal\PreparePrefabHeadersTask.kt, D:\MyProjectsUAI\weejobs\node_modules\@react-native\gradle-plugin\react-native-gradle-plugin\src\main\kotlin\com\facebook\react\tasks\internal\utils\PrefabPreprocessingEntry.kt, D:\MyProjectsUAI\weejobs\node_modules\@react-native\gradle-plugin\react-native-gradle-plugin\src\main\kotlin\com\facebook\react\utils\AgpConfiguratorUtils.kt, D:\MyProjectsUAI\weejobs\node_modules\@react-native\gradle-plugin\react-native-gradle-plugin\src\main\kotlin\com\facebook\react\utils\BackwardCompatUtils.kt, D:\MyProjectsUAI\weejobs\node_modules\@react-native\gradle-plugin\react-native-gradle-plugin\src\main\kotlin\com\facebook\react\utils\DependencyUtils.kt, D:\MyProjectsUAI\weejobs\node_modules\@react-native\gradle-plugin\react-native-gradle-plugin\src\main\kotlin\com\facebook\react\utils\FileUtils.kt, D:\MyProjectsUAI\weejobs\node_modules\@react-native\gradle-plugin\react-native-gradle-plugin\src\main\kotlin\com\facebook\react\utils\JdkConfiguratorUtils.kt, D:\MyProjectsUAI\weejobs\node_modules\@react-native\gradle-plugin\react-native-gradle-plugin\src\main\kotlin\com\facebook\react\utils\NdkConfiguratorUtils.kt, D:\MyProjectsUAI\weejobs\node_modules\@react-native\gradle-plugin\react-native-gradle-plugin\src\main\kotlin\com\facebook\react\utils\PathUtils.kt, D:\MyProjectsUAI\weejobs\node_modules\@react-native\gradle-plugin\react-native-gradle-plugin\src\main\kotlin\com\facebook\react\utils\ProjectUtils.kt, D:\MyProjectsUAI\weejobs\node_modules\@react-native\gradle-plugin\react-native-gradle-plugin\src\main\kotlin\com\facebook\react\utils\PropertyUtils.kt
Java source files: 
Script source files: 
Script file extensions: 
Using Kotlin/JVM incremental compilation
[KOTLIN] Kotlin compilation 'jdkHome' argument: C:\Program Files\Eclipse Adoptium\jdk-17.0.18.8-hotspot
Options for KOTLIN DAEMON: IncrementalCompilationOptions(super=CompilationOptions(compilerMode=INCREMENTAL_COMPILER, targetPlatform=JVM, reportCategories=[0, 3], reportSeverity=2, requestedCompilationResults=[0], kotlinScriptExtensions=[]), sourceChanges=org.jetbrains.kotlin.buildtools.api.SourcesChanges$Unknown@4d2d7dcb, classpathChanges=NotAvailableForNonIncrementalRun, workingDir=D:\MyProjectsUAI\weejobs\node_modules\@react-native\gradle-plugin\react-native-gradle-plugin\build\kotlin\compileKotlin\cacheable, multiModuleICSettings=MultiModuleICSettings(buildHistoryFile=D:\MyProjectsUAI\weejobs\node_modules\@react-native\gradle-plugin\react-native-gradle-plugin\build\kotlin\compileKotlin\local-state\build-history.bin, useModuleDetection=false), usePreciseJavaTracking=true, icFeatures=IncrementalCompilationFeatures(withAbiSnapshot=false, preciseCompilationResultsBackup=true, keepIncrementalCompilationCachesInMemory=true, enableUnsafeIncrementalCompilationForMultiplatform=false, enableMonotonousIncrementalCompileSetExpansion=true), outputFiles=[D:\MyProjectsUAI\weejobs\node_modules\@react-native\gradle-plugin\react-native-gradle-plugin\build\classes\kotlin\main, D:\MyProjectsUAI\weejobs\node_modules\@react-native\gradle-plugin\react-native-gradle-plugin\build\kotlin\compileKotlin\cacheable, D:\MyProjectsUAI\weejobs\node_modules\@react-native\gradle-plugin\react-native-gradle-plugin\build\kotlin\compileKotlin\local-state])
